1                                                                              
 ******************************************************************************
 ******************************************************************************
 **                                                                          **
 **                                                                          **
 **              *......*                  Welcome to the Lund Monte Carlo!  **
 **         *:::!!:::::::::::*                                               **
 **      *::::::!!::::::::::::::*          PPP  Y   Y TTTTT H   H III   A    **
 **    *::::::::!!::::::::::::::::*        P  P  Y Y    T   H   H  I   A A   **
 **   *:::::::::!!:::::::::::::::::*       PPP    Y     T   HHHHH  I  AAAAA  **
 **   *:::::::::!!:::::::::::::::::*       P      Y     T   H   H  I  A   A  **
 **    *::::::::!!::::::::::::::::*!       P      Y     T   H   H III A   A  **
 **      *::::::!!::::::::::::::* !!                                         **
 **      !! *:::!!:::::::::::*    !!       This is PYTHIA version 6.428      **
 **      !!     !* -><- *         !!       Last date of change:  5 Sep 2013  **
 **      !!     !!                !!                                         **
 **      !!     !!                !!       Now is  0 Jan 2000 at  0:00:00    **
 **      !!                       !!                                         **
 **      !!        lh             !!       Disclaimer: this program comes    **
 **      !!                       !!       without any guarantees. Beware    **
 **      !!                 hh    !!       of errors and use common sense    **
 **      !!    ll                 !!       when interpreting results.        **
 **      !!                       !!                                         **
 **      !!                                Copyright T. Sjostrand (2011)     **
 **                                                                          **
 ** An archive of program versions and documentation is found on the web:    **
 ** http://www.thep.lu.se/~torbjorn/Pythia.html                              **
 **                                                                          **
 ** When you cite this program, the official reference is to the 6.4 manual: **
 ** T. Sjostrand, S. Mrenna and P. Skands, JHEP05 (2006) 026                 **
 ** (LU TP 06-13, FERMILAB-PUB-06-052-CD-T) [hep-ph/0603175].                **
 **                                                                          **
 ** Also remember that the program, to a large extent, represents original   **
 ** physics research. Other publications of special relevance to your        **
 ** studies may therefore deserve separate mention.                          **
 **                                                                          **
 ** Main author: Torbjorn Sjostrand; Department of Theoretical Physics,      **
 **   Lund University, Solvegatan 14A, S-223 62 Lund, Sweden;                **
 **   phone: + 46 - 46 - 222 48 16; e-mail: torbjorn@thep.lu.se              **
 ** Author: Stephen Mrenna; Computing Division, GDS Group,                   **
 **   Fermi National Accelerator Laboratory, MS 234, Batavia, IL 60510, USA; **
 **   phone: + 1 - 630 - 840 - 2556; e-mail: mrenna@fnal.gov                 **
 ** Author: Peter Skands; CERN/PH-TH, CH-1211 Geneva, Switzerland            **
 **   phone: + 41 - 22 - 767 24 47; e-mail: peter.skands@cern.ch             **
 **                                                                          **
 **                                                                          **
 ******************************************************************************
 ******************************************************************************
     MSEL           changed from              1 to              2
     MSTP(14)       changed from             30 to             30
     MSTP(15)       changed from              0 to              0
     MSTP(16)       changed from              1 to              1
     MSTP(17)       changed from              4 to              4
     MSTP(18)       changed from              3 to              3
     MSTP(19)       changed from              4 to              1
     MSTP(20)       changed from              3 to              0
     MSTP(32)       changed from              8 to              8
     MSTP(38)       changed from              5 to              4
     MSTP(51)       changed from              7 to          10050
     MSTP(52)       changed from              1 to              2
     MSTP(53)       changed from              3 to              3
     MSTP(54)       changed from              1 to              1
     MSTP(55)       changed from              5 to              5
     MSTP(56)       changed from              1 to              1
     MSTP(57)       changed from              1 to              1
     MSTP(58)       changed from              5 to              5
     MSTP(59)       changed from              1 to              1
     MSTP(60)       changed from              7 to              7
     MSTP(61)       changed from              2 to              2
     MSTP(71)       changed from              1 to              1
     MSTP(81)       changed from              1 to              0
     MSTP(82)       changed from              4 to              1
     MSTP(91)       changed from              1 to              1
     MSTP(92)       changed from              3 to              3
     MSTP(93)       changed from              1 to              1
     MSTP(101)      changed from              3 to              3
     MSTP(102)      changed from              1 to              1
     MSTP(111)      changed from              1 to              1
     MSTP(121)      changed from              0 to              0
     PARP(13)       changed from        1.00000 to        1.00000
     PARP(18)       changed from        0.40000 to        0.40000
     PARP(81)       changed from        1.90000 to        1.90000
     PARP(89)       changed from     1800.00000 to     1800.00000
     PARP(90)       changed from        0.25000 to        0.16000
     PARP(91)       changed from        2.00000 to        0.40000
     PARP(93)       changed from        5.00000 to        5.00000
     PARP(99)       changed from        1.00000 to        0.40000
     PARP(100)      changed from        5.00000 to        5.00000
     PARP(102)      changed from        0.28000 to        0.28000
     PARP(103)      changed from        1.00000 to        1.00000
     PARP(104)      changed from        0.80000 to        0.80000
     PARP(111)      changed from        2.00000 to        2.00000
     PARP(161)      changed from        2.20000 to        3.00000
     PARP(162)      changed from       23.60000 to       24.60000
     PARP(163)      changed from       18.40000 to       18.80000
     PARP(164)      changed from       11.50000 to       11.50000
     PARP(165)      changed from        0.50000 to        0.47679
     PARP(166)      changed from        0.00000 to        0.67597
     PARJ(1)        changed from        0.10000 to        0.10000
     PARJ(2)        changed from        0.30000 to        0.30000
     PARJ(11)       changed from        0.50000 to        0.50000
     PARJ(12)       changed from        0.60000 to        0.60000
     PARJ(21)       changed from        0.36000 to        0.40000
     PARJ(32)       changed from        1.00000 to        1.00000
     PARJ(33)       changed from        0.80000 to        0.80000
     PARJ(41)       changed from        0.30000 to        0.30000
     PARJ(42)       changed from        0.58000 to        0.58000
     PARJ(45)       changed from        0.50000 to        0.50000
     MSTJ(1)        changed from              1 to              1
     MSTJ(12)       changed from              2 to              1
     MSTJ(45)       changed from              5 to              5
     MSTU(112)      changed from              5 to              5
     MSTU(113)      changed from              3 to              5
     MSTU(114)      changed from              5 to              5
     CKIN(1)        changed from        2.00000 to        1.00000
     CKIN(2)        changed from       -1.00000 to       -1.00000
     CKIN(3)        changed from        0.00000 to        0.00000
     CKIN(4)        changed from       -1.00000 to       -1.00000
     CKIN(5)        changed from        1.00000 to        1.00000
     CKIN(6)        changed from        1.00000 to        1.00000
     CKIN(7)        changed from      -10.00000 to      -10.00000
     CKIN(8)        changed from       10.00000 to       10.00000
     CKIN(9)        changed from      -40.00000 to      -40.00000
     CKIN(10)       changed from       40.00000 to       40.00000
     CKIN(11)       changed from      -40.00000 to      -40.00000
     CKIN(12)       changed from       40.00000 to       40.00000
     CKIN(13)       changed from      -40.00000 to      -40.00000
     CKIN(14)       changed from       40.00000 to       40.00000
     CKIN(15)       changed from      -40.00000 to      -40.00000
     CKIN(16)       changed from       40.00000 to       40.00000
     CKIN(17)       changed from       -1.00000 to       -1.00000
     CKIN(18)       changed from        1.00000 to        1.00000
     CKIN(19)       changed from       -1.00000 to       -1.00000
     CKIN(20)       changed from        1.00000 to        1.00000
     CKIN(21)       changed from        0.00000 to        0.00000
     CKIN(22)       changed from        1.00000 to        1.00000
     CKIN(23)       changed from        0.00000 to        0.00000
     CKIN(24)       changed from        1.00000 to        1.00000
     CKIN(25)       changed from       -1.00000 to       -1.00000
     CKIN(26)       changed from        1.00000 to        1.00000
     CKIN(27)       changed from       -1.00000 to       -1.00000
     CKIN(28)       changed from        1.00000 to        1.00000
     CKIN(31)       changed from        2.00000 to        2.00000
     CKIN(32)       changed from       -1.00000 to       -1.00000
     CKIN(35)       changed from        0.00000 to        0.00000
     CKIN(36)       changed from       -1.00000 to       -1.00000
     CKIN(37)       changed from        0.00000 to        0.00000
     CKIN(38)       changed from       -1.00000 to       -1.00000
     CKIN(39)       changed from        4.00000 to        4.00000
     CKIN(40)       changed from       -1.00000 to       -1.00000
     CKIN(65)       changed from        0.00000 to        0.00000
     CKIN(66)       changed from       -1.00000 to       -1.00000
     CKIN(67)       changed from        0.00000 to        0.00000
     CKIN(68)       changed from       -1.00000 to       -1.00000
     CKIN(77)       changed from        2.00000 to        2.00000
     CKIN(78)       changed from       -1.00000 to       -1.00000
 *********************************************
 NOW all parameters are read by PYTHIA
 *********************************************
 SEED =   1229069338
 RANLUX LUXURY LEVEL SET BY RLUXGO : 4     P= 389
 RANLUX INITIALIZED BY RLUXGO FROM SEEDS  1229069338           0           0
   2131.6295731337395        10.000000000000000       -2131.6295731337395       -10.0000000    
 *********************************************
 proton beam momentum:   100.000000     GeV
 lepton beam momentum:   10.0000000     GeV
 resulting sqrt(s):   63.253208566863535      GeV
 *********************************************
1****************** PYINIT: initialization of PYTHIA routines *****************

 ==============================================================================
 I                                                                            I
 I      PYTHIA will be initialized for gamma/e- on p+ user configuration      I
 I                                                                            I
 I                  px (GeV/c)   py (GeV/c)   pz (GeV/c)      E (GeV)         I
 I        gamma/e-       0.000        0.000      -10.000       10.000         I
 I        p+             0.000        0.000      100.000      100.004         I
 I                                                                            I
 I           corresponding to     63.253 GeV center-of-mass energy            I
 I                                                                            I
 ==============================================================================

 ******** PYMAXI: summary of differential cross-section maximum search ********

           ==========================================================
           I                                      I                 I
           I  ISUB  Subprocess name               I  Maximum value  I
           I                                      I                 I
           ==========================================================
           I                                      I                 I
           I   91   Elastic scattering            I    1.4751D-03   I
           I   92   Single diffractive (XB)       I    1.1492D-03   I
           I   93   Single diffractive (AX)       I    9.4260D-04   I
           I   94   Double  diffractive           I    8.5790D-04   I
           I   95   Low-pT scattering             I    6.9599D-03   I
           I   96   Semihard QCD 2 -> 2           I    6.1018D-02   I
           I                                      I                 I
           ==========================================================

 ******** PYMAXI: summary of differential cross-section maximum search ********

           ==========================================================
           I                                      I                 I
           I  ISUB  Subprocess name               I  Maximum value  I
           I                                      I                 I
           ==========================================================
           I                                      I                 I
           I  131   f + gamma*_T -> f + g         I    6.0357D-04   I
           I  132   f + gamma*_L -> f + g         I    3.3652D-05   I
           I  135   g + gamma*_T -> f + fbar      I    1.9943D-03   I
           I  136   g + gamma*_L -> f + fbar      I    3.1840D-04   I
           I                                      I                 I
           ==========================================================

 ******** PYMAXI: summary of differential cross-section maximum search ********

           ==========================================================
           I                                      I                 I
           I  ISUB  Subprocess name               I  Maximum value  I
           I                                      I                 I
           ==========================================================
           I                                      I                 I
           I   91   Elastic scattering            I    3.7019D-04   I
           I   92   Single diffractive (XB)       I    2.9453D-04   I
           I   93   Single diffractive (AX)       I    2.3488D-04   I
           I   94   Double  diffractive           I    2.1824D-04   I
           I   95   Low-pT scattering             I    1.8719D-03   I
           I   96   Semihard QCD 2 -> 2           I    3.8848D-02   I
           I                                      I                 I
           ==========================================================

 ******** PYMAXI: summary of differential cross-section maximum search ********

           ==========================================================
           I                                      I                 I
           I  ISUB  Subprocess name               I  Maximum value  I
           I                                      I                 I
           ==========================================================
           I                                      I                 I
           I   99   q + gamma* -> q               I    6.7619D-03   I
           I                                      I                 I
           ==========================================================

 ********************** PYINIT: initialization completed **********************
 the outputfile will be named: outfiles/ep_10_100_norad.out                                                                                                                                                                                                                                    



                            Event listing (standard)

    I  particle/jet  K(I,1)   K(I,2) K(I,3)     K(I,4)      K(I,5)       P(I,1)       P(I,2)       P(I,3)       P(I,4)       P(I,5)

    1  !e-!              21        11    0           3           4      0.00000      0.00000    -10.00000     10.00000      0.00051
    2  !p+!              21      2212    0           5           0     -0.00000      0.00000    100.00000    100.00440      0.93827
 ==================================================================================================================================
    3  !e-!              21        11    1           0           0      4.25570     -0.38430     -6.84078      8.06566      0.00051
    4  !gamma!           21        22    1           0           0     -4.25570      0.38430     -3.15922      1.93434     -4.94951
    5  !p+!              21      2212    2           0           0     -0.00000     -0.00000    100.00000    100.00440      0.93827
    6  !gamma!           21        22    4           0           0     -4.25937      0.38463     -3.15780      1.94017     -4.94951
    7  !u!               21         2    5           0           0      0.00009     -0.00001      2.40261      2.40261      0.00000
    8  !gamma!           21        22    6           0           0     -4.25937      0.38463     -3.15780      1.94017     -4.94951
    9  !u!               21         2    7           0           0      0.00009     -0.00001      2.40261      2.40261      0.00000
   10  !u!               21         2    9           0           0     -4.25928      0.38462     -0.75518      4.34278      0.00000
 ==================================================================================================================================
   11  e-                 1        11    3           0           0      4.25570     -0.38430     -6.84078      8.06566      0.00051
   12  (ud_0)        A   12      2101    5          17          17     -0.16121      0.21130     96.25098     96.25309      0.57933
   13  (g)           I   12        21   10          17          17      0.09749      0.17156      0.33679      0.39034      0.00000
   14  (g)           I   12        21   10          17          17     -0.56807     -1.14126      0.02687      1.27511      0.00000
   15  (g)           I   12        21   10          17          17     -0.90293     -0.04348     -0.39684      0.98725      0.00000
   16  (u)           V   11         2   10          17          17     -2.72097      1.18618      0.62297      3.03295      0.00000
 ==================================================================================================================================
   17  (string)          11        92   12          18          29     -4.25570      0.38430     96.84078    101.93874     31.54540
   18  p+                 1      2212   17           0           0      0.01431      0.40209     24.88136     24.90229      0.93827
   19  pi-                1      -211   17           0           0     -0.00839     -0.20047     24.88866     24.88986      0.13957
   20  (pi0)             11       111   17          30          31      0.14021      0.02630      6.77854      6.78139      0.13498
   21  (rho0)            11       113   17          32          33      0.05637      0.23526     27.79341     27.80826      0.87596
   22  (omega)           11       223   17          34          36     -0.68477     -0.29044      5.46054      5.56813      0.79584
   23  (K*bar0)          11      -313   17          37          38     -0.01973      0.01396      2.96261      3.09156      0.88325
   24  (K0)              11       311   17          39          39      0.15934      0.00364      1.30092      1.40196      0.49767
   25  (rho0)            11       113   17          40          41      0.03498     -0.54733      0.73876      1.17267      0.72704
   26  pi+                1       211   17           0           0     -0.74243      0.12156      1.61059      1.78311      0.13957
   27  (rho-)            11      -213   17          42          43     -0.36634     -0.29425      0.08044      0.96885      0.84345
   28  (eta)             11       221   17          44          45     -0.12708      0.22163      0.29525      0.67241      0.54745
   29  (rho+)            11       213   17          46          47     -2.71216      0.69235      0.04970      2.89825      0.74980
   30  gamma              1        22   20           0           0      0.04015      0.01637      4.87326      4.87345      0.00000
   31  gamma              1        22   20           0           0      0.10006      0.00993      1.90528      1.90794      0.00000
   32  pi-                1      -211   21           0           0     -0.26565     -0.19157     11.13240     11.13809      0.13957
   33  pi+                1       211   21           0           0      0.32203      0.42683     16.66101     16.67017      0.13957
   34  pi+                1       211   22           0           0     -0.45673      0.06673      2.04948      2.10544      0.13957
   35  pi-                1      -211   22           0           0     -0.22125     -0.37703      2.58887      2.62923      0.13957
   36  (pi0)             11       111   22          48          49     -0.00679      0.01986      0.82219      0.83346      0.13498
   37  (Kbar0)           11      -311   23          50          50      0.05465     -0.01196      0.95918      1.08205      0.49767
   38  (pi0)             11       111   23          51          52     -0.07438      0.02593      2.00342      2.00951      0.13498
   39  K_L0               1       130   24           0           0      0.15934      0.00364      1.30092      1.40196      0.49767
   40  pi-                1      -211   25           0           0     -0.23649     -0.32878      0.66352      0.78979      0.13957
   41  pi+                1       211   25           0           0      0.27146     -0.21855      0.07524      0.38288      0.13957
   42  pi-                1      -211   27           0           0     -0.57895     -0.12165     -0.09729      0.61557      0.13957
   43  (pi0)             11       111   27          53          54      0.21261     -0.17260      0.17773      0.35327      0.13498
   44  gamma              1        22   28           0           0     -0.13790     -0.13236     -0.02767      0.19314      0.00000
   45  gamma              1        22   28           0           0      0.01082      0.35399      0.32292      0.47927      0.00000
   46  pi+                1       211   29           0           0     -2.00660      0.18883      0.05317      2.02099      0.13957
   47  (pi0)             11       111   29          55          56     -0.70557      0.50352     -0.00347      0.87726      0.13498
   48  gamma              1        22   36           0           0      0.04048      0.02219      0.10484      0.11455      0.00000
   49  gamma              1        22   36           0           0     -0.04727     -0.00232      0.71735      0.71891      0.00000
   50  K_L0               1       130   37           0           0      0.05465     -0.01196      0.95918      1.08205      0.49767
   51  gamma              1        22   38           0           0     -0.01039     -0.00471      0.01107      0.01589      0.00000
   52  gamma              1        22   38           0           0     -0.06399      0.03064      1.99236      1.99362      0.00000
   53  gamma              1        22   43           0           0      0.15193     -0.11264      0.04324      0.19401      0.00000
   54  gamma              1        22   43           0           0      0.06069     -0.05996      0.13449      0.15927      0.00000
   55  gamma              1        22   47           0           0     -0.46839      0.25343     -0.00550      0.53259      0.00000
   56  gamma              1        22   47           0           0     -0.23717      0.25009      0.00203      0.34468      0.00000
 ==================================================================================================================================
                   sum charge:  0.00   sum momentum and inv. mass:      0.00000     -0.00000     90.00000    110.00440     63.25321



                            Event listing (standard)

    I  particle/jet  K(I,1)   K(I,2) K(I,3)     K(I,4)      K(I,5)       P(I,1)       P(I,2)       P(I,3)       P(I,4)       P(I,5)

    1  !e-!              21        11    0           3           4      0.00000      0.00000    -10.00000     10.00000      0.00051
    2  !p+!              21      2212    0           5           0     -0.00000      0.00000    100.00000    100.00440      0.93827
 ==================================================================================================================================
    3  !e-!              21        11    1           0           0      3.68963      1.32593     -8.27106      9.15324      0.00051
    4  !gamma!           21        22    1           0           0     -3.68963     -1.32593     -1.72894      0.84676     -4.20045
    5  !p+!              21      2212    2           0           0     -0.00000     -0.00000    100.00000    100.00440      0.93827
    6  !gamma!           21        22    4           0           0     -3.69594     -1.32820     -1.72020      0.85990     -4.20045
    7  !u!               21         2    5           0           0      0.00022      0.00008      3.41885      3.41885      0.00000
    8  !gamma!           21        22    6           0           0     -3.69594     -1.32820     -1.72020      0.85990     -4.20045
    9  !u!               21         2    7           0           0      0.00022      0.00008      3.41885      3.41885      0.00000
   10  !u!               21         2    9           0           0     -3.69572     -1.32812      1.69864      4.27875      0.00000
 ==================================================================================================================================
   11  e-                 1        11    3           0           0      3.68963      1.32593     -8.27106      9.15324      0.00051
   12  (ud_1)        A   12      2103    5          15          15      0.21884     -0.19318     93.80376     93.80739      0.77133
   13  (g)           I   12        21   10          15          15     -0.20774      0.96290      0.17341      1.00020      0.00000
   14  (u)           V   11         2   10          15          15     -3.70073     -2.09566      4.29389      6.04356      0.00000
 ==================================================================================================================================
   15  (string)          11        92   12          16          24     -3.68963     -1.32593     98.27106    100.85116     22.32451
   16  (Delta0)          11      2114   15          25          26      0.31026      0.07369     50.92904     50.94402      1.19343
   17  (rho0)            11       113   15          27          28      0.20611     -0.11628     30.15313     30.16423      0.78354
   18  (omega)           11       223   15          29          31     -0.00587     -0.07822      3.43819      3.52781      0.78625
   19  (pi0)             11       111   15          32          33     -0.44002     -0.07710      3.51969      3.55049      0.13498
   20  (K*bar0)          11      -313   15          34          35     -0.01976     -0.27156      3.68532      3.80363      0.90107
   21  (K*0)             11       313   15          36          37     -0.48413      0.45017      2.09018      2.37814      0.92176
   22  pi+                1       211   15           0           0     -0.32814      0.08481      2.04132      2.07396      0.13957
   23  (pi0)             11       111   15          38          39     -0.54950     -0.10732     -0.15785      0.59716      0.13498
   24  (omega)           11       223   15          40          42     -2.37860     -1.28412      2.57205      3.81171      0.77908
   25  n0                 1      2112   16           0           0      0.34488      0.19845     46.22865     46.23991      0.93957
   26  (pi0)             11       111   16          43          44     -0.03462     -0.12477      4.70039      4.70411      0.13498
   27  pi+                1       211   17           0           0      0.46776     -0.11694     21.97566     21.98139      0.13957
   28  pi-                1      -211   17           0           0     -0.26165      0.00066      8.17747      8.18284      0.13957
   29  pi+                1       211   18           0           0      0.22698     -0.04967      1.42501      1.45056      0.13957
   30  pi-                1      -211   18           0           0      0.00273     -0.00667      0.20153      0.24525      0.13957
   31  (pi0)             11       111   18          45          46     -0.23557     -0.02188      1.81164      1.83200      0.13498
   32  gamma              1        22   19           0           0     -0.43120     -0.07896      3.11412      3.14483      0.00000
   33  gamma              1        22   19           0           0     -0.00882      0.00185      0.40556      0.40566      0.00000
   34  K-                 1      -321   20           0           0     -0.04938     -0.46634      2.34899      2.44567      0.49360
   35  pi+                1       211   20           0           0      0.02962      0.19478      1.33632      1.35796      0.13957
   36  K+                 1       321   21           0           0     -0.34241      0.38692      0.80615      1.07726      0.49360
   37  pi-                1      -211   21           0           0     -0.14171      0.06325      1.28403      1.30088      0.13957
   38  gamma              1        22   23           0           0     -0.08246     -0.06579     -0.01226      0.10620      0.00000
   39  gamma              1        22   23           0           0     -0.46704     -0.04153     -0.14559      0.49096      0.00000
   40  pi+                1       211   24           0           0     -0.73614     -0.52709      0.90893      1.29049      0.13957
   41  pi-                1      -211   24           0           0     -0.77885     -0.47938      0.54001      1.07122      0.13957
   42  (pi0)             11       111   24          47          48     -0.86361     -0.27764      1.12311      1.45000      0.13498
   43  gamma              1        22   26           0           0     -0.07024     -0.06307      1.52392      1.52684      0.00000
   44  gamma              1        22   26           0           0      0.03562     -0.06170      3.17648      3.17728      0.00000
   45  gamma              1        22   31           0           0     -0.00734      0.03083      0.11567      0.11993      0.00000
   46  gamma              1        22   31           0           0     -0.22824     -0.05271      1.69597      1.71207      0.00000
   47  gamma              1        22   42           0           0     -0.63144     -0.19875      0.90881      1.12435      0.00000
   48  gamma              1        22   42           0           0     -0.23217     -0.07890      0.21430      0.32565      0.00000
 ==================================================================================================================================
                   sum charge:  0.00   sum momentum and inv. mass:      0.00000      0.00000     90.00000    110.00440     63.25321



                            Event listing (standard)

    I  particle/jet  K(I,1)   K(I,2) K(I,3)     K(I,4)      K(I,5)       P(I,1)       P(I,2)       P(I,3)       P(I,4)       P(I,5)

    1  !e-!              21        11    0           3           4      0.00000      0.00000    -10.00000     10.00000      0.00051
    2  !p+!              21      2212    0           5           0     -0.00000      0.00000    100.00000    100.00440      0.93827
 ==================================================================================================================================
    3  !e-!              21        11    1           0           0     -3.61646     -0.48826     -9.49489     10.17202      0.00051
    4  !gamma!           21        22    1           0           0      3.61646      0.48826     -0.50511     -0.17202     -3.68005
    5  !p+!              21      2212    2           0           0     -0.00000     -0.00000    100.00000    100.00440      0.93827
    6  !gamma!           21        22    4           0           0      3.66387      0.49466      0.01782      0.35530     -3.68005
    7  !u!               21         2    5           0           0     -0.00951     -0.00128     19.95939     19.95940      0.00000
    8  !gamma!           21        22    6           0           0      3.66387      0.49466      0.01782      0.35530     -3.68005
    9  !u!               21         2    7           0           0     -0.00951     -0.00128     19.95939     19.95940      0.00000
   10  !u!               21         2    9           0           0      3.65436      0.49338     19.97722     20.31470      0.00000
 ==================================================================================================================================
   11  e-                 1        11    3           0           0     -3.61646     -0.48826     -9.49489     10.17202      0.00051
   12  (u)           A   12         2   10          14          14      3.64931      1.11902     21.83695     22.16804      0.00000
   13  (ud_1)        V   11      2103    5          14          14     -0.03285     -0.63076     77.65794     77.66434      0.77133
 ==================================================================================================================================
   14  (string)          11        92   12          15          18      3.61646      0.48826     99.49489     99.83238      7.34533
   15  (eta')            11       331   14          19          21      2.54832      1.09057     18.19518     18.43002      0.95801
   16  (rho+)            11       213   14          22          23      0.45522      0.07870     11.98481     12.01175      0.65799
   17  pi-                1      -211   14           0           0      0.51762      0.30663      3.28093      3.33855      0.13957
   18  (Delta+)          11      2214   14          24          25      0.09531     -0.98765     66.03397     66.05206      1.18539
   19  pi+                1       211   15           0           0      0.29306      0.20534      3.14369      3.16706      0.13957
   20  pi-                1      -211   15           0           0      0.75628      0.21125      5.03304      5.09583      0.13957
   21  (eta)             11       221   15          26          28      1.49897      0.67399     10.01846     10.16712      0.54745
   22  pi+                1       211   16           0           0      0.06450      0.16400      8.26652      8.26958      0.13957
   23  (pi0)             11       111   16          29          30      0.39072     -0.08530      3.71829      3.74217      0.13498
   24  n0                 1      2112   18           0           0     -0.05808     -0.64669     51.09433     51.10710      0.93957
   25  pi+                1       211   18           0           0      0.15338     -0.34096     14.93963     14.94496      0.13957
   26  (pi0)             11       111   21          31          32      0.37426      0.22547      2.98048      3.01536      0.13498
   27  (pi0)             11       111   21          33          34      0.39198      0.29472      2.66657      2.71465      0.13498
   28  (pi0)             11       111   21          35          36      0.73274      0.15380      4.37140      4.43711      0.13498
   29  gamma              1        22   23           0           0      0.18498     -0.10575      2.08030      2.09119      0.00000
   30  gamma              1        22   23           0           0      0.20573      0.02045      1.63799      1.65098      0.00000
   31  gamma              1        22   26           0           0      0.16949      0.13282      1.87039      1.88274      0.00000
   32  gamma              1        22   26           0           0      0.20477      0.09265      1.11009      1.13262      0.00000
   33  gamma              1        22   27           0           0      0.03352      0.08736      0.42966      0.43973      0.00000
   34  gamma              1        22   27           0           0      0.35846      0.20736      2.23691      2.27492      0.00000
   35  gamma              1        22   28           0           0      0.00809     -0.01366      0.06222      0.06422      0.00000
   36  gamma              1        22   28           0           0      0.72465      0.16746      4.30918      4.37289      0.00000
 ==================================================================================================================================
                   sum charge:  0.00   sum momentum and inv. mass:     -0.00000     -0.00000     90.00000    110.00440     63.25321



                            Event listing (standard)

    I  particle/jet  K(I,1)   K(I,2) K(I,3)     K(I,4)      K(I,5)       P(I,1)       P(I,2)       P(I,3)       P(I,4)       P(I,5)

    1  !e-!              21        11    0           3           4      0.00000      0.00000    -10.00000     10.00000      0.00051
    2  !p+!              21      2212    0           5           0     -0.00000      0.00000    100.00000    100.00440      0.93827
 ==================================================================================================================================
    3  !e-!              21        11    1           0           0     -2.30818     -1.99639     -8.71367      9.23262      0.00051
    4  !gamma!           21        22    1           0           0      2.30818      1.99639     -1.28633      0.76738     -3.22165
    5  !p+!              21      2212    2           0           0     -0.00000     -0.00000    100.00000    100.00440      0.93827
    6  !gamma!           21        22    4           0           0      2.31313      2.00066     -1.27827      0.77984     -3.22165
    7  !u!               21         2    5           0           0     -0.00012     -0.00011      2.52126      2.52126      0.00000
    8  !gamma!           21        22    6           0           0      2.31313      2.00066     -1.27827      0.77984     -3.22165
    9  !u!               21         2    7           0           0     -0.00012     -0.00011      2.52126      2.52126      0.00000
   10  !u!               21         2    9           0           0      2.31300      2.00056      1.24299      3.30110      0.00000
 ==================================================================================================================================
   11  e-                 1        11    3           0           0     -2.30818     -1.99639     -8.71367      9.23262      0.00051
   12  (ud_0)        A   12      2101    5          17          17     -0.05407      0.40658     93.15866     93.16136      0.57933
   13  (s)           V   11         3   10          17          17     -0.75365      0.33130      0.86360      1.29366      0.50000
   14  (u)           A   12         2   10          22          22      1.87198      0.06448      3.30471      3.79863      0.00000
   15  (g)           I   12        21   10          22          22      0.96659      0.25706      0.58298      1.15769      0.00000
   16  (sbar)        V   11        -3   10          22          22      0.27733      0.93697      0.80373      1.36044      0.50000
 ==================================================================================================================================
   17  (string)          11        92   12          18          21     -0.80773      0.73788     94.02226     94.45502      8.96490
   18  p+                 1      2212   17           0           0     -0.12991      0.39510     76.64424     76.65111      0.93827
   19  (K*-)             11      -323   17          26          27     -0.12481      0.03695      9.29797      9.34016      0.87710
   20  (Lambdabar0)      11     -3122   17          28          29      0.04534     -0.01045      4.91520      5.04045      1.11568
   21  (Lambda0)         11      3122   17          30          31     -0.59834      0.31627      3.16484      3.42330      1.11568
   22  (string)          11        92   14          23          25      3.11591      1.25850      4.69142      6.31676      2.56892
   23  (pi0)             11       111   22          32          33      0.10376     -0.22547      0.10409      0.30109      0.13498
   24  pi+                1       211   22           0           0      2.03771      0.09712      3.06067      3.68088      0.13957
   25  (K0)              11       311   22          34          34      0.97444      1.38685      1.52666      2.33479      0.49767
   26  (Kbar0)           11      -311   19          35          35     -0.33088     -0.04911      5.37233      5.40569      0.49767
   27  pi-                1      -211   19           0           0      0.20607      0.08606      3.92564      3.93447      0.13957
   28  pbar-              1     -2212   20           0           0     -0.05652     -0.00675      4.29173      4.39346      0.93827
   29  pi+                1       211   20           0           0      0.10186     -0.00370      0.62348      0.64699      0.13957
   30  n0                 1      2112   21           0           0     -0.58391      0.24544      2.94430      3.15482      0.93957
   31  (pi0)             11       111   21          36          37     -0.01444      0.07083      0.22054      0.26848      0.13498
   32  gamma              1        22   23           0           0      0.10690     -0.13874      0.12073      0.21272      0.00000
   33  gamma              1        22   23           0           0     -0.00314     -0.08673     -0.01664      0.08837      0.00000
   34  K_L0               1       130   25           0           0      0.97444      1.38685      1.52666      2.33479      0.49767
   35  (K_S0)            11       310   26          38          39     -0.33088     -0.04911      5.37233      5.40569      0.49767
   36  gamma              1        22   31           0           0      0.05273      0.06305      0.09292      0.12406      0.00000
   37  gamma              1        22   31           0           0     -0.06717      0.00778      0.12762      0.14442      0.00000
   38  pi-                1      -211   35           0           0     -0.33378     -0.00993      4.85368      4.86716      0.13957
   39  pi+                1       211   35           0           0      0.00290     -0.03918      0.51865      0.53853      0.13957
 ==================================================================================================================================
                   sum charge:  0.00   sum momentum and inv. mass:     -0.00000     -0.00000     90.00000    110.00440     63.25321



                            Event listing (standard)

    I  particle/jet  K(I,1)   K(I,2) K(I,3)     K(I,4)      K(I,5)       P(I,1)       P(I,2)       P(I,3)       P(I,4)       P(I,5)

    1  !e-!              21        11    0           3           4      0.00000      0.00000    -10.00000     10.00000      0.00051
    2  !p+!              21      2212    0           5           0     -0.00000      0.00000    100.00000    100.00440      0.93827
 ==================================================================================================================================
    3  !e-!              21        11    1           0           0      2.20844     -1.71693     -7.45643      7.96388      0.00051
    4  !gamma!           21        22    1           0           0     -2.20844      1.71693     -2.54357      2.03612     -3.18575
    5  !p+!              21      2212    2           0           0     -0.00000     -0.00000    100.00000    100.00440      0.93827
    6  !g!               21        21    4           0           0      0.00000      0.00000      0.00000      0.00000      0.00000
    7  !g!               21        21    5           0           0      0.00000      0.00000      0.00000      0.00000      0.00000
    8  !g!               21        21    6           0           0      0.00000      0.00000      0.00000      0.00000      0.00000
    9  !g!               21        21    7           0           0      0.00000      0.00000      0.00000      0.00000      0.00000
   10  !g!               21        21    0           0           0      0.00000      0.00000      0.00000      0.00000      0.00000
   11  !g!               21        21    0           0           0      0.00000      0.00000      0.00000      0.00000      0.00000
 ==================================================================================================================================
   12  e-                 1        11    3           0           0      2.20844     -1.71693     -7.45643      7.96388      0.00051
   13  (ubar)        A   12        -2    4          17          17     -1.91051      1.58622     -1.04530      2.71435      0.33000
   14  (u)           V   11         2    5          17          17     -0.27739      0.09549      1.49855      1.56225      0.33000
   15  (u)           A   12         2    4          21          21     -0.26767      0.10718     -0.25189      0.50545      0.33000
   16  (ud_1)        V   11      2103    5          21          21      0.24713     -0.07197     97.25507     97.25847      0.77133
 ==================================================================================================================================
   17  (string)          11        92   13          18          20     -2.18790      1.68171      0.45325      4.27660      3.23555
   18  (rho-)            11      -213   17          30          31     -1.37994      0.54080     -0.22913      1.65302      0.69519
   19  (K*bar0)          11      -313   17          32          33      0.01250      0.79726      0.01572      1.18287      0.87359
   20  (K*+)             11       323   17          34          35     -0.82047      0.34365      0.66666      1.44071      0.91649
   21  (string)          11        92   15          22          29     -0.02053      0.03521     97.00318     97.76392     12.17232
   22  pi+                1       211   21           0           0      0.06388     -0.04348     -0.04037      0.16456      0.13957
   23  pi-                1      -211   21           0           0      0.22799      0.12928      0.31351      0.43181      0.13957
   24  (rho+)            11       213   21          36          37     -0.47346     -0.06538      1.30802      1.53692      0.65021
   25  (rho0)            11       113   21          38          39     -0.11231      0.10079      5.82682      5.87984      0.77326
   26  (pi0)             11       111   21          40          41      0.23145      0.32641      1.10465      1.18262      0.13498
   27  (rho0)            11       113   21          42          43      0.28507      0.13636     10.32917     10.36874      0.84803
   28  (rho-)            11      -213   21          44          45     -0.47761     -0.75433     38.99122     39.01090      0.85919
   29  (Delta+)          11      2214   21          46          47      0.23446      0.20557     39.17015     39.18852      1.15835
   30  pi-                1      -211   18           0           0     -0.37873      0.16267     -0.36213      0.56614      0.13957
   31  (pi0)             11       111   18          48          49     -1.00121      0.37813      0.13300      1.08689      0.13498
   32  (Kbar0)           11      -311   19          50          50      0.16997      0.70207     -0.16400      0.89239      0.49767
   33  (pi0)             11       111   19          51          52     -0.15747      0.09519      0.17972      0.29048      0.13498
   34  K+                 1       321   20           0           0     -0.79705      0.03350      0.49320      1.05986      0.49360
   35  (pi0)             11       111   20          53          54     -0.02342      0.31015      0.17346      0.38086      0.13498
   36  pi+                1       211   24           0           0      0.03571     -0.19658      0.25821      0.35507      0.13957
   37  (pi0)             11       111   24          55          56     -0.50917      0.13120      1.04981      1.18185      0.13498
   38  pi-                1      -211   25           0           0     -0.10655     -0.15663      0.59510      0.63993      0.13957
   39  pi+                1       211   25           0           0     -0.00576      0.25743      5.23172      5.23991      0.13957
   40  gamma              1        22   26           0           0      0.12615      0.20514      0.83228      0.86642      0.00000
   41  gamma              1        22   26           0           0      0.10530      0.12127      0.27237      0.31619      0.00000
   42  pi-                1      -211   27           0           0      0.49935     -0.01579      8.47362      8.48948      0.13957
   43  pi+                1       211   27           0           0     -0.21428      0.15214      1.85555      1.87926      0.13957
   44  pi-                1      -211   28           0           0     -0.46113     -0.80180     22.97346     22.99249      0.13957
   45  (pi0)             11       111   28          57          58     -0.01648      0.04747     16.01776     16.01841      0.13498
   46  n0                 1      2112   29           0           0      0.32049      0.17575     35.86416     35.87832      0.93957
   47  pi+                1       211   29           0           0     -0.08603      0.02983      3.30600      3.31020      0.13957
   48  gamma              1        22   31           0           0     -0.88987      0.34793      0.15904      0.96862      0.00000
   49  gamma              1        22   31           0           0     -0.11134      0.03020     -0.02604      0.11827      0.00000
   50  (K_S0)            11       310   32          59          60      0.16997      0.70207     -0.16400      0.89239      0.49767
   51  gamma              1        22   33           0           0     -0.18162      0.07726      0.16350      0.25630      0.00000
   52  gamma              1        22   33           0           0      0.02416      0.01793      0.01623      0.03418      0.00000
   53  gamma              1        22   35           0           0     -0.06554      0.10591      0.03115      0.12838      0.00000
   54  gamma              1        22   35           0           0      0.04212      0.20425      0.14231      0.25247      0.00000
   55  gamma              1        22   37           0           0     -0.45910      0.13857      1.00782      1.11610      0.00000
   56  gamma              1        22   37           0           0     -0.05007     -0.00737      0.04199      0.06576      0.00000
   57  gamma              1        22   45           0           0      0.00250      0.07915      5.37343      5.37402      0.00000
   58  gamma              1        22   45           0           0     -0.01898     -0.03168     10.64433     10.64439      0.00000
   59  (pi0)             11       111   50          61          62     -0.00574      0.12721     -0.20305      0.27507      0.13498
   60  (pi0)             11       111   50          63          64      0.17571      0.57486      0.03905      0.61732      0.13498
   61  gamma              1        22   59           0           0     -0.02719      0.00164      0.00814      0.02843      0.00000
   62  gamma              1        22   59           0           0      0.02145      0.12556     -0.21119      0.24664      0.00000
   63  gamma              1        22   60           0           0      0.13003      0.40713      0.08876      0.43651      0.00000
   64  gamma              1        22   60           0           0      0.04568      0.16773     -0.04971      0.18081      0.00000
 ==================================================================================================================================
                   sum charge:  0.00   sum momentum and inv. mass:      0.00000      0.00000     90.00000    110.00440     63.25321



                            Event listing (standard)

    I  particle/jet  K(I,1)   K(I,2) K(I,3)     K(I,4)      K(I,5)       P(I,1)       P(I,2)       P(I,3)       P(I,4)       P(I,5)

    1  !e-!              21        11    0           3           4      0.00000      0.00000    -10.00000     10.00000      0.00051
    2  !p+!              21      2212    0           5           0     -0.00000      0.00000    100.00000    100.00440      0.93827
 ==================================================================================================================================
    3  !e-!              21        11    1           0           0      2.60376      1.71034     -6.69669      7.38583      0.00051
    4  !gamma!           21        22    1           0           0     -2.60376     -1.71034     -3.30331      2.61417     -3.71252
    5  !p+!              21      2212    2           0           0     -0.00000     -0.00000    100.00000    100.00440      0.93827
    6  !gamma!           21        22    4           0           0     -2.60570     -1.71161     -3.30404      2.61785     -3.71252
    7  !cbar!            21        -4    5           0           0      0.00002      0.00001      1.16370      1.16370      0.00000
    8  !gamma!           21        22    6           0           0     -2.60570     -1.71161     -3.30404      2.61785     -3.71252
    9  !cbar!            21        -4    7           0           0      0.00002      0.00001      1.16370      1.16370      0.00000
   10  !cbar!            21        -4    9           0           0     -2.60567     -1.71160     -2.14033      3.78155      0.00000
 ==================================================================================================================================
   11  (Sigma_c++)       11      4222    5          16          17     -0.02839     -0.17147     95.66242     95.69402      2.45290
   12  e-                 1        11    3           0           0      2.60376      1.71034     -6.69669      7.38583      0.00051
   13  (d)           A   12         1    5          18          18      0.02610      0.34908      2.95812      2.99699      0.33000
   14  (g)           I   12        21   10          18          18     -1.28280     -1.49027     -1.54037      2.49784      0.00000
   15  (cbar)        V   11        -4   10          18          18     -1.31867     -0.39769     -0.38348      1.42972      0.00000
 ==================================================================================================================================
   16  (Lambda_c+)       11      4122   11          23          26     -0.02237     -0.24803     88.64646     88.67625      2.28490
   17  pi+                1       211   11           0           0     -0.00602      0.07657      7.01596      7.01777      0.13957
   18  (string)          11        92   13          19          22     -2.57537     -1.53887      1.03427      6.92455      6.15460
   19  n0                 1      2112   18           0           0     -0.27037      0.14605      1.03152      1.42873      0.93957
   20  nbar0              1     -2112   18           0           0     -0.07557     -0.71290      0.77447      1.41299      0.93957
   21  (rho-)            11      -213   18          27          28     -0.50590      0.49990     -0.68135      1.05429      0.37611
   22  (D*bar0)          11      -423   18          29          30     -1.72353     -1.47192     -0.09038      3.02855      2.00670
   23  pi+                1       211   16           0           0      0.04308     -0.15548     11.58627     11.58823      0.13957
   24  (pi0)             11       111   16          31          32     -0.05623      0.02361     13.70080     13.70160      0.13498
   25  n0                 1      2112   16           0           0     -0.29806     -0.54286     35.57306     35.59086      0.93957
   26  (Kbar0)           11      -311   16          33          33      0.28884      0.42671     27.78633     27.79556      0.49767
   27  pi-                1      -211   21           0           0     -0.06149      0.17405     -0.14220      0.27161      0.13957
   28  (pi0)             11       111   21          34          35     -0.44441      0.32585     -0.53915      0.78267      0.13498
   29  (Dbar0)           11      -421   22          36          37     -1.71524     -1.45251     -0.19023      2.92650      1.86450
   30  gamma              1        22   22           0           0     -0.00829     -0.01941      0.09985      0.10205      0.00000
   31  gamma              1        22   24           0           0     -0.01837      0.02547      0.66117      0.66192      0.00000
   32  gamma              1        22   24           0           0     -0.03786     -0.00187     13.03963     13.03968      0.00000
   33  K_L0               1       130   26           0           0      0.28884      0.42671     27.78633     27.79556      0.49767
   34  gamma              1        22   28           0           0     -0.40972      0.26701     -0.41687      0.64261      0.00000
   35  gamma              1        22   28           0           0     -0.03468      0.05884     -0.12228      0.14006      0.00000
   36  K+                 1       321   29           0           0      0.13039     -0.79280     -0.18813      0.96155      0.49360
   37  pi-                1      -211   29           0           0     -1.84562     -0.65971     -0.00210      1.96495      0.13957
 ==================================================================================================================================
                   sum charge:  0.00   sum momentum and inv. mass:     -0.00000     -0.00000     90.00000    110.00440     63.25321



                            Event listing (standard)

    I  particle/jet  K(I,1)   K(I,2) K(I,3)     K(I,4)      K(I,5)       P(I,1)       P(I,2)       P(I,3)       P(I,4)       P(I,5)

    1  !e-!              21        11    0           3           4      0.00000      0.00000    -10.00000     10.00000      0.00051
    2  !p+!              21      2212    0           5           0     -0.00000      0.00000    100.00000    100.00440      0.93827
 ==================================================================================================================================
    3  !e-!              21        11    1           0           0     -1.11683      6.10945     -6.33026      8.86820      0.00051
    4  !gamma!           21        22    1           0           0      1.11683     -6.10945     -3.66974      1.13180     -7.12451
    5  !p+!              21      2212    2           0           0     -0.00000      0.00000    100.00000    100.00440      0.93827
    6  !gamma!           21        22    4           0           0      1.11785     -6.11505     -3.66341      1.14253     -7.12451
    7  !dbar!            21        -1    5           0           0     -0.00005      0.00030      5.28043      5.28043      0.00000
    8  !gamma!           21        22    6           0           0      1.11785     -6.11505     -3.66341      1.14253     -7.12451
    9  !dbar!            21        -1    7           0           0     -0.00005      0.00030      5.28043      5.28043      0.00000
   10  !dbar!            21        -1    9           0           0      1.11780     -6.11475      1.61702      6.42296      0.00000
 ==================================================================================================================================
   11  (Delta0)          11      2114    5          16          17      0.27942     -0.50643     83.83032     83.84270      1.31969
   12  e-                 1        11    3           0           0     -1.11683      6.10945     -6.33026      8.86820      0.00051
   13  (u)           A   12         2    5          18          18     -0.45848      0.06174     11.02714     11.04177      0.33000
   14  (g)           I   12        21   10          18          18      0.62134     -0.42631     -0.04913      0.75513      0.00000
   15  (dbar)        V   11        -1   10          18          18      0.67455     -5.23845      1.52194      5.49660      0.00000
 ==================================================================================================================================
   16  n0                 1      2112   11           0           0      0.06600     -0.45229     77.59703     77.60407      0.93957
   17  (pi0)             11       111   11          25          26      0.21342     -0.05414      6.23329      6.23864      0.13498
   18  (string)          11        92   13          19          24      0.83741     -5.60302     12.49994     17.29350     10.52243
   19  (eta)             11       221   18          27          29     -0.20529      0.12157      3.31442      3.36779      0.54745
   20  (K*+)             11       323   18          30          31     -0.05718      0.29913      1.88916      2.10308      0.87251
   21  (K*-)             11      -323   18          32          33      0.40194     -0.92962      5.63158      5.79234      0.90045
   22  (omega)           11       223   18          34          36     -0.38336     -2.27541      0.57999      2.50476      0.78292
   23  pi+                1       211   18           0           0      0.81516     -0.52447      0.63923      1.16947      0.13957
   24  (pi0)             11       111   18          37          38      0.26614     -2.29422      0.44556      2.35606      0.13498
   25  gamma              1        22   17           0           0      0.13249      0.02606      4.18855      4.19073      0.00000
   26  gamma              1        22   17           0           0      0.08093     -0.08020      2.04474      2.04791      0.00000
   27  pi-                1      -211   19           0           0     -0.06276      0.09827      0.76538      0.78669      0.13957
   28  pi+                1       211   19           0           0      0.02257      0.10565      1.17106      1.18429      0.13957
   29  (pi0)             11       111   19          39          40     -0.16510     -0.08235      1.37799      1.39682      0.13498
   30  K+                 1       321   20           0           0      0.23634      0.19690      1.28205      1.40781      0.49360
   31  (pi0)             11       111   20          41          42     -0.29352      0.10223      0.60711      0.69527      0.13498
   32  (Kbar0)           11      -311   21          43          43      0.03779     -0.43306      3.74671      3.80454      0.49767
   33  pi-                1      -211   21           0           0      0.36414     -0.49656      1.88486      1.98780      0.13957
   34  pi+                1       211   22           0           0     -0.21696     -0.71740      0.35034      0.83902      0.13957
   35  pi-                1      -211   22           0           0      0.09961     -0.89000      0.22611      0.93415      0.13957
   36  (pi0)             11       111   22          44          45     -0.26600     -0.66800      0.00354      0.73159      0.13498
   37  gamma              1        22   24           0           0      0.20415     -1.97549      0.34200      2.01524      0.00000
   38  gamma              1        22   24           0           0      0.06199     -0.31873      0.10356      0.34082      0.00000
   39  gamma              1        22   29           0           0     -0.01783     -0.06486      0.67596      0.67930      0.00000
   40  gamma              1        22   29           0           0     -0.14727     -0.01748      0.70203      0.71752      0.00000
   41  gamma              1        22   31           0           0     -0.24338      0.13069      0.45125      0.52909      0.00000
   42  gamma              1        22   31           0           0     -0.05014     -0.02846      0.15586      0.16618      0.00000
   43  (K_S0)            11       310   32          46          47      0.03779     -0.43306      3.74671      3.80454      0.49767
   44  gamma              1        22   36           0           0     -0.26508     -0.54019      0.02369      0.60219      0.00000
   45  gamma              1        22   36           0           0     -0.00092     -0.12781     -0.02015      0.12939      0.00000
   46  pi+                1       211   43           0           0      0.07037     -0.39383      3.41346      3.43966      0.13957
   47  pi-                1      -211   43           0           0     -0.03257     -0.03923      0.33326      0.36488      0.13957
 ==================================================================================================================================
                   sum charge:  0.00   sum momentum and inv. mass:      0.00000     -0.00000     90.00000    110.00440     63.25321



                            Event listing (standard)

    I  particle/jet  K(I,1)   K(I,2) K(I,3)     K(I,4)      K(I,5)       P(I,1)       P(I,2)       P(I,3)       P(I,4)       P(I,5)

    1  !e-!              21        11    0           3           4      0.00000      0.00000    -10.00000     10.00000      0.00051
    2  !p+!              21      2212    0           5           0     -0.00000      0.00000    100.00000    100.00440      0.93827
 ==================================================================================================================================
    3  !e-!              21        11    1           0           0     -0.91642     -2.53703     -4.83789      5.53909      0.00051
    4  !gamma!           21        22    1           0           0      0.91642      2.53703     -5.16211      4.46091     -3.74487
    5  !p+!              21      2212    2           0           0     -0.00000      0.00000    100.00000    100.00440      0.93827
    6  !gamma!           21        22    4           0           0      0.91684      2.53819     -5.16381      4.46362     -3.74487
    7  !u!               21         2    5           0           0     -0.00000     -0.00001      0.72834      0.72834      0.00000
    8  !gamma!           21        22    6           0           0      0.91684      2.53819     -5.16381      4.46362     -3.74487
    9  !u!               21         2    7           0           0     -0.00000     -0.00001      0.72834      0.72834      0.00000
   10  !u!               21         2    9           0           0      0.91683      2.53819     -4.43547      5.19195      0.00000
 ==================================================================================================================================
   11  e-                 1        11    3           0           0     -0.91642     -2.53703     -4.83789      5.53909      0.00051
   12  (ud_0)        A   12      2101    5          17          17     -0.05664      0.17523     98.15356     98.15544      0.57933
   13  (g)           I   12        21   10          17          17      0.37349     -0.01912      0.43720      0.57533      0.00000
   14  (g)           I   12        21   10          17          17      0.21107     -0.20953      0.10428      0.31517      0.00000
   15  (g)           I   12        21   10          17          17      1.48161      1.07048     -1.26966      2.22556      0.00000
   16  (u)           V   11         2   10          17          17     -1.09312      1.51997     -2.58750      3.19380      0.00000
 ==================================================================================================================================
   17  (string)          11        92   12          18          25      0.91642      2.53703     94.83789    104.46531     43.72070
   18  (Lambda0)         11      3122   17          26          27      0.04253      0.30411     89.81715     89.82460      1.11568
   19  (K*+)             11       323   17          28          29      0.14364     -0.35339      7.81301      7.87329      0.89447
   20  pi-                1      -211   17           0           0      0.16711      0.28510      0.59937      0.69852      0.13957
   21  (rho0)            11       113   17          30          31      0.49785      0.44073     -0.02312      0.99530      0.74027
   22  (rho0)            11       113   17          32          33      0.36332     -0.09946     -0.67600      1.14190      0.83968
   23  pi+                1       211   17           0           0     -0.01449      0.69218     -0.19499      0.73268      0.13957
   24  pi-                1      -211   17           0           0      0.29960     -0.06227     -0.47487      0.58191      0.13957
   25  (rho+)            11       213   17          34          35     -0.58314      1.33004     -2.02266      2.61710      0.80558
   26  p+                 1      2212   18           0           0      0.01414      0.30434     83.61277     83.61859      0.93827
   27  pi-                1      -211   18           0           0      0.02839     -0.00023      6.20438      6.20601      0.13957
   28  K+                 1       321   19           0           0     -0.13653     -0.06207      3.28318      3.32346      0.49360
   29  (pi0)             11       111   19          36          37      0.28017     -0.29132      4.52983      4.54983      0.13498
   30  pi+                1       211   21           0           0      0.18605      0.42268     -0.28870      0.56223      0.13957
   31  pi-                1      -211   21           0           0      0.31180      0.01805      0.26558      0.43308      0.13957
   32  pi-                1      -211   22           0           0     -0.19216      0.08095     -0.41973      0.48901      0.13957
   33  pi+                1       211   22           0           0      0.55548     -0.18041     -0.25627      0.65289      0.13957
   34  pi+                1       211   25           0           0     -0.38139      1.35321     -1.78631      2.27750      0.13957
   35  (pi0)             11       111   25          38          39     -0.20176     -0.02316     -0.23635      0.33959      0.13498
   36  gamma              1        22   29           0           0      0.21838     -0.27809      3.42779      3.44597      0.00000
   37  gamma              1        22   29           0           0      0.06179     -0.01323      1.10205      1.10386      0.00000
   38  gamma              1        22   35           0           0     -0.18792     -0.01188     -0.12314      0.22499      0.00000
   39  gamma              1        22   35           0           0     -0.01384     -0.01128     -0.11320      0.11460      0.00000
 ==================================================================================================================================
                   sum charge:  0.00   sum momentum and inv. mass:     -0.00000     -0.00000     90.00000    110.00440     63.25321



                            Event listing (standard)

    I  particle/jet  K(I,1)   K(I,2) K(I,3)     K(I,4)      K(I,5)       P(I,1)       P(I,2)       P(I,3)       P(I,4)       P(I,5)

    1  !e-!              21        11    0           3           4      0.00000      0.00000    -10.00000     10.00000      0.00051
    2  !p+!              21      2212    0           5           0     -0.00000      0.00000    100.00000    100.00440      0.93827
 ==================================================================================================================================
    3  !e-!              21        11    1           0           0      0.29612      3.93574     -6.94323      7.98663      0.00051
    4  !gamma!           21        22    1           0           0     -0.29612     -3.93574     -3.05677      2.01337     -4.56814
    5  !p+!              21      2212    2           0           0     -0.00000     -0.00000    100.00000    100.00440      0.93827
    6  !gamma!           21        22    4           0           0     -0.29638     -3.93916     -3.05585      2.01869     -4.56814
    7  !ubar!            21        -2    5           0           0      0.00001      0.00007      2.05608      2.05608      0.00000
    8  !gamma!           21        22    6           0           0     -0.29638     -3.93916     -3.05585      2.01869     -4.56814
    9  !ubar!            21        -2    7           0           0      0.00001      0.00007      2.05608      2.05608      0.00000
   10  !ubar!            21        -2    9           0           0     -0.29637     -3.93909     -0.99977      4.07477      0.00000
 ==================================================================================================================================
   11  p+                 1      2212    5           0           0      0.28714     -0.24590     34.76114     34.77585      0.93827
   12  e-                 1        11    3           0           0      0.29612      3.93574     -6.94323      7.98663      0.00051
   13  (u)           A   12         2    5          17          17     -0.17034      0.06085     61.08887     61.09003      0.33000
   14  (g)           I   12        21   10          17          17     -0.34643      0.32469      1.55693      1.62772      0.00000
   15  (g)           I   12        21   10          17          17     -0.01711     -1.05543      0.72259      1.27921      0.00000
   16  (ubar)        V   11        -2   10          17          17     -0.04938     -3.01995     -1.18629      3.24497      0.00000
 ==================================================================================================================================
   17  (string)          11        92   13          18          26     -0.58327     -3.68984     62.18209     67.24192     25.31617
   18  pi+                1       211   17           0           0      0.08690      0.46234     23.70105     23.70613      0.13957
   19  pi-                1      -211   17           0           0      0.57632     -0.27766      7.31626      7.34550      0.13957
   20  (rho0)            11       113   17          27          28     -1.00043     -0.31954     27.57146     27.60056      0.70889
   21  (eta)             11       221   17          29          31      0.06205     -0.05890      1.29170      1.40553      0.54745
   22  (K*+)             11       323   17          32          33     -0.49997     -0.27075      2.05022      2.32945      0.94850
   23  (K*bar0)          11      -313   17          34          35      0.51551     -1.12057     -0.19943      1.50381      0.83682
   24  pi-                1      -211   17           0           0     -0.56848     -0.06156      0.39114      0.70671      0.13957
   25  pi+                1       211   17           0           0      0.63598     -0.44102     -0.45794      0.91003      0.13957
   26  pi-                1      -211   17           0           0     -0.39113     -1.60220      0.51763      1.73420      0.13957
   27  pi+                1       211   20           0           0     -0.28451     -0.11701     16.40141     16.40489      0.13957
   28  pi-                1      -211   20           0           0     -0.71592     -0.20253     11.17005     11.19567      0.13957
   29  pi-                1      -211   21           0           0     -0.06560     -0.13167      0.69859      0.72743      0.13957
   30  pi+                1       211   21           0           0      0.07892      0.08831      0.36132      0.40504      0.13957
   31  (pi0)             11       111   21          36          37      0.04873     -0.01554      0.23179      0.27306      0.13498
   32  (K0)              11       311   22          38          38     -0.16204     -0.45094      1.15591      1.34663      0.49767
   33  pi+                1       211   22           0           0     -0.33793      0.18019      0.89431      0.98283      0.13957
   34  K-                 1      -321   23           0           0      0.60925     -0.89321     -0.25511      1.21562      0.49360
   35  pi+                1       211   23           0           0     -0.09374     -0.22735      0.05568      0.28819      0.13957
   36  gamma              1        22   31           0           0      0.01252      0.05313      0.15302      0.16247      0.00000
   37  gamma              1        22   31           0           0      0.03621     -0.06867      0.07877      0.11059      0.00000
   38  K_L0               1       130   32           0           0     -0.16204     -0.45094      1.15591      1.34663      0.49767
 ==================================================================================================================================
                   sum charge:  0.00   sum momentum and inv. mass:      0.00000      0.00000     90.00000    110.00440     63.25321



                            Event listing (standard)

    I  particle/jet  K(I,1)   K(I,2) K(I,3)     K(I,4)      K(I,5)       P(I,1)       P(I,2)       P(I,3)       P(I,4)       P(I,5)

    1  !e-!              21        11    0           3           4      0.00000      0.00000    -10.00000     10.00000      0.00051
    2  !p+!              21      2212    0           5           0     -0.00000      0.00000    100.00000    100.00440      0.93827
 ==================================================================================================================================
    3  !e-!              21        11    1           0           0      1.71009      3.52233     -8.70479      9.54487      0.00051
    4  !gamma!           21        22    1           0           0     -1.71009     -3.52233     -1.29521      0.45513     -4.09898
    5  !p+!              21      2212    2           0           0     -0.00000     -0.00000    100.00000    100.00440      0.93827
    6  !gamma!           21        22    4           0           0     -1.71439     -3.53118     -1.27437      0.48038     -4.09898
    7  !u!               21         2    5           0           0      0.00021      0.00042      4.78643      4.78643      0.00000
    8  !gamma!           21        22    6           0           0     -1.71439     -3.53118     -1.27437      0.48038     -4.09898
    9  !u!               21         2    7           0           0      0.00021      0.00042      4.78643      4.78643      0.00000
   10  !u!               21         2    9           0           0     -1.71418     -3.53076      3.51206      5.26681      0.00000
 ==================================================================================================================================
   11  e-                 1        11    3           0           0      1.71009      3.52233     -8.70479      9.54487      0.00051
   12  (ud_0)        A   12      2101    5          16          16     -0.38013     -0.21892     93.65928     93.66210      0.57933
   13  (g)           I   12        21   10          16          16     -0.30714      0.41256      0.77997      0.93428      0.00000
   14  (g)           I   12        21   10          16          16     -1.23801     -2.71648      3.39011      4.51717      0.00000
   15  (u)           V   11         2   10          16          16      0.21519     -0.99949      0.87543      1.34598      0.00000
 ==================================================================================================================================
   16  (string)          11        92   12          17          22     -1.71009     -3.52233     98.70479    100.45953     18.27981
   17  n0                 1      2112   16           0           0     -0.33197      0.24533     55.70710     55.71655      0.93957
   18  nbar0              1     -2112   16           0           0      0.12633     -0.27834     27.32418     27.34204      0.93957
   19  p+                 1      2212   16           0           0     -0.65535      0.10122      8.40254      8.48073      0.93827
   20  pbar-              1     -2212   16           0           0     -0.21263     -0.19420      3.31547      3.45769      0.93827
   21  n0                 1      2112   16           0           0     -0.68825     -2.81449      3.74231      4.82522      0.93957
   22  pi+                1       211   16           0           0      0.05178     -0.58185      0.21319      0.63731      0.13957
 ==================================================================================================================================
                   sum charge:  0.00   sum momentum and inv. mass:     -0.00000     -0.00000     90.00000    110.00440     63.25321
1********* PYSTAT:  Statistics on Number of Events and Cross-sections *********

 ==============================================================================
 I                                  I                            I            I
 I            Subprocess            I      Number of points      I    Sigma   I
 I                                  I                            I            I
 I----------------------------------I----------------------------I    (mb)    I
 I                                  I                            I            I
 I N:o Type                         I    Generated         Tried I            I
 I                                  I                            I            I
 ==============================================================================
 I                                  I                            I            I
 I   0 All included subprocesses    I         1000        569308 I  4.248D-05 I
 I  11 f + f' -> f + f' (QCD)       I            3             0 I  4.601D-08 I
 I  12 f + fbar -> f' + fbar'       I            0             0 I  0.000D+00 I
 I  13 f + fbar -> g + g            I            1             0 I  1.534D-08 I
 I  28 f + g -> f + g               I           12             0 I  1.841D-07 I
 I  53 g + g -> f + fbar            I            0             0 I  0.000D+00 I
 I  68 g + g -> g + g               I            5             0 I  7.669D-08 I
 I  91 Elastic scattering           I           14         41520 I  5.766D-07 I
 I  92 Single diffractive (XB)      I            9         32297 I  2.506D-07 I
 I  93 Single diffractive (AX)      I            5         26419 I  1.956D-07 I
 I  94 Double  diffractive          I            1         28494 I  1.278D-07 I
 I  95 Low-pT scattering            I           36           961 I  2.035D-06 I
 I  99 q + gamma* -> q              I          906        150784 I  3.843D-05 I
 I 131 f + gamma*_T -> f + g        I            2         13324 I  2.413D-07 I
 I 132 f + gamma*_L -> f + g        I            2           744 I  2.021D-08 I
 I 135 g + gamma*_T -> f + fbar     I            2         43952 I  1.997D-07 I
 I 136 g + gamma*_L -> f + fbar     I            2          7041 I  7.747D-08 I
 I                                  I                            I            I
 ==============================================================================
 I                                  I                            I            I
 I   1 VMD * hadron                 I           26        280680 I  1.387D-06 I
 I   2 direct * hadron              I            8         65061 I  5.387D-07 I
 I   3 anomalous * hadron           I           60         72783 I  2.121D-06 I
 I   4 DIS * hadron                 I          906        150784 I  3.843D-05 I
 I                                  I                            I            I
 ==============================================================================

 ********* Total number of errors, excluding junctions =        0 *************
 ********* Total number of errors, including junctions =        0 *************
 ********* Total number of warnings =                           0 *************
 ********* Fraction of events that fail fragmentation cuts =  0.00200 *********

1************ PYSTAT: User-Defined Limits on Kinematical Variables ************

 ==============================================================================
 I                                                                            I
 I                 0.000D+00 <  m_hard (GeV/c^2)  <  2.198D+01                I
 I    0.000D+00 ( 1.000D+00) <  p_T_hard (GeV/c)  <  1.099D+01                I
 I                             m_finite (GeV/c^2) =  1.000D+00                I
 I                -1.000D+01 <    y*_subsystem    <  1.000D+01                I
 I                -4.000D+01 <      y*_large      <  4.000D+01                I
 I                -4.000D+01 <      y*_small      <  4.000D+01                I
 I                -4.000D+01 <     eta*_large     <  4.000D+01                I
 I                -4.000D+01 <     eta*_small     <  4.000D+01                I
 I                -1.000D+00 < cos(theta*)_large  <  1.000D+00                I
 I                -1.000D+00 < cos(theta*)_small  <  1.000D+00                I
 I                 0.000D+00 <        x_1         <  1.000D+00                I
 I                 0.000D+00 <        x_2         <  1.000D+00                I
 I                -1.000D+00 <        x_F         <  1.000D+00                I
 I                -1.000D+00 <  cos(theta_hard)   <  1.000D+00                I
 I                 2.000D+00 < m'_hard (GeV/c^2)  <  2.198D+01                I
 I                                                                            I
 ==============================================================================
 The charm mass used is:    1.5000000000000000     
 ===================================================
 Pythia total cross section normalisation:   4.2477203596487642E-002  microbarn
 Total Number of generated events        1000
 Total Number of trials        1000
 ===================================================
 ==== PYTHIA WILL USE LHAPDF ====
 *************************************
 *       LHAPDF Version 5.9.1        *
 *   Configured for the following:   *
 *             All PDFs              *
 *         FULL MEMORY option        *
 *    Maximum  3 concurrent set(s)   *
 *************************************

 >>>>>> PDF description: <<<<<<
 CTEQ6M                                                          
 Reference:                                                      
 J. Pumplin, D.R. Stump, J. Huston, H.L. Lai, P. Nadolsky,       
 W.K. Tung                                                       
 hep-ph/0201195                                                  
 This set has 41 member PDFs.                                    
     mem=0 --> central value (cteq6m)                            
     mem=1-40 --> 20 sets of +ve/-ve error values                
 >>>>>>                   <<<<<<

 ==============================================
 PDFset name /cvmfs/sft.cern.ch/lcg/external/lhapdfsets/5.9.1/share/PDFsets/cteq6mE.LHgrid   
 with         40 members
 ====  initialized. ===========================
 Strong coupling at Mz for PDF is:  0.11798

 ===== PDFSTA statistics for PDF under/over-flows ====

 ====== STRUCTM statistics for nucleon/pion PDFs =====

   total # of calls    75089.000000000000     
   X  below PDF min    0.0000000000000000       or    0.0000000000000000       %
   X  above PDF max    0.0000000000000000       or    0.0000000000000000       %
   Q2 below PDF min    0.0000000000000000       or    0.0000000000000000       %
   Q2 above PDF max    0.0000000000000000       or    0.0000000000000000       %

 ========= STRUCTP statistics for photon PDFs ========

   total # of calls    0.0000000000000000     

