1                                                                              
 ******************************************************************************
 ******************************************************************************
 **                                                                          **
 **                                                                          **
 **              *......*                  Welcome to the Lund Monte Carlo!  **
 **         *:::!!:::::::::::*                                               **
 **      *::::::!!::::::::::::::*          PPP  Y   Y TTTTT H   H III   A    **
 **    *::::::::!!::::::::::::::::*        P  P  Y Y    T   H   H  I   A A   **
 **   *:::::::::!!:::::::::::::::::*       PPP    Y     T   HHHHH  I  AAAAA  **
 **   *:::::::::!!:::::::::::::::::*       P      Y     T   H   H  I  A   A  **
 **    *::::::::!!::::::::::::::::*!       P      Y     T   H   H III A   A  **
 **      *::::::!!::::::::::::::* !!                                         **
 **      !! *:::!!:::::::::::*    !!       This is PYTHIA version 6.428      **
 **      !!     !* -><- *         !!       Last date of change:  5 Sep 2013  **
 **      !!     !!                !!                                         **
 **      !!     !!                !!       Now is  0 Jan 2000 at  0:00:00    **
 **      !!                       !!                                         **
 **      !!        lh             !!       Disclaimer: this program comes    **
 **      !!                       !!       without any guarantees. Beware    **
 **      !!                 hh    !!       of errors and use common sense    **
 **      !!    ll                 !!       when interpreting results.        **
 **      !!                       !!                                         **
 **      !!                                Copyright T. Sjostrand (2011)     **
 **                                                                          **
 ** An archive of program versions and documentation is found on the web:    **
 ** http://www.thep.lu.se/~torbjorn/Pythia.html                              **
 **                                                                          **
 ** When you cite this program, the official reference is to the 6.4 manual: **
 ** T. Sjostrand, S. Mrenna and P. Skands, JHEP05 (2006) 026                 **
 ** (LU TP 06-13, FERMILAB-PUB-06-052-CD-T) [hep-ph/0603175].                **
 **                                                                          **
 ** Also remember that the program, to a large extent, represents original   **
 ** physics research. Other publications of special relevance to your        **
 ** studies may therefore deserve separate mention.                          **
 **                                                                          **
 ** Main author: Torbjorn Sjostrand; Department of Theoretical Physics,      **
 **   Lund University, Solvegatan 14A, S-223 62 Lund, Sweden;                **
 **   phone: + 46 - 46 - 222 48 16; e-mail: torbjorn@thep.lu.se              **
 ** Author: Stephen Mrenna; Computing Division, GDS Group,                   **
 **   Fermi National Accelerator Laboratory, MS 234, Batavia, IL 60510, USA; **
 **   phone: + 1 - 630 - 840 - 2556; e-mail: mrenna@fnal.gov                 **
 ** Author: Peter Skands; CERN/PH-TH, CH-1211 Geneva, Switzerland            **
 **   phone: + 41 - 22 - 767 24 47; e-mail: peter.skands@cern.ch             **
 **                                                                          **
 **                                                                          **
 ******************************************************************************
 ******************************************************************************
     MSEL           changed from              1 to              2
     MSTP(14)       changed from             30 to             30
     MSTP(15)       changed from              0 to              0
     MSTP(16)       changed from              1 to              1
     MSTP(17)       changed from              4 to              4
     MSTP(18)       changed from              3 to              3
     MSTP(19)       changed from              4 to              1
     MSTP(20)       changed from              3 to              0
     MSTP(32)       changed from              8 to              8
     MSTP(38)       changed from              5 to              4
     MSTP(51)       changed from              7 to          10050
     MSTP(52)       changed from              1 to              2
     MSTP(53)       changed from              3 to              3
     MSTP(54)       changed from              1 to              1
     MSTP(55)       changed from              5 to              5
     MSTP(56)       changed from              1 to              1
     MSTP(57)       changed from              1 to              1
     MSTP(58)       changed from              5 to              5
     MSTP(59)       changed from              1 to              1
     MSTP(60)       changed from              7 to              7
     MSTP(61)       changed from              2 to              2
     MSTP(71)       changed from              1 to              1
     MSTP(81)       changed from              1 to              0
     MSTP(82)       changed from              4 to              1
     MSTP(91)       changed from              1 to              1
     MSTP(92)       changed from              3 to              3
     MSTP(93)       changed from              1 to              1
     MSTP(101)      changed from              3 to              3
     MSTP(102)      changed from              1 to              1
     MSTP(111)      changed from              1 to              1
     MSTP(121)      changed from              0 to              0
     PARP(13)       changed from        1.00000 to        1.00000
     PARP(18)       changed from        0.40000 to        0.40000
     PARP(81)       changed from        1.90000 to        1.90000
     PARP(89)       changed from     1800.00000 to     1800.00000
     PARP(90)       changed from        0.25000 to        0.16000
     PARP(91)       changed from        2.00000 to        0.40000
     PARP(93)       changed from        5.00000 to        5.00000
     PARP(99)       changed from        1.00000 to        0.40000
     PARP(100)      changed from        5.00000 to        5.00000
     PARP(102)      changed from        0.28000 to        0.28000
     PARP(103)      changed from        1.00000 to        1.00000
     PARP(104)      changed from        0.80000 to        0.80000
     PARP(111)      changed from        2.00000 to        2.00000
     PARP(161)      changed from        2.20000 to        3.00000
     PARP(162)      changed from       23.60000 to       24.60000
     PARP(163)      changed from       18.40000 to       18.80000
     PARP(164)      changed from       11.50000 to       11.50000
     PARP(165)      changed from        0.50000 to        0.47679
     PARP(166)      changed from        0.00000 to        0.67597
     PARJ(1)        changed from        0.10000 to        0.10000
     PARJ(2)        changed from        0.30000 to        0.30000
     PARJ(11)       changed from        0.50000 to        0.50000
     PARJ(12)       changed from        0.60000 to        0.60000
     PARJ(21)       changed from        0.36000 to        0.40000
     PARJ(32)       changed from        1.00000 to        1.00000
     PARJ(33)       changed from        0.80000 to        0.80000
     PARJ(41)       changed from        0.30000 to        0.30000
     PARJ(42)       changed from        0.58000 to        0.58000
     PARJ(45)       changed from        0.50000 to        0.50000
     MSTJ(1)        changed from              1 to              1
     MSTJ(12)       changed from              2 to              1
     MSTJ(45)       changed from              5 to              5
     MSTU(112)      changed from              5 to              5
     MSTU(113)      changed from              3 to              5
     MSTU(114)      changed from              5 to              5
     CKIN(1)        changed from        2.00000 to        1.00000
     CKIN(2)        changed from       -1.00000 to       -1.00000
     CKIN(3)        changed from        0.00000 to        0.00000
     CKIN(4)        changed from       -1.00000 to       -1.00000
     CKIN(5)        changed from        1.00000 to        1.00000
     CKIN(6)        changed from        1.00000 to        1.00000
     CKIN(7)        changed from      -10.00000 to      -10.00000
     CKIN(8)        changed from       10.00000 to       10.00000
     CKIN(9)        changed from      -40.00000 to      -40.00000
     CKIN(10)       changed from       40.00000 to       40.00000
     CKIN(11)       changed from      -40.00000 to      -40.00000
     CKIN(12)       changed from       40.00000 to       40.00000
     CKIN(13)       changed from      -40.00000 to      -40.00000
     CKIN(14)       changed from       40.00000 to       40.00000
     CKIN(15)       changed from      -40.00000 to      -40.00000
     CKIN(16)       changed from       40.00000 to       40.00000
     CKIN(17)       changed from       -1.00000 to       -1.00000
     CKIN(18)       changed from        1.00000 to        1.00000
     CKIN(19)       changed from       -1.00000 to       -1.00000
     CKIN(20)       changed from        1.00000 to        1.00000
     CKIN(21)       changed from        0.00000 to        0.00000
     CKIN(22)       changed from        1.00000 to        1.00000
     CKIN(23)       changed from        0.00000 to        0.00000
     CKIN(24)       changed from        1.00000 to        1.00000
     CKIN(25)       changed from       -1.00000 to       -1.00000
     CKIN(26)       changed from        1.00000 to        1.00000
     CKIN(27)       changed from       -1.00000 to       -1.00000
     CKIN(28)       changed from        1.00000 to        1.00000
     CKIN(31)       changed from        2.00000 to        2.00000
     CKIN(32)       changed from       -1.00000 to       -1.00000
     CKIN(35)       changed from        0.00000 to        0.00000
     CKIN(36)       changed from       -1.00000 to       -1.00000
     CKIN(37)       changed from        0.00000 to        0.00000
     CKIN(38)       changed from       -1.00000 to       -1.00000
     CKIN(39)       changed from        4.00000 to        4.00000
     CKIN(40)       changed from       -1.00000 to       -1.00000
     CKIN(65)       changed from        0.00000 to        0.00000
     CKIN(66)       changed from       -1.00000 to       -1.00000
     CKIN(67)       changed from        0.00000 to        0.00000
     CKIN(68)       changed from       -1.00000 to       -1.00000
     CKIN(77)       changed from        2.00000 to        2.00000
     CKIN(78)       changed from       -1.00000 to       -1.00000
 *********************************************
 NOW all parameters are read by PYTHIA
 *********************************************
 SEED =    678624536
 RANLUX LUXURY LEVEL SET BY RLUXGO : 4     P= 389
 RANLUX INITIALIZED BY RLUXGO FROM SEEDS   678624536           0           0
   2131.6295731337395        10.000000000000000       -2131.6295731337395       -10.0000000    
 *********************************************
 proton beam momentum:   100.000000     GeV
 lepton beam momentum:   10.0000000     GeV
 resulting sqrt(s):   63.253208566863535      GeV
 *********************************************
1****************** PYINIT: initialization of PYTHIA routines *****************

 ==============================================================================
 I                                                                            I
 I      PYTHIA will be initialized for gamma/e- on p+ user configuration      I
 I                                                                            I
 I                  px (GeV/c)   py (GeV/c)   pz (GeV/c)      E (GeV)         I
 I        gamma/e-       0.000        0.000      -10.000       10.000         I
 I        p+             0.000        0.000      100.000      100.004         I
 I                                                                            I
 I           corresponding to     63.253 GeV center-of-mass energy            I
 I                                                                            I
 ==============================================================================

 ******** PYMAXI: summary of differential cross-section maximum search ********

           ==========================================================
           I                                      I                 I
           I  ISUB  Subprocess name               I  Maximum value  I
           I                                      I                 I
           ==========================================================
           I                                      I                 I
           I   91   Elastic scattering            I    1.4751D-03   I
           I   92   Single diffractive (XB)       I    1.1492D-03   I
           I   93   Single diffractive (AX)       I    9.4260D-04   I
           I   94   Double  diffractive           I    8.5790D-04   I
           I   95   Low-pT scattering             I    6.9599D-03   I
           I   96   Semihard QCD 2 -> 2           I    6.1018D-02   I
           I                                      I                 I
           ==========================================================

 ******** PYMAXI: summary of differential cross-section maximum search ********

           ==========================================================
           I                                      I                 I
           I  ISUB  Subprocess name               I  Maximum value  I
           I                                      I                 I
           ==========================================================
           I                                      I                 I
           I  131   f + gamma*_T -> f + g         I    6.0357D-04   I
           I  132   f + gamma*_L -> f + g         I    3.3652D-05   I
           I  135   g + gamma*_T -> f + fbar      I    1.9943D-03   I
           I  136   g + gamma*_L -> f + fbar      I    3.1840D-04   I
           I                                      I                 I
           ==========================================================

 ******** PYMAXI: summary of differential cross-section maximum search ********

           ==========================================================
           I                                      I                 I
           I  ISUB  Subprocess name               I  Maximum value  I
           I                                      I                 I
           ==========================================================
           I                                      I                 I
           I   91   Elastic scattering            I    3.7019D-04   I
           I   92   Single diffractive (XB)       I    2.9453D-04   I
           I   93   Single diffractive (AX)       I    2.3488D-04   I
           I   94   Double  diffractive           I    2.1824D-04   I
           I   95   Low-pT scattering             I    1.8719D-03   I
           I   96   Semihard QCD 2 -> 2           I    3.8848D-02   I
           I                                      I                 I
           ==========================================================

 ******** PYMAXI: summary of differential cross-section maximum search ********

           ==========================================================
           I                                      I                 I
           I  ISUB  Subprocess name               I  Maximum value  I
           I                                      I                 I
           ==========================================================
           I                                      I                 I
           I   99   q + gamma* -> q               I    6.7619D-03   I
           I                                      I                 I
           ==========================================================

 ********************** PYINIT: initialization completed **********************
 the outputfile will be named: outfiles/ep_10_100_norad.out                                                                                                                                                                                                                                    



                            Event listing (standard)

    I  particle/jet  K(I,1)   K(I,2) K(I,3)     K(I,4)      K(I,5)       P(I,1)       P(I,2)       P(I,3)       P(I,4)       P(I,5)

    1  !e-!              21        11    0           3           4      0.00000      0.00000    -10.00000     10.00000      0.00051
    2  !p+!              21      2212    0           5           0     -0.00000      0.00000    100.00000    100.00440      0.93827
 ==================================================================================================================================
    3  !e-!              21        11    1           0           0      0.75784      3.55756     -7.04062      7.92471      0.00051
    4  !gamma!           21        22    1           0           0     -0.75784     -3.55756     -2.95938      2.07529     -4.20495
    5  !p+!              21      2212    2           0           0     -0.00000      0.00000    100.00000    100.00440      0.93827
    6  !gamma!           21        22    4           0           0     -0.75850     -3.56067     -2.95889      2.08018     -4.20495
    7  !u!               21         2    5           0           0      0.00001      0.00005      1.75441      1.75441      0.00000
    8  !gamma!           21        22    6           0           0     -0.75850     -3.56067     -2.95889      2.08018     -4.20495
    9  !u!               21         2    7           0           0      0.00001      0.00005      1.75441      1.75441      0.00000
   10  !u!               21         2    9           0           0     -0.75849     -3.56062     -1.20448      3.83459      0.00000
 ==================================================================================================================================
   11  e-                 1        11    3           0           0      0.75784      3.55756     -7.04062      7.92471      0.00051
   12  (ud_0)        A   12      2101    5          15          15      0.38373      0.20779     97.69121     97.69390      0.57933
   13  (g)           I   12        21   10          15          15     -0.78963     -0.47085      0.24922      0.95254      0.00000
   14  (u)           V   11         2   10          15          15     -0.35193     -3.29450     -0.89980      3.43326      0.00000
 ==================================================================================================================================
   15  (string)          11        92   12          16          22     -0.75784     -3.55756     97.04062    102.07970     31.46667
   16  n0                 1      2112   15           0           0      0.69811      0.01678     57.15361     57.16559      0.93957
   17  (omega)           11       223   15          23          25     -0.41068     -0.12021     36.09059     36.10159      0.78166
   18  (Kbar0)           11      -311   15          26          26      0.13323      0.20266      3.31110      3.35707      0.49767
   19  (K*+)             11       323   15          27          28     -0.54108     -0.88959     -0.17464      1.32736      0.80451
   20  (rho-)            11      -213   15          29          30      0.13917     -0.84122      0.50780      1.30824      0.85242
   21  (Kbar0)           11      -311   15          31          31     -0.10372     -0.82199      0.66574      1.17359      0.49767
   22  (K*+)             11       323   15          32          33     -0.67286     -1.10400     -0.51359      1.64626      0.88025
   23  pi-                1      -211   17           0           0     -0.10959     -0.26092     11.07975     11.08424      0.13957
   24  pi+                1       211   17           0           0     -0.29555     -0.05263     15.97321     15.97664      0.13957
   25  (pi0)             11       111   17          34          35     -0.00555      0.19334      9.03763      9.04071      0.13498
   26  K_L0               1       130   18           0           0      0.13323      0.20266      3.31110      3.35707      0.49767
   27  (K0)              11       311   19          36          36     -0.22100     -0.58568     -0.28933      0.85044      0.49767
   28  pi+                1       211   19           0           0     -0.32008     -0.30390      0.11470      0.47691      0.13957
   29  pi-                1      -211   20           0           0      0.32319     -0.02469      0.20406      0.40765      0.13957
   30  (pi0)             11       111   20          37          38     -0.18402     -0.81653      0.30374      0.90059      0.13498
   31  K_L0               1       130   21           0           0     -0.10372     -0.82199      0.66574      1.17359      0.49767
   32  K+                 1       321   22           0           0     -0.37705     -0.34033     -0.38565      0.80644      0.49360
   33  (pi0)             11       111   22          39          40     -0.29581     -0.76367     -0.12794      0.83981      0.13498
   34  gamma              1        22   25           0           0      0.04867      0.12651      3.89619      3.89855      0.00000
   35  gamma              1        22   25           0           0     -0.05421      0.06683      5.14144      5.14216      0.00000
   36  K_L0               1       130   27           0           0     -0.22100     -0.58568     -0.28933      0.85044      0.49767
   37  gamma              1        22   30           0           0     -0.06504     -0.57390      0.20975      0.61448      0.00000
   38  gamma              1        22   30           0           0     -0.11897     -0.24263      0.09400      0.28611      0.00000
   39  gamma              1        22   33           0           0     -0.26264     -0.59411     -0.05378      0.65180      0.00000
   40  gamma              1        22   33           0           0     -0.03318     -0.16956     -0.07416      0.18801      0.00000
 ==================================================================================================================================
                   sum charge:  0.00   sum momentum and inv. mass:     -0.00000      0.00000     90.00000    110.00440     63.25321



                            Event listing (standard)

    I  particle/jet  K(I,1)   K(I,2) K(I,3)     K(I,4)      K(I,5)       P(I,1)       P(I,2)       P(I,3)       P(I,4)       P(I,5)

    1  !e-!              21        11    0           3           4      0.00000      0.00000    -10.00000     10.00000      0.00051
    2  !p+!              21      2212    0           5           0     -0.00000      0.00000    100.00000    100.00440      0.93827
 ==================================================================================================================================
    3  !e-!              21        11    1           0           0      2.36697     -5.02639     -9.01369     10.58838      0.00051
    4  !gamma!           21        22    1           0           0     -2.36697      5.02639     -0.98631     -0.58838     -5.61193
    5  !p+!              21      2212    2           0           0     -0.00000     -0.00000    100.00000    100.00440      0.93827
    6  !gamma!           21        22    4           0           0     -2.39282      5.08128     -0.13754      0.26477     -5.61193
    7  !u!               21         2    5           0           0      0.01012     -0.02148     38.80939     38.80939      0.00000
    8  !gamma!           21        22    6           0           0     -2.39282      5.08128     -0.13754      0.26477     -5.61193
    9  !u!               21         2    7           0           0      0.01012     -0.02148     38.80939     38.80939      0.00000
   10  !u!               21         2    9           0           0     -2.38270      5.05979     38.67184     39.07416      0.00000
 ==================================================================================================================================
   11  e-                 1        11    3           0           0      2.36697     -5.02639     -9.01369     10.58838      0.00051
   12  (ud_1)        A   12      2103    5          15          15      0.25121      0.41864     58.94318     58.95025      0.77133
   13  (g)           I   12        21   10          15          15     -0.05111      1.54940     14.91374     14.99409      0.00000
   14  (u)           V   11         2   10          15          15     -2.56706      3.05834     25.15677     25.47168      0.00000
 ==================================================================================================================================
   15  (string)          11        92   12          16          19     -2.36697      5.02639     99.01369     99.41602      6.99766
   16  (Delta+)          11      2214   15          20          21      0.25651      0.32954     47.07383     47.09223      1.24805
   17  pi-                1      -211   15           0           0     -0.06606      1.20730     19.41209     19.45021      0.13957
   18  pi+                1       211   15           0           0     -0.94761      1.20762      6.28964      6.47575      0.13957
   19  (omega)           11       223   15          22          24     -1.60981      2.28193     26.23813     26.39784      0.77948
   20  p+                 1      2212   16           0           0      0.29335      0.25065     46.56130     46.57235      0.93827
   21  gamma              1        22   16           0           0     -0.03684      0.07888      0.51253      0.51987      0.00000
   22  pi-                1      -211   19           0           0     -0.31489      0.31955      4.49422      4.51871      0.13957
   23  pi+                1       211   19           0           0     -0.46874      1.01411     12.18049     12.23242      0.13957
   24  (pi0)             11       111   19          25          26     -0.82617      0.94827      9.56342      9.64671      0.13498
   25  gamma              1        22   24           0           0     -0.18589      0.23060      2.70852      2.72466      0.00000
   26  gamma              1        22   24           0           0     -0.64028      0.71767      6.85491      6.92205      0.00000
 ==================================================================================================================================
                   sum charge:  0.00   sum momentum and inv. mass:      0.00000     -0.00000     90.00000    110.00440     63.25321



                            Event listing (standard)

    I  particle/jet  K(I,1)   K(I,2) K(I,3)     K(I,4)      K(I,5)       P(I,1)       P(I,2)       P(I,3)       P(I,4)       P(I,5)

    1  !e-!              21        11    0           3           4      0.00000      0.00000    -10.00000     10.00000      0.00051
    2  !p+!              21      2212    0           5           0     -0.00000      0.00000    100.00000    100.00440      0.93827
 ==================================================================================================================================
    3  !e-!              21        11    1           0           0      5.11999      3.65213     -6.59929      9.11608      0.00051
    4  !gamma!           21        22    1           0           0     -5.11999     -3.65213     -3.40071      0.88392     -7.09478
    5  !p+!              21      2212    2           0           0     -0.00000      0.00000    100.00000    100.00440      0.93827
    6  !gamma!           21        22    4           0           0     -5.12525     -3.65588     -3.39214      0.89689     -7.09478
    7  !u!               21         2    5           0           0      0.00031      0.00022      5.86742      5.86742      0.00000
    8  !gamma!           21        22    6           0           0     -5.12525     -3.65588     -3.39214      0.89689     -7.09478
    9  !u!               21         2    7           0           0      0.00031      0.00022      5.86742      5.86742      0.00000
   10  !u!               21         2    9           0           0     -5.12494     -3.65566      2.47527      6.76430      0.00000
 ==================================================================================================================================
   11  e-                 1        11    3           0           0      5.11999      3.65213     -6.59929      9.11608      0.00051
   12  (ud_0)        A   12      2101    5          16          16     -0.45353     -0.37953     88.43137     88.43524      0.57933
   13  (g)           I   12        21   10          16          16      0.13085     -0.30728     -0.07119      0.34148      0.00000
   14  (g)           I   12        21   10          16          16      1.42436      0.60406      2.43341      2.88360      0.00000
   15  (u)           V   11         2   10          16          16     -6.22167     -3.56938      5.80570      9.22799      0.00000
 ==================================================================================================================================
   16  (string)          11        92   12          17          24     -5.11999     -3.65213     96.59929    100.88832     28.41617
   17  n0                 1      2112   16           0           0     -0.27173     -0.81728     64.11241     64.12507      0.93957
   18  pi+                1       211   16           0           0     -0.16326      0.14763      0.28786      0.38832      0.13957
   19  (rho0)            11       113   16          25          26     -0.44145     -0.18202     16.60231     16.62785      0.78795
   20  (omega)           11       223   16          27          29      1.10842      0.23175      7.77955      7.89923      0.77081
   21  (rho-)            11      -213   16          30          31     -0.63747      0.34598      1.84338      2.13909      0.80720
   22  pi+                1       211   16           0           0      0.82177      0.10305      0.60618      1.03579      0.13957
   23  K-                 1      -321   16           0           0     -0.36111     -0.64738      0.65315      1.10442      0.49360
   24  K+                 1       321   16           0           0     -5.17517     -2.83387      4.71445      7.56854      0.49360
   25  pi-                1      -211   19           0           0     -0.57936     -0.22632     14.91195     14.92557      0.13957
   26  pi+                1       211   19           0           0      0.13791      0.04430      1.69036      1.70229      0.13957
   27  pi-                1      -211   20           0           0      0.58321      0.22501      2.81091      2.88296      0.13957
   28  pi+                1       211   20           0           0      0.04424     -0.01117      2.03991      2.04519      0.13957
   29  (pi0)             11       111   20          32          33      0.48097      0.01791      2.92873      2.97109      0.13498
   30  pi-                1      -211   21           0           0     -0.25710     -0.13906      1.17951      1.22318      0.13957
   31  (pi0)             11       111   21          34          35     -0.38037      0.48504      0.66387      0.91591      0.13498
   32  gamma              1        22   29           0           0      0.03875      0.03181      0.48866      0.49123      0.00000
   33  gamma              1        22   29           0           0      0.44222     -0.01391      2.44007      2.47986      0.00000
   34  gamma              1        22   31           0           0     -0.14041      0.09444      0.13862      0.21875      0.00000
   35  gamma              1        22   31           0           0     -0.23996      0.39060      0.52525      0.69716      0.00000
 ==================================================================================================================================
                   sum charge:  0.00   sum momentum and inv. mass:     -0.00000     -0.00000     90.00000    110.00440     63.25321



                            Event listing (standard)

    I  particle/jet  K(I,1)   K(I,2) K(I,3)     K(I,4)      K(I,5)       P(I,1)       P(I,2)       P(I,3)       P(I,4)       P(I,5)

    1  !e-!              21        11    0           3           4      0.00000      0.00000    -10.00000     10.00000      0.00051
    2  !p+!              21      2212    0           5           0     -0.00000      0.00000    100.00000    100.00440      0.93827
 ==================================================================================================================================
    3  !e-!              21        11    1           0           0      0.13080     -3.36630     -9.62887     10.20119      0.00051
    4  !gamma!           21        22    1           0           0     -0.13080      3.36630     -0.37113     -0.20119     -3.38324
    5  !p+!              21      2212    2           0           0     -0.00000     -0.00000    100.00000    100.00440      0.93827
    6  !gamma!           21        22    4           0           0     -0.13411      3.45130      1.29874      1.47304     -3.38324
    7  !u!               21         2    5           0           0      0.00108     -0.02791     32.28175     32.28177      0.00000
    8  !gamma!           21        22    6           0           0     -0.13411      3.45130      1.29874      1.47304     -3.38324
    9  !u!               21         2    7           0           0      0.00108     -0.02791     32.28175     32.28177      0.00000
   10  !u!               21         2    9           0           0     -0.13302      3.42339     33.58050     33.75481      0.00000
 ==================================================================================================================================
   11  e-                 1        11    3           0           0      0.13080     -3.36630     -9.62887     10.20119      0.00051
   12  (ud_0)        A   12      2101    5          16          16      0.08592      0.05783     55.56980     55.57292      0.57933
   13  (g)           I   12        21   10          16          16     -0.89328      0.87475     14.33069     14.38512      0.00000
   14  (g)           I   12        21   10          16          16      0.01889      1.46577     17.03587     17.09882      0.00000
   15  (u)           V   11         2   10          16          16      0.65767      0.96795     12.69252     12.74635      0.00000
 ==================================================================================================================================
   16  (string)          11        92   12          17          21     -0.13080      3.36630     99.62887     99.80321      4.83934
   17  n0                 1      2112   16           0           0     -0.55381      0.05572     24.98300     25.00685      0.93957
   18  (rho+)            11       213   16          22          23      0.27489      0.94441     32.63287     32.65563      0.71998
   19  pi-                1      -211   16           0           0      0.55458      1.08010     12.62010     12.67914      0.13957
   20  (pi0)             11       111   16          24          25     -0.06573      0.27884     13.18040     13.18420      0.13498
   21  (rho+)            11       213   16          26          27     -0.34073      1.00722     16.21251     16.27739      0.98857
   22  pi+                1       211   18           0           0      0.14952     -0.04711      6.00651      6.01018      0.13957
   23  (pi0)             11       111   18          28          29      0.12537      0.99153     26.62636     26.64545      0.13498
   24  gamma              1        22   20           0           0     -0.10697      0.22110     10.07729     10.08028      0.00000
   25  gamma              1        22   20           0           0      0.04125      0.05774      3.10311      3.10392      0.00000
   26  pi+                1       211   21           0           0     -0.11755      0.00117      0.53111      0.56159      0.13957
   27  (pi0)             11       111   21          30          31     -0.22318      1.00605     15.68140     15.71580      0.13498
   28  gamma              1        22   23           0           0     -0.02062      0.32039      8.91994      8.92571      0.00000
   29  gamma              1        22   23           0           0      0.14598      0.67114     17.70642     17.71974      0.00000
   30  gamma              1        22   27           0           0     -0.21628      0.70477     10.85674     10.88174      0.00000
   31  gamma              1        22   27           0           0     -0.00691      0.30128      4.82465      4.83406      0.00000
 ==================================================================================================================================
                   sum charge:  0.00   sum momentum and inv. mass:      0.00000     -0.00000     90.00000    110.00440     63.25321



                            Event listing (standard)

    I  particle/jet  K(I,1)   K(I,2) K(I,3)     K(I,4)      K(I,5)       P(I,1)       P(I,2)       P(I,3)       P(I,4)       P(I,5)

    1  !e-!              21        11    0           3           4      0.00000      0.00000    -10.00000     10.00000      0.00051
    2  !p+!              21      2212    0           5           0     -0.00000      0.00000    100.00000    100.00440      0.93827
 ==================================================================================================================================
    3  !e-!              21        11    1           0           0     -1.78549     -2.69134     -1.89931      3.74682      0.00051
    4  !gamma!           21        22    1           0           0      1.78549      2.69134     -8.10069      6.25318     -6.07866
    5  !p+!              21      2212    2           0           0     -0.00000     -0.00000    100.00000    100.00440      0.93827
    6  !gamma!           21        22    4           0           0      1.78603      2.69216     -8.10238      6.25589     -6.07866
    7  !cbar!            21        -4    5           0           0     -0.00001     -0.00001      1.28672      1.28672      0.00000
    8  !gamma!           21        22    6           0           0      1.78603      2.69216     -8.10238      6.25589     -6.07866
    9  !cbar!            21        -4    7           0           0     -0.00001     -0.00001      1.28672      1.28672      0.00000
   10  !cbar!            21        -4    9           0           0      1.78603      2.69215     -6.81567      7.54260      0.00000
 ==================================================================================================================================
   11  (Lambda_c+)       11      4122    5          17          19      0.23410     -0.19898     90.86990     90.89914      2.28490
   12  e-                 1        11    3           0           0     -1.78549     -2.69134     -1.89931      3.74682      0.00051
   13  (u)           A   12         2    5          20          20     -0.19501      0.11374      7.37323      7.38406      0.33000
   14  (g)           I   12        21   10          20          20      0.16000     -0.42086     -0.29323      0.53731      0.00000
   15  (g)           I   12        21   10          20          20     -0.64811      0.52540     -1.34084      1.57922      0.00000
   16  (cbar)        V   11        -4   10          20          20      2.23450      2.67203     -4.70974      5.85785      0.00000
 ==================================================================================================================================
   17  (rho0)            11       113   11          28          29     -0.15540     -0.23637     42.08438     42.09335      0.82172
   18  pi+                1       211   11           0           0      0.09542     -0.03007      7.39513      7.39712      0.13957
   19  (Sigma0)          11      3212   11          30          31      0.29409      0.06746     41.39039     41.40867      1.19255
   20  (string)          11        92   13          21          27      1.55138      2.89031      1.02942     15.35844     14.96868
   21  (rho+)            11       213   20          32          33      0.33815     -0.05111      2.74715      2.83858      0.62748
   22  (pi0)             11       111   20          34          35     -0.26738     -0.52123      1.44284      1.56306      0.13498
   23  (rho0)            11       113   20          36          37     -0.28324      0.42856      2.69285      2.91440      0.98915
   24  (rho-)            11      -213   20          38          39     -0.12543      0.17349     -0.16788      0.78965      0.74130
   25  pi+                1       211   20           0           0      0.06308     -0.08496      0.00327      0.17518      0.13957
   26  pi-                1      -211   20           0           0      0.57518      0.32147     -0.79250      1.04005      0.13957
   27  (D*bar0)          11      -423   20          40          41      1.25103      2.62408     -4.89631      6.03751      2.00670
   28  pi-                1      -211   17           0           0     -0.42424     -0.20882     17.05555     17.06268      0.13957
   29  pi+                1       211   17           0           0      0.26884     -0.02756     25.02883     25.03067      0.13957
   30  (Lambda0)         11      3122   19          42          43      0.20759      0.09570     38.55389     38.57071      1.11568
   31  gamma              1        22   19           0           0      0.08649     -0.02824      2.83650      2.83796      0.00000
   32  pi+                1       211   21           0           0      0.04687      0.14999      0.32538      0.38736      0.13957
   33  (pi0)             11       111   21          44          45      0.29128     -0.20110      2.42177      2.45122      0.13498
   34  gamma              1        22   22           0           0     -0.23645     -0.34467      1.08793      1.16546      0.00000
   35  gamma              1        22   22           0           0     -0.03093     -0.17656      0.35491      0.39761      0.00000
   36  pi+                1       211   23           0           0     -0.11062      0.39909      2.65076      2.68655      0.13957
   37  pi-                1      -211   23           0           0     -0.17263      0.02947      0.04209      0.22786      0.13957
   38  pi-                1      -211   24           0           0     -0.31743     -0.12302      0.01781      0.36836      0.13957
   39  (pi0)             11       111   24          46          47      0.19200      0.29651     -0.18569      0.42129      0.13498
   40  (Dbar0)           11      -421   27          48          51      1.12406      2.39768     -4.53225      5.57046      1.86450
   41  (pi0)             11       111   27          52          53      0.12697      0.22641     -0.36405      0.46705      0.13498
   42  p+                 1      2212   30           0           0      0.09258      0.13831     32.04107     32.05524      0.93827
   43  pi-                1      -211   30           0           0      0.11501     -0.04261      6.51282      6.51547      0.13957
   44  gamma              1        22   33           0           0      0.25705     -0.16801      1.67391      1.70184      0.00000
   45  gamma              1        22   33           0           0      0.03423     -0.03309      0.74786      0.74938      0.00000
   46  gamma              1        22   39           0           0      0.12054      0.10446     -0.13795      0.21089      0.00000
   47  gamma              1        22   39           0           0      0.07146      0.19205     -0.04774      0.21040      0.00000
   48  K+                 1       321   40           0           0     -0.15017      0.32098     -0.94797      1.12600      0.49360
   49  pi-                1      -211   40           0           0      0.61565      1.25860     -2.11379      2.53982      0.13957
   50  pi-                1      -211   40           0           0      0.00610      0.27191     -0.18686      0.35829      0.13957
   51  pi+                1       211   40           0           0      0.65247      0.54618     -1.28363      1.54636      0.13957
   52  gamma              1        22   41           0           0      0.13124      0.19352     -0.22643      0.32549      0.00000
   53  gamma              1        22   41           0           0     -0.00427      0.03289     -0.13762      0.14156      0.00000
 ==================================================================================================================================
                   sum charge:  0.00   sum momentum and inv. mass:      0.00000     -0.00000     90.00000    110.00440     63.25321



                            Event listing (standard)

    I  particle/jet  K(I,1)   K(I,2) K(I,3)     K(I,4)      K(I,5)       P(I,1)       P(I,2)       P(I,3)       P(I,4)       P(I,5)

    1  !e-!              21        11    0           3           4      0.00000      0.00000    -10.00000     10.00000      0.00051
    2  !p+!              21      2212    0           5           0     -0.00000      0.00000    100.00000    100.00440      0.93827
 ==================================================================================================================================
    3  !e-!              21        11    1           0           0      1.93000      2.26226     -7.90259      8.44356      0.00051
    4  !gamma!           21        22    1           0           0     -1.93000     -2.26226     -2.09741      1.55644     -3.28928
    5  !p+!              21      2212    2           0           0     -0.00000      0.00000    100.00000    100.00440      0.93827
    6  !gamma!           21        22    4           0           0     -1.93233     -2.26499     -2.09637      1.56188     -3.28928
    7  !u!               21         2    5           0           0      0.00003      0.00004      1.47872      1.47872      0.00000
    8  !gamma!           21        22    6           0           0     -1.93233     -2.26499     -2.09637      1.56188     -3.28928
    9  !u!               21         2    7           0           0      0.00003      0.00004      1.47872      1.47872      0.00000
   10  !u!               21         2    9           0           0     -1.93229     -2.26495     -0.61765      3.04060      0.00000
 ==================================================================================================================================
   11  e-                 1        11    3           0           0      1.93000      2.26226     -7.90259      8.44356      0.00051
   12  (ud_0)        A   12      2101    5          16          16      0.18278     -0.22054     95.44984     95.45203      0.57933
   13  (g)           I   12        21   10          16          16      0.45502      0.19171      2.11256      2.16949      0.00000
   14  (g)           I   12        21   10          16          16     -2.65494     -1.31360      0.49281      3.00285      0.00000
   15  (u)           V   11         2   10          16          16      0.08714     -0.91983     -0.15262      0.93647      0.00000
 ==================================================================================================================================
   16  (string)          11        92   12          17          25     -1.93000     -2.26226     97.90259    101.56084     26.84857
   17  p+                 1      2212   16           0           0      0.44513      0.00451     67.90166     67.90960      0.93827
   18  pi-                1      -211   16           0           0     -0.29996     -0.01223     16.71265     16.71593      0.13957
   19  pi+                1       211   16           0           0      0.26060     -0.22835      2.09168      2.12477      0.13957
   20  (pi0)             11       111   16          26          27     -0.12305      0.10895      0.34965      0.40925      0.13498
   21  (rho-)            11      -213   16          28          29      0.01252      0.21036      9.18499      9.23283      0.91480
   22  (eta)             11       221   16          30          31     -0.13537     -0.64808      1.21207      1.48564      0.54745
   23  (eta)             11       221   16          32          34     -0.69431     -0.32073     -0.01814      0.94073      0.54745
   24  (K*bar0)          11      -313   16          35          36     -0.21271     -0.17303      0.34278      0.97935      0.87547
   25  K+                 1       321   16           0           0     -1.18285     -1.20367      0.12526      1.76275      0.49360
   26  gamma              1        22   20           0           0      0.00537      0.02256     -0.00371      0.02348      0.00000
   27  gamma              1        22   20           0           0     -0.12842      0.08639      0.35336      0.38576      0.00000
   28  pi-                1      -211   21           0           0     -0.29910      0.35565      7.00448      7.02126      0.13957
   29  (pi0)             11       111   21          37          38      0.31162     -0.14529      2.18051      2.21157      0.13498
   30  gamma              1        22   22           0           0     -0.10818      0.07337      0.25782      0.28906      0.00000
   31  gamma              1        22   22           0           0     -0.02718     -0.72144      0.95425      1.19658      0.00000
   32  (pi0)             11       111   23          39          40     -0.12995      0.03933      0.06453      0.20203      0.13498
   33  (pi0)             11       111   23          41          42     -0.39060     -0.28165     -0.06698      0.50458      0.13498
   34  (pi0)             11       111   23          43          44     -0.17377     -0.07841     -0.01570      0.23411      0.13498
   35  K-                 1      -321   24           0           0     -0.01167      0.14518      0.21855      0.55912      0.49360
   36  pi+                1       211   24           0           0     -0.20104     -0.31821      0.12423      0.42023      0.13957
   37  gamma              1        22   29           0           0      0.26662     -0.06137      1.66906      1.69134      0.00000
   38  gamma              1        22   29           0           0      0.04500     -0.08392      0.51145      0.52023      0.00000
   39  gamma              1        22   32           0           0     -0.02125     -0.00548      0.08045      0.08339      0.00000
   40  gamma              1        22   32           0           0     -0.10869      0.04482     -0.01592      0.11864      0.00000
   41  gamma              1        22   33           0           0     -0.17711     -0.04869     -0.03492      0.18697      0.00000
   42  gamma              1        22   33           0           0     -0.21349     -0.23296     -0.03205      0.31761      0.00000
   43  gamma              1        22   34           0           0     -0.12780     -0.11166      0.01361      0.17025      0.00000
   44  gamma              1        22   34           0           0     -0.04597      0.03325     -0.02931      0.06386      0.00000
 ==================================================================================================================================
                   sum charge:  0.00   sum momentum and inv. mass:     -0.00000     -0.00000     90.00000    110.00440     63.25321



                            Event listing (standard)

    I  particle/jet  K(I,1)   K(I,2) K(I,3)     K(I,4)      K(I,5)       P(I,1)       P(I,2)       P(I,3)       P(I,4)       P(I,5)

    1  !e-!              21        11    0           3           4      0.00000      0.00000    -10.00000     10.00000      0.00051
    2  !p+!              21      2212    0           5           0     -0.00000      0.00000    100.00000    100.00440      0.93827
 ==================================================================================================================================
    3  !e-!              21        11    1           0           0     -2.67383      0.01712     -1.24957      2.95146      0.00051
    4  !gamma!           21        22    1           0           0      2.67383     -0.01712     -8.75043      7.04854     -5.83418
    5  !p+!              21      2212    2           0           0     -0.00000     -0.00000    100.00000    100.00440      0.93827
    6  !gamma!           21        22    4           0           0      2.67457     -0.01713     -8.75226      7.05111     -5.83418
    7  !u!               21         2    5           0           0     -0.00001      0.00000      1.07691      1.07691      0.00000
    8  !gamma!           21        22    6           0           0      2.67457     -0.01713     -8.75226      7.05111     -5.83418
    9  !u!               21         2    7           0           0     -0.00001      0.00000      1.07691      1.07691      0.00000
   10  !u!               21         2    9           0           0      2.67457     -0.01713     -7.67536      8.12802      0.00000
 ==================================================================================================================================
   11  e-                 1        11    3           0           0     -2.67383      0.01712     -1.24957      2.95146      0.00051
   12  (ud_0)        A   12      2101    5          16          16     -0.11666     -0.21016     98.43545     98.43745      0.57933
   13  (g)           I   12        21   10          16          16     -0.41344     -0.41573     -0.08375      0.59226      0.00000
   14  (g)           I   12        21   10          16          16      0.78113     -0.60938     -2.37778      2.57592      0.00000
   15  (u)           V   11         2   10          16          16      2.42280      1.21815     -4.72434      5.44732      0.00000
 ==================================================================================================================================
   16  (string)          11        92   12          17          21      2.67383     -0.01712     91.24957    107.05295     55.91689
   17  n0                 1      2112   16           0           0     -0.41517     -0.38973     98.05985     98.06601      0.93957
   18  pi+                1       211   16           0           0      0.45647      0.04210      0.34464      0.59025      0.13957
   19  (Sigmabar-)       11     -3222   16          22          23      0.19914     -0.06906     -1.83919      2.20038      1.18937
   20  (Sigma0)          11      3212   16          24          25      2.62730      0.35020     -4.61126      5.45080      1.19255
   21  pi+                1       211   16           0           0     -0.19392      0.04936     -0.70447      0.74552      0.13957
   22  nbar0              1     -2112   19           0           0      0.18594     -0.15463     -1.77728      2.02485      0.93957
   23  pi-                1      -211   19           0           0      0.01321      0.08558     -0.06191      0.17553      0.13957
   24  (Lambda0)         11      3122   20          26          27      2.39785      0.31213     -4.35533      5.10497      1.11568
   25  gamma              1        22   20           0           0      0.22945      0.03807     -0.25592      0.34582      0.00000
   26  p+                 1      2212   24           0           0      1.97620      0.29227     -3.78956      4.38542      0.93827
   27  pi-                1      -211   24           0           0      0.42164      0.01986     -0.56577      0.71955      0.13957
 ==================================================================================================================================
                   sum charge:  0.00   sum momentum and inv. mass:     -0.00000      0.00000     90.00000    110.00440     63.25321



                            Event listing (standard)

    I  particle/jet  K(I,1)   K(I,2) K(I,3)     K(I,4)      K(I,5)       P(I,1)       P(I,2)       P(I,3)       P(I,4)       P(I,5)

    1  !e-!              21        11    0           3           4      0.00000      0.00000    -10.00000     10.00000      0.00051
    2  !p+!              21      2212    0           5           0     -0.00000      0.00000    100.00000    100.00440      0.93827
 ==================================================================================================================================
    3  !e-!              21        11    1           0           0      2.46424     -3.05907     -2.76502      4.80372      0.00051
    4  !gamma!           21        22    1           0           0     -2.46424      3.05907     -7.23498      5.19628     -6.38545
    5  !p+!              21      2212    2           0           0     -0.00000      0.00000    100.00000    100.00440      0.93827
    6  !gamma!           21        22    4           0           0     -2.46511      3.06015     -7.23638      5.19928     -6.38545
    7  !u!               21         2    5           0           0      0.00001     -0.00002      1.63939      1.63939      0.00000
    8  !gamma!           21        22    6           0           0     -2.46511      3.06015     -7.23638      5.19928     -6.38545
    9  !u!               21         2    7           0           0      0.00001     -0.00002      1.63939      1.63939      0.00000
   10  !u!               21         2    9           0           0     -2.46510      3.06013     -5.59699      6.83867      0.00000
 ==================================================================================================================================
   11  e-                 1        11    3           0           0      2.46424     -3.05907     -2.76502      4.80372      0.00051
   12  (ud_0)        A   12      2101    5          17          17     -0.08943      0.51163     97.25112     97.25423      0.57933
   13  (g)           I   12        21   10          17          17     -0.00204      0.24727      0.69406      0.73679      0.00000
   14  (g)           I   12        21   10          17          17     -2.33185      0.89003     -1.77082      3.06030      0.00000
   15  (g)           I   12        21   10          17          17     -0.92077      0.44211     -1.85670      2.11910      0.00000
   16  (u)           V   11         2   10          17          17      0.87985      0.96803     -1.55264      2.03025      0.00000
 ==================================================================================================================================
   17  (string)          11        92   12          18          26     -2.46424      3.05907     92.76502    105.20068     49.46114
   18  p+                 1      2212   17           0           0     -0.00722      0.33812     59.38867     59.39705      0.93827
   19  (K*-)             11      -323   17          27          28      0.07739      0.28845     22.59693     22.61485      0.84912
   20  (K*0)             11       313   17          29          30     -0.19312     -0.44461     11.16149     11.20259      0.82709
   21  (Kbar0)           11      -311   17          31          31     -0.10485      0.73086      2.03669      2.22282      0.49767
   22  (Sigmabar-)       11     -3222   17          32          33     -0.10824      0.00297      2.26200      2.55792      1.18937
   23  (Delta++)         11      2224   17          34          35     -1.29654      0.47635     -1.63946      2.47790      1.24267
   24  (rho-)            11      -213   17          36          37     -0.62530      0.19067     -0.13783      0.82681      0.48709
   25  (K*bar0)          11      -313   17          38          39      0.29870      1.13800     -1.77951      2.30514      0.87335
   26  (K*+)             11       323   17          40          41     -0.50507      0.33827     -1.12396      1.59561      0.95560
   27  (Kbar0)           11      -311   19          42          42     -0.13592      0.17517      9.99894     10.01377      0.49767
   28  pi-                1      -211   19           0           0      0.21331      0.11328     12.59799     12.60107      0.13957
   29  K+                 1       321   20           0           0     -0.07106     -0.13222      8.60036      8.61582      0.49360
   30  pi-                1      -211   20           0           0     -0.12206     -0.31238      2.56114      2.58677      0.13957
   31  (K_S0)            11       310   21          43          44     -0.10485      0.73086      2.03669      2.22282      0.49767
   32  pbar-              1     -2212   22           0           0     -0.08346     -0.16500      2.00667      2.22289      0.93827
   33  (pi0)             11       111   22          45          46     -0.02477      0.16798      0.25534      0.33503      0.13498
   34  p+                 1      2212   23           0           0     -0.96731      0.28519     -0.93413      1.66432      0.93827
   35  pi+                1       211   23           0           0     -0.32923      0.19116     -0.70533      0.81358      0.13957
   36  pi-                1      -211   24           0           0     -0.10441      0.05829      0.11596      0.21732      0.13957
   37  (pi0)             11       111   24          47          48     -0.52088      0.13237     -0.25380      0.60949      0.13498
   38  (Kbar0)           11      -311   25          49          49      0.10001      0.44562     -1.17419      1.35461      0.49767
   39  (pi0)             11       111   25          50          51      0.19869      0.69237     -0.60532      0.95052      0.13498
   40  (K0)              11       311   26          52          52     -0.15887     -0.05445     -0.28688      0.59848      0.49767
   41  pi+                1       211   26           0           0     -0.34620      0.39272     -0.83708      0.99713      0.13957
   42  K_L0               1       130   27           0           0     -0.13592      0.17517      9.99894     10.01377      0.49767
   43  pi+                1       211   31           0           0     -0.15399      0.65660      1.84601      1.97030      0.13957
   44  pi-                1      -211   31           0           0      0.04914      0.07426      0.19068      0.25252      0.13957
   45  gamma              1        22   33           0           0     -0.03395      0.17369      0.26623      0.31969      0.00000
   46  gamma              1        22   33           0           0      0.00918     -0.00572     -0.01089      0.01535      0.00000
   47  gamma              1        22   37           0           0     -0.29561      0.07141     -0.06909      0.31186      0.00000
   48  gamma              1        22   37           0           0     -0.22527      0.06097     -0.18470      0.29762      0.00000
   49  (K_S0)            11       310   38          53          54      0.10001      0.44562     -1.17419      1.35461      0.49767
   50  gamma              1        22   39           0           0      0.20298      0.49753     -0.42662      0.68610      0.00000
   51  gamma              1        22   39           0           0     -0.00428      0.19485     -0.17870      0.26442      0.00000
   52  K_L0               1       130   40           0           0     -0.15887     -0.05445     -0.28688      0.59848      0.49767
   53  pi+                1       211   49           0           0      0.02388      0.01148     -0.07175      0.15916      0.13957
   54  pi-                1      -211   49           0           0      0.07613      0.43414     -1.10244      1.19546      0.13957
 ==================================================================================================================================
                   sum charge:  0.00   sum momentum and inv. mass:     -0.00000      0.00000     90.00000    110.00440     63.25321



                            Event listing (standard)

    I  particle/jet  K(I,1)   K(I,2) K(I,3)     K(I,4)      K(I,5)       P(I,1)       P(I,2)       P(I,3)       P(I,4)       P(I,5)

    1  !e-!              21        11    0           3           4      0.00000      0.00000    -10.00000     10.00000      0.00051
    2  !p+!              21      2212    0           5           0     -0.00000      0.00000    100.00000    100.00440      0.93827
 ==================================================================================================================================
    3  !e-!              21        11    1           0           0     -1.36052      4.01066     -7.65008      8.74415      0.00051
    4  !gamma!           21        22    1           0           0      1.36052     -4.01066     -2.34992      1.25585     -4.67775
    5  !p+!              21      2212    2           0           0     -0.00000      0.00000    100.00000    100.00440      0.93827
    6  !gamma!           21        22    4           0           0      1.36218     -4.01556     -2.34539      1.26479     -4.67775
    7  !u!               21         2    5           0           0     -0.00005      0.00015      3.03033      3.03033      0.00000
    8  !gamma!           21        22    6           0           0      1.36218     -4.01556     -2.34539      1.26479     -4.67775
    9  !u!               21         2    7           0           0     -0.00005      0.00015      3.03033      3.03033      0.00000
   10  !u!               21         2    9           0           0      1.36213     -4.01541      0.68495      4.29512      0.00000
 ==================================================================================================================================
   11  e-                 1        11    3           0           0     -1.36052      4.01066     -7.65008      8.74415      0.00051
   12  (ud_0)        A   12      2101    5          18          18      0.31342      0.02703     87.23789     87.24038      0.57933
   13  (g)           I   12        21   10          18          18     -0.20092      1.57875      2.72630      3.15682      0.00000
   14  (g)           I   12        21   10          18          18      1.11496      0.45345      1.25203      1.73676      0.00000
   15  (g)           I   12        21   10          18          18      0.73433     -1.43544      1.99814      2.56754      0.00000
   16  (g)           I   12        21   10          18          18     -0.90529     -2.22615      2.26304      3.30100      0.00000
   17  (u)           V   11         2   10          18          18      0.30402     -2.40830      2.17268      3.25774      0.00000
 ==================================================================================================================================
   18  (string)          11        92   12          19          28      1.36052     -4.01066     97.65008    101.26025     26.46061
   19  n0                 1      2112   18           0           0      0.40211     -0.02583     64.71619     64.72426      0.93957
   20  (rho+)            11       213   18          29          30     -0.77629      0.39928      9.10567      9.18291      0.80658
   21  (rho-)            11      -213   18          31          32      0.64997      0.19662      4.03510      4.15291      0.70962
   22  nbar0              1     -2112   18           0           0     -0.05496      0.25784      7.18734      7.25329      0.93957
   23  p+                 1      2212   18           0           0      0.51449      1.15517      4.94909      5.19355      0.93827
   24  pi-                1      -211   18           0           0      0.05531     -0.17699      0.26122      0.34943      0.13957
   25  (rho+)            11       213   18          33          34      0.68583     -0.49883      1.25858      1.77886      0.92796
   26  pi-                1      -211   18           0           0     -0.48778     -0.34274      0.50002      0.79050      0.13957
   27  (rho+)            11       213   18          35          36      0.73010     -3.23079      3.47339      4.87326      0.84448
   28  (eta')            11       331   18          37          39     -0.35827     -1.74440      2.16349      2.96128      0.95773
   29  pi+                1       211   20           0           0     -0.57037      0.04055      2.74598      2.80836      0.13957
   30  (pi0)             11       111   20          40          41     -0.20591      0.35873      6.35969      6.37456      0.13498
   31  pi-                1      -211   21           0           0      0.34121     -0.23294      1.75665      1.80997      0.13957
   32  (pi0)             11       111   21          42          43      0.30876      0.42956      2.27844      2.34294      0.13498
   33  pi+                1       211   25           0           0      0.65386     -0.10426      1.16963      1.35126      0.13957
   34  (pi0)             11       111   25          44          45      0.03198     -0.39457      0.08895      0.42759      0.13498
   35  pi+                1       211   27           0           0     -0.09039     -0.74461      0.51519      0.92061      0.13957
   36  (pi0)             11       111   27          46          47      0.82049     -2.48618      2.95820      3.95265      0.13498
   37  pi-                1      -211   28           0           0      0.02387     -0.42556      0.38516      0.59118      0.13957
   38  pi+                1       211   28           0           0     -0.00082     -0.35876      0.31719      0.49880      0.13957
   39  (eta)             11       221   28          48          49     -0.38132     -0.96008      1.46114      1.87130      0.54745
   40  gamma              1        22   30           0           0     -0.07411      0.25686      4.14199      4.15061      0.00000
   41  gamma              1        22   30           0           0     -0.13180      0.10187      2.21770      2.22395      0.00000
   42  gamma              1        22   32           0           0      0.04382      0.02679      0.10783      0.11944      0.00000
   43  gamma              1        22   32           0           0      0.26494      0.40278      2.17061      2.22350      0.00000
   44  gamma              1        22   34           0           0     -0.04717     -0.14301      0.06075      0.16238      0.00000
   45  gamma              1        22   34           0           0      0.07914     -0.25156      0.02820      0.26522      0.00000
   46  gamma              1        22   36           0           0      0.44818     -1.43639      1.79291      2.34065      0.00000
   47  gamma              1        22   36           0           0      0.37231     -1.04979      1.16528      1.61201      0.00000
   48  gamma              1        22   39           0           0     -0.52175     -0.71070      1.06476      1.38240      0.00000
   49  gamma              1        22   39           0           0      0.14043     -0.24938      0.39638      0.48891      0.00000
 ==================================================================================================================================
                   sum charge:  0.00   sum momentum and inv. mass:     -0.00000      0.00000     90.00000    110.00440     63.25321



                            Event listing (standard)

    I  particle/jet  K(I,1)   K(I,2) K(I,3)     K(I,4)      K(I,5)       P(I,1)       P(I,2)       P(I,3)       P(I,4)       P(I,5)

    1  !e-!              21        11    0           3           4      0.00000      0.00000    -10.00000     10.00000      0.00051
    2  !p+!              21      2212    0           5           0     -0.00000      0.00000    100.00000    100.00440      0.93827
 ==================================================================================================================================
    3  !e-!              21        11    1           0           0      0.89836     -3.33851     -9.54788     10.15454      0.00051
    4  !gamma!           21        22    1           0           0     -0.89836      3.33851     -0.45212     -0.15454     -3.48328
    5  !p+!              21      2212    2           0           0     -0.00000      0.00000    100.00000    100.00440      0.93827
    6  !gamma!           21        22    4           0           0     -0.91153      3.38746      0.13467      0.43663     -3.48328
    7  !u!               21         2    5           0           0      0.00265     -0.00983     19.97241     19.97242      0.00000
    8  !gamma!           21        22    6           0           0     -0.91153      3.38746      0.13467      0.43663     -3.48328
    9  !u!               21         2    7           0           0      0.00265     -0.00983     19.97241     19.97242      0.00000
   10  !u!               21         2    9           0           0     -0.90889      3.37763     20.10708     20.40905      0.00000
 ==================================================================================================================================
   11  e-                 1        11    3           0           0      0.89836     -3.33851     -9.54788     10.15454      0.00051
   12  (ud_0)        A   12      2101    5          16          16      0.08334     -0.03439     50.32220     50.32562      0.57933
   13  (d)           V   11         1   10          16          16     -0.53148      3.29770     35.53137     35.68956      0.33000
   14  (u)           A   12         2   10          20          20     -0.92678     -0.38016     10.85956     10.90566      0.00000
   15  (dbar)        V   11        -1   10          20          20      0.47655      0.45536      2.83475      2.92902      0.33000
 ==================================================================================================================================
   16  (string)          11        92   12          17          19     -0.44813      3.26331     85.85358     86.01518      4.11391
   17  n0                 1      2112   16           0           0      0.18554      0.33123     40.75658     40.76918      0.93957
   18  (pi0)             11       111   16          23          24     -0.36923      0.00279     15.04110     15.04624      0.13498
   19  (pi0)             11       111   16          25          26     -0.26444      2.92929     30.05589     30.19976      0.13498
   20  (string)          11        92   14          21          22     -0.45023      0.07521     13.69430     13.83468      1.91206
   21  K+                 1       321   20           0           0     -0.97446     -0.14900     10.19712     10.25654      0.49360
   22  (Kbar0)           11      -311   20          27          27      0.52422      0.22420      3.49718      3.57813      0.49767
   23  gamma              1        22   18           0           0     -0.24299      0.04134      7.68161      7.68556      0.00000
   24  gamma              1        22   18           0           0     -0.12625     -0.03855      7.35949      7.36067      0.00000
   25  gamma              1        22   19           0           0     -0.18805      1.33669     13.82491     13.89066      0.00000
   26  gamma              1        22   19           0           0     -0.07639      1.59260     16.23098     16.30911      0.00000
   27  K_L0               1       130   22           0           0      0.52422      0.22420      3.49718      3.57813      0.49767
 ==================================================================================================================================
                   sum charge:  0.00   sum momentum and inv. mass:     -0.00000      0.00000     90.00000    110.00440     63.25321
1********* PYSTAT:  Statistics on Number of Events and Cross-sections *********

 ==============================================================================
 I                                  I                            I            I
 I            Subprocess            I      Number of points      I    Sigma   I
 I                                  I                            I            I
 I----------------------------------I----------------------------I    (mb)    I
 I                                  I                            I            I
 I N:o Type                         I    Generated         Tried I            I
 I                                  I                            I            I
 ==============================================================================
 I                                  I                            I            I
 I   0 All included subprocesses    I         1000        581946 I  4.224D-05 I
 I  11 f + f' -> f + f' (QCD)       I            7             0 I  6.989D-07 I
 I  12 f + fbar -> f' + fbar'       I            1             0 I  5.942D-08 I
 I  13 f + fbar -> g + g            I            0             0 I  0.000D+00 I
 I  28 f + g -> f + g               I           10             0 I  8.771D-07 I
 I  53 g + g -> f + fbar            I            0             0 I  0.000D+00 I
 I  68 g + g -> g + g               I            3             0 I  1.783D-07 I
 I  91 Elastic scattering           I           13         41831 I  5.510D-07 I
 I  92 Single diffractive (XB)      I            6         34231 I  2.679D-07 I
 I  93 Single diffractive (AX)      I            6         28007 I  1.800D-07 I
 I  94 Double  diffractive          I            2         28710 I  1.338D-07 I
 I  95 Low-pT scattering            I           25           933 I  5.485D-07 I
 I  99 q + gamma* -> q              I          913        158786 I  3.824D-05 I
 I 131 f + gamma*_T -> f + g        I            8         14044 I  2.471D-07 I
 I 132 f + gamma*_L -> f + g        I            0           830 I  1.338D-08 I
 I 135 g + gamma*_T -> f + fbar     I            5         46177 I  1.926D-07 I
 I 136 g + gamma*_L -> f + fbar     I            1          7334 I  5.865D-08 I
 I                                  I                            I            I
 ==============================================================================
 I                                  I                            I            I
 I   1 VMD * hadron                 I           23        282271 I  1.392D-06 I
 I   2 direct * hadron              I           14         68385 I  5.117D-07 I
 I   3 anomalous * hadron           I           50         72504 I  2.103D-06 I
 I   4 DIS * hadron                 I          913        158786 I  3.824D-05 I
 I                                  I                            I            I
 ==============================================================================

 ********* Total number of errors, excluding junctions =        0 *************
 ********* Total number of errors, including junctions =        0 *************
 ********* Total number of warnings =                           0 *************
 ********* Fraction of events that fail fragmentation cuts =  0.00794 *********

1************ PYSTAT: User-Defined Limits on Kinematical Variables ************

 ==============================================================================
 I                                                                            I
 I                 0.000D+00 <  m_hard (GeV/c^2)  <  3.711D+01                I
 I    0.000D+00 ( 1.000D+00) <  p_T_hard (GeV/c)  <  1.856D+01                I
 I                             m_finite (GeV/c^2) =  1.000D+00                I
 I                -1.000D+01 <    y*_subsystem    <  1.000D+01                I
 I                -4.000D+01 <      y*_large      <  4.000D+01                I
 I                -4.000D+01 <      y*_small      <  4.000D+01                I
 I                -4.000D+01 <     eta*_large     <  4.000D+01                I
 I                -4.000D+01 <     eta*_small     <  4.000D+01                I
 I                -1.000D+00 < cos(theta*)_large  <  1.000D+00                I
 I                -1.000D+00 < cos(theta*)_small  <  1.000D+00                I
 I                 0.000D+00 <        x_1         <  1.000D+00                I
 I                 0.000D+00 <        x_2         <  1.000D+00                I
 I                -1.000D+00 <        x_F         <  1.000D+00                I
 I                -1.000D+00 <  cos(theta_hard)   <  1.000D+00                I
 I                 2.000D+00 < m'_hard (GeV/c^2)  <  3.711D+01                I
 I                                                                            I
 ==============================================================================
 The charm mass used is:    1.5000000000000000     
 ===================================================
 Pythia total cross section normalisation:   4.2243981763924708E-002  microbarn
 Total Number of generated events        1000
 Total Number of trials        1000
 ===================================================
 ==== PYTHIA WILL USE LHAPDF ====
 *************************************
 *       LHAPDF Version 5.9.1        *
 *   Configured for the following:   *
 *             All PDFs              *
 *         FULL MEMORY option        *
 *    Maximum  3 concurrent set(s)   *
 *************************************

 >>>>>> PDF description: <<<<<<
 CTEQ6M                                                          
 Reference:                                                      
 J. Pumplin, D.R. Stump, J. Huston, H.L. Lai, P. Nadolsky,       
 W.K. Tung                                                       
 hep-ph/0201195                                                  
 This set has 41 member PDFs.                                    
     mem=0 --> central value (cteq6m)                            
     mem=1-40 --> 20 sets of +ve/-ve error values                
 >>>>>>                   <<<<<<

 ==============================================
 PDFset name /cvmfs/sft.cern.ch/lcg/external/lhapdfsets/5.9.1/share/PDFsets/cteq6mE.LHgrid   
 with         40 members
 ====  initialized. ===========================
 Strong coupling at Mz for PDF is:  0.11798

 ===== PDFSTA statistics for PDF under/over-flows ====

 ====== STRUCTM statistics for nucleon/pion PDFs =====

   total # of calls    77540.000000000000     
   X  below PDF min    0.0000000000000000       or    0.0000000000000000       %
   X  above PDF max    0.0000000000000000       or    0.0000000000000000       %
   Q2 below PDF min    0.0000000000000000       or    0.0000000000000000       %
   Q2 above PDF max    0.0000000000000000       or    0.0000000000000000       %

 ========= STRUCTP statistics for photon PDFs ========

   total # of calls    0.0000000000000000     

