000 (8176.000.000) 08/25 16:01:10 Job submitted from host: <130.199.48.114:9618?addrs=130.199.48.114-9618&noUDP&sock=32176_65b5_3>
...
001 (8176.000.000) 08/25 16:01:31 Job executing on host: <130.199.157.2:9618?addrs=130.199.157.2-9618&noUDP&sock=37856_0bab_3>
...
006 (8176.000.000) 08/25 16:01:40 Image size of job updated: 46648
	45  -  MemoryUsage of job (MB)
	45928  -  ResidentSetSize of job (KB)
...
006 (8176.000.000) 08/25 16:05:22 Image size of job updated: 388536
	45  -  MemoryUsage of job (MB)
	45928  -  ResidentSetSize of job (KB)
...
005 (8176.000.000) 08/25 16:05:23 Job terminated.
	(1) Normal termination (return value 0)
		Usr 0 00:03:46, Sys 0 00:00:01  -  Run Remote Usage
		Usr 0 00:00:00, Sys 0 00:00:00  -  Run Local Usage
		Usr 0 00:03:46, Sys 0 00:00:01  -  Total Remote Usage
		Usr 0 00:00:00, Sys 0 00:00:00  -  Total Local Usage
	0  -  Run Bytes Sent By Job
	0  -  Run Bytes Received By Job
	0  -  Total Bytes Sent By Job
	0  -  Total Bytes Received By Job
	Partitionable Resources :    Usage  Request Allocated 
	   Cpus                 :     1.00        1         1 
	   Disk (KB)            :     1           1   6743395 
	   Memory (MB)          :    45        1500      1536 
	   Xferslots            :                           0 
...
000 (8189.000.000) 08/31 16:54:46 Job submitted from host: <130.199.48.114:9618?addrs=130.199.48.114-9618&noUDP&sock=32176_65b5_3>
...
001 (8189.000.000) 08/31 16:55:36 Job executing on host: <130.199.202.115:9618?addrs=130.199.202.115-9618&noUDP&sock=32169_2e8f_3>
...
006 (8189.000.000) 08/31 16:55:44 Image size of job updated: 46780
	45  -  MemoryUsage of job (MB)
	45928  -  ResidentSetSize of job (KB)
...
006 (8189.000.000) 08/31 17:00:44 Image size of job updated: 88496
	84  -  MemoryUsage of job (MB)
	85516  -  ResidentSetSize of job (KB)
...
006 (8189.000.000) 08/31 17:05:45 Image size of job updated: 88536
	84  -  MemoryUsage of job (MB)
	85520  -  ResidentSetSize of job (KB)
...
006 (8189.000.000) 08/31 17:10:46 Image size of job updated: 88548
	84  -  MemoryUsage of job (MB)
	85524  -  ResidentSetSize of job (KB)
...
006 (8189.000.000) 08/31 17:15:46 Image size of job updated: 269408
	169  -  MemoryUsage of job (MB)
	172168  -  ResidentSetSize of job (KB)
...
006 (8189.000.000) 08/31 17:15:54 Image size of job updated: 692892
	169  -  MemoryUsage of job (MB)
	172168  -  ResidentSetSize of job (KB)
...
005 (8189.000.000) 08/31 17:15:54 Job terminated.
	(1) Normal termination (return value 0)
		Usr 0 00:19:15, Sys 0 00:00:02  -  Run Remote Usage
		Usr 0 00:00:00, Sys 0 00:00:00  -  Run Local Usage
		Usr 0 00:19:15, Sys 0 00:00:02  -  Total Remote Usage
		Usr 0 00:00:00, Sys 0 00:00:00  -  Total Local Usage
	0  -  Run Bytes Sent By Job
	0  -  Run Bytes Received By Job
	0  -  Total Bytes Sent By Job
	0  -  Total Bytes Received By Job
	Partitionable Resources :    Usage  Request Allocated 
	   Cpus                 :     1.00        1         1 
	   Disk (KB)            :     1           1   4811694 
	   Memory (MB)          :   169        1500      1536 
	   Xferslots            :                           0 
...
