 +-----------------------------------------------------------------------+
 | Welcome to BeAGLE - Benchmark eA Generator for LEptoproduction        |
 |                                                                       |
 |         BBBBBB  EEEEEEE     A     GGGGGG  LL       EEEEEEE            |
 |         BB   B  EE         A A    GG      LL       EE                 |
 |         BB  B   EE        A   A   GG      LL       EE                 |
 |         BBBBB   EEEEE     AAAAA   GG  GG  LL       EEEEE              |
 |         BB  B   EE       A     A  GG   G  LL       EE                 |
 |         BB   B  EE       A     A  GG   G  LL       EE                 |
 |         BBBBBB  EEEEEEE  A     A  GGGGGG  LLLLLLL  EEEEEEE            |
 |                                                                       |
 | BeAGLE Version 1.01.03                                                |
 |                                                                       |
 | Authors: Elke Aschenauer, Mark D. Baker, J.H. Lee, Zhoudunming Tu,    |
 |          Liang Zheng                                                  |
 | Contact: mdbaker@mdbpads.com or zhoudunming@bnl.gov                   |
 |                                                                       |
 | This program (previously called DPMJetHybrid) links to:               |
 | DPMJET, PHOJET, & PYTHIA (see version #s below) including also        |
 | LHAPDF for pdfs, and FLUKA & PyQM for conventional nuclear effects    |
 +-----------------------------------------------------------------------+

                            _______.
                         ,=~       '~\c.
                        i`             '\.
                       ,!                'c
                      ,/                 . t
                   ,_v`              ,,md@m.\
               ,v=~`    m.           [d@@@@@/i
             ,/`        '*          ],@@@@@@[[
            ,!                      ]]@@@@@@[[
            /                       ]]@@@@@@[[
           i`                       ]]@@@@@@[[
          g4.                       'i@@@@@A\|
         ]W@b                        \/M@Af,|
         'M@@W                      v/~===/`
              \=c_______==~~~~\.   /
                             ,mWmmWs
                             '*A**Mf
                             ,v`   \c.
                           _=`       'c.              v==c.
                         v/            'c           _K., i'i
                      ,v~                \c_  __==~~  ]'i] ]
                    ,=`                     ~~      'P`,!/ /
                  _/`      .           -.           .!.' _/
       ,.     ,_=~    ,_=/~[            N=__  __==~~'\/~~
     ,/`'i  ,/`    _=~`    [            ]   ~~
      t_.]~~~~~TXXXXG.     [            |.
      ] 'Y~~~~~`     [     [             [
      ]v`d           [     ]    __.       [
      ] /]   ,/    .,!     ]  v~, /\c   ,v/~~=.
      ][!d  -`    i` ]     ] / i! !i'i  [, [] /c
      ][/]    v   [  ]     ]i` `   ' [ ] !    !'i
      ]P,4  ,/   / / ]     ]]        [ ]        [
      ][/] -`   ,|,-'i     ]]        [ ]        [
      iV,]   v  / /  [     ]]        [ ]        [
      ] \] ,/    '   [     |/i       [ ]       ,|
~~~~~~Vg|] ` ____====f~~~~~~~~c    ,/~~~c     ,/~~~~~~~~~~~~~~~~~~~
        '~~~~                 ~==/`     \c__=`

 Art credit: asciiworld.com


 +-----------------------------------------------------------------------+
 |                                                                       |
 |                          DPMJET version 3.0-5                         |
 |                                                                       |
 |                      (Last change: 06 Jan 2010)                       |
 |                                                                       |
 |            Authors: Stefan Roesler   (CERN)                           |
 |                     Ralph Engel      (FZ Karlsruhe)                   |
 |                     Johannes Ranft   (Siegen Univ.)                   |
 |                                                                       |
 +-----------------------------------------------------------------------+
 | Please send suggestions, bug reports, etc. to: Stefan.Roesler@cern.ch |
 +-----------------------------------------------------------------------+

 Will use BEAGLESYS for .dat files: /cvmfs/eic.opensciencegrid.org/x8664_sl7/MCEG/releases/env/dev/PACKAGES/BeAGLE.
  
**********************************************************************        
* Example for a DTUNUC input file.                                            
* Uncomment the input-cards according to your requirements.                   
*                                                                             
* Format: A10,6E10.0,A8                                                       
*        (except for the section enclosed by "PHOINPUT" and "ENDINPUT"        
*         which is format-free)                                               
*         lines starting with "*" are comment lines                           
**********************************************************************        
*                                                                             
* projectile / target                                                         
* -------------------                                                         
PROJPAR     0.00      0.00      0.00      0.00      0.00      0.00    ELECTRON
TARPAR      197.      79.0      0.00      0.00      0.00      0.00            
TAUFOR      9.00      25.0      1.00      0.00      0.00      0.00            
FERMI       2.00     0.620      1.00      0.00      0.00      0.00            
* random number                                                               
FSEED       13.0     -1.00      3.00      3.00      0.00      0.00            
* output file with the name of fort.xx (xx=21-99)                             
OUTPUT      92.0      0.00      0.00      0.00      0.00      0.00            
* energy of interaction                                                       
* ---------------------                                                       
*	     momentum of beam1||momentum of beam2                                   
MOMENTUM    18.0      110.      0.00      0.00      0.00      0.00            
 BEAM1, BEAM2, MAscl, gamma, beta, EPN
   18.000000000000000          110.00000000000000         0.93113373676781663          118.13978652085351         0.99996417506424962          4252.9561333029233     
*	decay of pi0  2/0  decay/not decayed                                        
PARDECAY    2.00      0.00      0.00      0.00      0.00      0.00            
*	treatment of diffractive events                                             
*DIFFRACT         -3         0         0         0                            
* lepton tagger to sample events with certain kinematics cuts                 
*		yMin      yMax    Q2Min    Q2Max   theta_Min theta_Max                     
L-TAG      0.100E-08  1.00     0.500     0.200E+05  0.00      6.29            
*VDM-PAR2           1        1         0                                      
* model selection                                                             
USERSET     15.0      9.00      0.00      0.00      0.00      0.00            
 USERSET 15 selected. Fermi debug.
            USER1 = pxmiss
            USER2 = pxspec
            USER3 = P00
MODEL       0.00      0.00      0.00      0.00      0.00      0.00    PYTHIA  
* if PYTHIA model specify pythia input cards                                  
PY-INPUT    0.00      0.00      0.00      0.00      0.00      0.00    eAS1noq 
* PHOJET-specific input                                                       
* ---------------------                                                       
* The following lines control the event-generation with PHOJET for            
* individual photon/nucleon-nucleon collisions.                               
* For details see the PHOJET-manual available at                              
*        http://lepton.bartol.udel.edu/~eng/phojet.html                       
* Any options explained in the PHOJET-manual can be used in between           
* the "PHOINPUT" and "ENDINPUT" cards.                                        
PHOINPUT    0.00      0.00      0.00      0.00      0.00      0.00            

  ===================================================
                                                     
       ----      PHOJET version 1.12      ----      
                                                     
  ===================================================
      Authors: Ralph Engel      (FZ Karlsruhe)
               Johannes Ranft   (Siegen Univ.)
               Stefan Roesler   (CERN)
  ---------------------------------------------------
    Manual, updates, and further information:
     http://www-ik.fzk.de/~engel/phojet.html
  ---------------------------------------------------
     please send suggestions / bug reports etc. to:
              ralph.engel@fzk.de
  ===================================================
    $Date: 2000/06/25 21:59:19 $
    $Revision: 1.12.1.35 $
    (code version with interface to PYTHIA 6.x)
    (code version for usage in DPMJET 3.x)
  ===================================================

 PROCESS              1           1           1           1           1           1           1           1
  RETURN
*                                                                             
* Output                                                                      
* ------                                                                      
*   some default output (particle multiplicities etc.)                        
HISTOGRAM   101.      102.      0.00      0.00      0.00      0.00            
*                                                                             
* Start of event generation                                                   
* -------------------------                                                   
*		number of events                                                           
START      0.100E+04  0.00      0.00      0.00      0.00      0.00            
 %%%%%%%%%% FLUKA RANDOM SEED INIT %%%%%%%%%%%
          13          -1           3           3
 %%%%%%%%%%%%%%%%%%%%%%%%%%%%%%%%%%%%%%%%%%%%%
 DT_JSPARA: new value (default value)
 Momentum read by BeAGLE: P(e)=   18.000000000000000       P(p)=   110.00000000000000     
 the input file is: eAS1noq                                                                                                                                                                                                                                                         
  
 WARNING: Pythia control file A,Z unused
 Beagle will use DPMJET A,Z:          197 ,           79
 Using fixed PYR seed:      1234567
1                                                                              
 ******************************************************************************
 ******************************************************************************
 **                                                                          **
 **                                                                          **
 **              *......*                  Welcome to the Lund Monte Carlo!  **
 **         *:::!!:::::::::::*                                               **
 **      *::::::!!::::::::::::::*          PPP  Y   Y TTTTT H   H III   A    **
 **    *::::::::!!::::::::::::::::*        P  P  Y Y    T   H   H  I   A A   **
 **   *:::::::::!!:::::::::::::::::*       PPP    Y     T   HHHHH  I  AAAAA  **
 **   *:::::::::!!:::::::::::::::::*       P      Y     T   H   H  I  A   A  **
 **    *::::::::!!::::::::::::::::*!       P      Y     T   H   H III A   A  **
 **      *::::::!!::::::::::::::* !!                                         **
 **      !! *:::!!:::::::::::*    !!       This is PYTHIA version 6.428      **
 **      !!     !* -><- *         !!       Last date of change:  5 Sep 2013  **
 **      !!     !!                !!                                         **
 **      !!     !!                !!       Now is  0 Jan 2000 at  0:00:00    **
 **      !!                       !!                                         **
 **      !!        lh             !!       Disclaimer: this program comes    **
 **      !!                       !!       without any guarantees. Beware    **
 **      !!                 hh    !!       of errors and use common sense    **
 **      !!    ll                 !!       when interpreting results.        **
 **      !!                       !!                                         **
 **      !!                                Copyright T. Sjostrand (2011)     **
 **                                                                          **
 ** An archive of program versions and documentation is found on the web:    **
 ** http://www.thep.lu.se/~torbjorn/Pythia.html                              **
 **                                                                          **
 ** When you cite this program, the official reference is to the 6.4 manual: **
 ** T. Sjostrand, S. Mrenna and P. Skands, JHEP05 (2006) 026                 **
 ** (LU TP 06-13, FERMILAB-PUB-06-052-CD-T) [hep-ph/0603175].                **
 **                                                                          **
 ** Also remember that the program, to a large extent, represents original   **
 ** physics research. Other publications of special relevance to your        **
 ** studies may therefore deserve separate mention.                          **
 **                                                                          **
 ** Main author: Torbjorn Sjostrand; Department of Theoretical Physics,      **
 **   Lund University, Solvegatan 14A, S-223 62 Lund, Sweden;                **
 **   phone: + 46 - 46 - 222 48 16; e-mail: torbjorn@thep.lu.se              **
 ** Author: Stephen Mrenna; Computing Division, GDS Group,                   **
 **   Fermi National Accelerator Laboratory, MS 234, Batavia, IL 60510, USA; **
 **   phone: + 1 - 630 - 840 - 2556; e-mail: mrenna@fnal.gov                 **
 ** Author: Peter Skands; CERN/PH-TH, CH-1211 Geneva, Switzerland            **
 **   phone: + 41 - 22 - 767 24 47; e-mail: peter.skands@cern.ch             **
 **                                                                          **
 **                                                                          **
 ******************************************************************************
 ******************************************************************************
     MSEL           changed from              1 to              2
     mstp(14)       changed from             30 to             30
     MSTP(15)       changed from              0 to              0
     MSTP(16)       changed from              1 to              1
     MSTP(17)       changed from              4 to              4
     MSTP(18)       changed from              3 to              3
     MSTP(19)       changed from              4 to              1
     MSTP(20)       changed from              3 to              0
     MSTP(32)       changed from              8 to              8
     MSTP(38)       changed from              5 to              4
     MSTP(51)       changed from              7 to          10042
     MSTP(52)       changed from              1 to              2
     MSTP(53)       changed from              3 to              3
     MSTP(54)       changed from              1 to              1
     MSTP(55)       changed from              5 to              5
     MSTP(56)       changed from              1 to              1
     MSTP(57)       changed from              1 to              1
     MSTP(58)       changed from              5 to              5
     MSTP(59)       changed from              1 to              1
     MSTP(60)       changed from              7 to              7
     MSTP(61)       changed from              2 to              2
     MSTP(71)       changed from              1 to              1
     MSTP(81)       changed from              1 to              0
     MSTP(82)       changed from              4 to              0
     MSTP(91)       changed from              1 to              1
     MSTP(92)       changed from              3 to              3
     MSTP(93)       changed from              1 to              1
     MSTP(94)       changed from              3 to              2
     MSTP(101)      changed from              3 to              3
     MSTP(102)      changed from              1 to              1
     MSTP(111)      changed from              1 to              1
     MSTP(121)      changed from              0 to              0
     PARP(2)        changed from       10.00000 to        2.00000
     PARP(13)       changed from        1.00000 to        1.00000
     PARP(18)       changed from        0.40000 to        0.40000
     PARP(81)       changed from        1.90000 to        1.90000
     PARP(89)       changed from     1800.00000 to     1800.00000
     PARP(90)       changed from        0.25000 to        0.16000
     PARP(91)       changed from        2.00000 to        0.32000
     PARP(93)       changed from        5.00000 to        5.00000
     PARP(97)       changed from        1.00000 to        6.00000
     PARP(99)       changed from        1.00000 to        0.40000
     PARP(100)      changed from        5.00000 to        5.00000
     PARP(102)      changed from        0.28000 to        0.28000
     PARP(103)      changed from        1.00000 to        1.00000
     PARP(104)      changed from        0.80000 to        0.80000
     PARP(111)      changed from        2.00000 to        2.00000
     PARP(161)      changed from        2.20000 to        3.00000
     PARP(162)      changed from       23.60000 to       24.60000
     PARP(163)      changed from       18.40000 to       18.80000
     PARP(164)      changed from       11.50000 to       11.50000
     PARP(165)      changed from        0.50000 to        0.47679
     PARP(166)      changed from        0.00000 to        0.67597
     PARJ(1)        changed from        0.10000 to        0.10000
     PARJ(2)        changed from        0.30000 to        0.30000
     PARJ(11)       changed from        0.50000 to        0.50000
     PARJ(12)       changed from        0.60000 to        0.60000
     PARJ(21)       changed from        0.36000 to        0.32000
     PARJ(32)       changed from        1.00000 to        1.00000
     PARJ(33)       changed from        0.80000 to        0.80000
     PARJ(41)       changed from        0.30000 to        0.30000
     PARJ(42)       changed from        0.58000 to        0.58000
     PARJ(45)       changed from        0.50000 to        0.50000
     MSTJ(1)        changed from              1 to              1
     MSTJ(12)       changed from              2 to              1
     MSTJ(45)       changed from              5 to              5
     MSTU(112)      changed from              5 to              5
     MSTU(113)      changed from              3 to              5
     MSTU(114)      changed from              5 to              5
     CKIN(1)        changed from        2.00000 to        1.00000
     CKIN(2)        changed from       -1.00000 to       -1.00000
     CKIN(3)        changed from        0.00000 to        0.00000
     CKIN(4)        changed from       -1.00000 to       -1.00000
     CKIN(5)        changed from        1.00000 to        1.00000
     CKIN(6)        changed from        1.00000 to        1.00000
     CKIN(7)        changed from      -10.00000 to      -10.00000
     CKIN(8)        changed from       10.00000 to       10.00000
     CKIN(9)        changed from      -40.00000 to      -40.00000
     CKIN(10)       changed from       40.00000 to       40.00000
     CKIN(11)       changed from      -40.00000 to      -40.00000
     CKIN(12)       changed from       40.00000 to       40.00000
     CKIN(13)       changed from      -40.00000 to      -40.00000
     CKIN(14)       changed from       40.00000 to       40.00000
     CKIN(15)       changed from      -40.00000 to      -40.00000
     CKIN(16)       changed from       40.00000 to       40.00000
     CKIN(17)       changed from       -1.00000 to       -1.00000
     CKIN(18)       changed from        1.00000 to        1.00000
     CKIN(19)       changed from       -1.00000 to       -1.00000
     CKIN(20)       changed from        1.00000 to        1.00000
     CKIN(21)       changed from        0.00000 to        0.00000
     CKIN(22)       changed from        1.00000 to        1.00000
     CKIN(23)       changed from        0.00000 to        0.00000
     CKIN(24)       changed from        1.00000 to        1.00000
     CKIN(25)       changed from       -1.00000 to       -1.00000
     CKIN(26)       changed from        1.00000 to        1.00000
     CKIN(27)       changed from       -1.00000 to       -1.00000
     CKIN(28)       changed from        1.00000 to        1.00000
     CKIN(31)       changed from        2.00000 to        2.00000
     CKIN(32)       changed from       -1.00000 to       -1.00000
     CKIN(35)       changed from        0.00000 to        0.00000
     CKIN(36)       changed from       -1.00000 to       -1.00000
     CKIN(37)       changed from        0.00000 to        0.00000
     CKIN(38)       changed from       -1.00000 to       -1.00000
     CKIN(39)       changed from        4.00000 to        4.00000
     CKIN(40)       changed from       -1.00000 to       -1.00000
     CKIN(65)       changed from        0.00000 to        0.00000
     CKIN(66)       changed from       -1.00000 to       -1.00000
     CKIN(67)       changed from        0.00000 to        0.00000
     CKIN(68)       changed from       -1.00000 to       -1.00000
     CKIN(77)       changed from        2.00000 to        2.00000
     CKIN(78)       changed from       -1.00000 to       -1.00000
 *********************************************
 NOW all parameters are read by PYTHIA
 *********************************************
 the output file is: outForPythiaMode/eAu.txt                                                                                                                                                                                                                                        
 kinematics cut read by PYTHIA:
   1.0000000000000001E-009  < y <   0.99900000000000000      ,   0.50000000000000000       < Q2 <    20000.000000000000     
 SEED =      1234567
 RANLUX LUXURY LEVEL SET BY RLUXGO : 4     P= 389
 RANLUX INITIALIZED BY RLUXGO FROM SEEDS     1234567           0           0
   4252.9561332995763        18.000000007225001       -4252.9561332995454       -18.000000000000000     
 *********************************************
 Nucleus: Z, A:           79           197
 Per nucleon beam momentum:   110.00000000000000      GeV
 sqrts for momentum matched ep:    89.000137118951287      GeV
 Rapidity-matched neutron beam momentum:    110.99662263206297      GeV
 Rapidity-matched proton beam momentum:    110.84304641164121      GeV
 lepton beam momentum:    18.000000000000000      GeV
 sqrts for eN system:    89.402364512207185      GeV
 lepton beam energy in TRF:    4252.9561332995763      GeV
 *********************************************
 Density profile of the target: DONE
 Charge number=          79  Mass number=         197
 Quenching requested, qhat=   0.0000000000000000     
 Using recoil factor:   0.0000000000000000     
       Ptmodel iPtF:            3
       EmitGluon iEg:           0
       SupFactor:       1.0000000000000000     
       Heavy Quarks:            0
       Energy Thres:    0.0000000000000000     

 WEAK DECAY TABLE
 Particle, PID, MDCY value
 K_S0                     310           1
 pi0                      111           1
 Lambda0                 3122           1
 Lambdabar0             -3122           1
 Sigma+                  3222           1
 Sigmabar-              -3222           1
 Sigma-                  3112           1
 Sigmabar+              -3112           1
 Xi0                     3322           1
 Xibar0                 -3322           1
 Xi-                     3312           1
 Xibar+                 -3312           1
 Omega-                  3334           1
 Omegabar+              -3334           1
 D+                       411           1
 D-                      -411           1
 D0                       421           1
 Dbar0                   -421           1
 D_s+                     431           1
 D_s-                    -431           1
 eta_c                    441           1
 Lambda_c+               4122           1
 Lambda_cbar-           -4122           1
 Sigma_c++               4222           1
 Sigma_c+                4212           1
 Sigma_c0                4112           1
 Sigma_cbar--           -4222           1
 Sigma_cbar-            -4212           1
 Sigma_cbar0            -4112           1
 Xi_c+                   4232           1
 Xi_c0                   4132           1
 Xi_cbar-               -4232           1
 Xi_cbar0               -4132           1
 Sigma0                  3212           1
 Sigmabar0              -3212           1
 J/psi                    443           1
 phi                      333           1

1****************** PYINIT: initialization of PYTHIA routines *****************
 ==== PYTHIA WILL USE LHAPDF ====
 *************************************
 *       LHAPDF Version 5.9.1        *
 *   Configured for the following:   *
 *             All PDFs              *
 *         FULL MEMORY option        *
 *    Maximum  3 concurrent set(s)   *
 *************************************

 >>>>>> PDF description: <<<<<<
 CTEQ6L1 - LO with LO alpha_s                                    
 Reference:                                                      
 J. Pumplin, D.R. Stump, J. Huston, H.L. Lai, P. Nadolsky,       
 W.K. Tung                                                       
 hep-ph/0201195                                                  
 >>>>>>                   <<<<<<

 Parametrization: CTEQ6           

 ==============================================
 PDFset name /cvmfs/sft.cern.ch/lcg/external/lhapdfsets/5.9.1/share/PDFsets/cteq6ll.LHpdf    
 with          1 members
 ====  initialized. ===========================
 Strong coupling at Mz for PDF is:  0.12978

 ==============================================================================
 I                                                                            I
 I      PYTHIA will be initialized for gamma/e- on n0 user configuration      I
 I                                                                            I
 I                  px (GeV/c)   py (GeV/c)   pz (GeV/c)      E (GeV)         I
 I        gamma/e-       0.000        0.000      -18.000       18.000         I
 I        n0             0.000        0.000      110.997      111.001         I
 I                                                                            I
 I           corresponding to     89.402 GeV center-of-mass energy            I
 I                                                                            I
 ==============================================================================
 /cvmfs/sft.cern.ch/lcg/external/lhapdfsets/5.9.1/share/PDFsets/EPS09LOR_197.LHgrid

 ******** PYMAXI: summary of differential cross-section maximum search ********

           ==========================================================
           I                                      I                 I
           I  ISUB  Subprocess name               I  Maximum value  I
           I                                      I                 I
           ==========================================================
           I                                      I                 I
           I   91   Elastic scattering            I    6.1204D-03   I
           I   92   Single diffractive (XB)       I    4.5424D-03   I
           I   93   Single diffractive (AX)       I    3.7049D-03   I
           I   94   Double  diffractive           I    3.6299D-03   I
           I   95   Low-pT scattering             I    2.7077D-02   I
           I   96   Semihard QCD 2 -> 2           I    2.6088D-01   I
           I                                      I                 I
           ==========================================================

 ******** PYMAXI: summary of differential cross-section maximum search ********

           ==========================================================
           I                                      I                 I
           I  ISUB  Subprocess name               I  Maximum value  I
           I                                      I                 I
           ==========================================================
           I                                      I                 I
           I  131   f + gamma*_T -> f + g         I    1.7938D-03   I
           I  132   f + gamma*_L -> f + g         I    9.7487D-05   I
           I  135   g + gamma*_T -> f + fbar      I    8.3835D-03   I
           I  136   g + gamma*_L -> f + fbar      I    1.4684D-03   I
           I                                      I                 I
           ==========================================================

 ******** PYMAXI: summary of differential cross-section maximum search ********

           ==========================================================
           I                                      I                 I
           I  ISUB  Subprocess name               I  Maximum value  I
           I                                      I                 I
           ==========================================================
           I                                      I                 I
           I   91   Elastic scattering            I    1.5813D-03   I
           I   92   Single diffractive (XB)       I    1.1964D-03   I
           I   93   Single diffractive (AX)       I    9.4775D-04   I
           I   94   Double  diffractive           I    9.4952D-04   I
           I   95   Low-pT scattering             I    7.5328D-03   I
           I   96   Semihard QCD 2 -> 2           I    1.8098D-01   I
           I                                      I                 I
           ==========================================================

 ******** PYMAXI: summary of differential cross-section maximum search ********

           ==========================================================
           I                                      I                 I
           I  ISUB  Subprocess name               I  Maximum value  I
           I                                      I                 I
           ==========================================================
           I                                      I                 I
           I   99   q + gamma* -> q               I    2.8575D-02   I
           I                                      I                 I
           ==========================================================

 ********************** PYINIT: initialization completed **********************
 LAEVT:                kinematical cuts
                      ------------------
         W (min)   =    0.5 GeV    (max) =   89.4 GeV
         y (min)   =  0.000        (max) =  0.999
         Q^2 (min) =    0.5 GeV^2  (max) =20000.0 GeV^2
 (Lab)   E_g (min) =    0.0 GeV
 (Lab) theta (min) = 0.0000        (max) = 6.2900   for E_lpt >    0.0 GeV

 resulting limits:
         W (min)   =    0.9 GeV    (max) =   89.4 GeV

 limits for Glauber-initialization:
         W (min)   =    3.0 GeV    (max) =   89.4 GeV
         Q^2 (min) =    0.5 GeV^2  (max) =20000.0 GeV^2



 SHMAKI:    Glauber formalism (Shmakov et. al) - initialization
            ---------------------------------------------------

 variable energy run:     projectile-id:  7    target A/Z: 197 / 79

        E_cm (GeV)    Q^2 (GeV^2)    Sigma_tot (mb)     Sigma_in (mb)
       --------------------------------------------------------------
            3.0           0.50          12.309              0.000
            3.0           7.07           0.999              0.000
            3.0         100.00           0.000              0.000
            3.0         ******           0.000              0.000
            3.0         ******           0.000              0.000
            4.9           0.50          10.682              0.000
            4.9           7.07           1.323              0.000
            4.9         100.00           0.004              0.000
            4.9         ******           0.000              0.000
            4.9         ******           0.000              0.000
            7.9           0.50          10.149              0.000
            7.9           7.07           1.313              0.000
            7.9         100.00           0.022              0.000
            7.9         ******           0.000              0.000
            7.9         ******           0.000              0.000
           12.8           0.50          10.407              0.000
           12.8           7.07           1.327              0.000
           12.8         100.00           0.063              0.000
           12.8         ******           0.000              0.000
           12.8         ******           0.000              0.000
           20.9           0.50          11.226              0.000
           20.9           7.07           1.482              0.000
           20.9         100.00           0.089              0.000
           20.9         ******           0.000              0.000
           20.9         ******           0.000              0.000
           33.9           0.50          12.453              0.000
           33.9           7.07           1.759              0.000
           33.9         100.00           0.105              0.000
           33.9         ******           0.002              0.000
           33.9         ******           0.000              0.000
           55.0           0.50          14.010              0.000
           55.0           7.07           2.140              0.000
           55.0         100.00           0.132              0.000
           55.0         ******           0.004              0.000
           55.0         ******           0.000              0.000
           89.4           0.50          15.868              0.000
           89.4           7.07           2.624              0.000
           89.4         100.00           0.173              0.000
           89.4         ******           0.006              0.000
           89.4         ******           0.000              0.000
 DT_SIGEMU:    Combined cross sections
               -----------------------

 E_cm =      3.0 GeV  Q^2 =   0.5 GeV^2 :

 total                                   12.3088 +-    0.00000 mb
 elastic                                  0.0000 +-    0.00000 mb
 quasi-elastic (A+B-->A+X)                0.0000 +-    0.00000 mb
 quasi-elastic (A+B-->X+B)                0.0000 +-    0.00000 mb
 quasi-elastic (A+B-->X, excl. 2-4)       0.0000 +-    0.00000 mb
 production                               0.0000 +-    0.00000 mb
 diff-el                                  0.0000 +-    0.00000 mb
 diff-qel                                 0.0000 +-    0.00000 mb

 E_cm =      3.0 GeV  Q^2 =   7.1 GeV^2 :

 total                                    0.9988 +-    0.00000 mb
 elastic                                  0.0000 +-    0.00000 mb
 quasi-elastic (A+B-->A+X)                0.0000 +-    0.00000 mb
 quasi-elastic (A+B-->X+B)                0.0000 +-    0.00000 mb
 quasi-elastic (A+B-->X, excl. 2-4)       0.0000 +-    0.00000 mb
 production                               0.0000 +-    0.00000 mb
 diff-el                                  0.0000 +-    0.00000 mb
 diff-qel                                 0.0000 +-    0.00000 mb

 E_cm =      3.0 GeV  Q^2 = 100.0 GeV^2 :

 total                                    0.0004 +-    0.00000 mb
 elastic                                  0.0000 +-    0.00000 mb
 quasi-elastic (A+B-->A+X)                0.0000 +-    0.00000 mb
 quasi-elastic (A+B-->X+B)                0.0000 +-    0.00000 mb
 quasi-elastic (A+B-->X, excl. 2-4)       0.0000 +-    0.00000 mb
 production                               0.0000 +-    0.00000 mb
 diff-el                                  0.0000 +-    0.00000 mb
 diff-qel                                 0.0000 +-    0.00000 mb

 E_cm =      3.0 GeV  Q^2 =1414.2 GeV^2 :

 total                                    0.0000 +-    0.00000 mb
 elastic                                  0.0000 +-    0.00000 mb
 quasi-elastic (A+B-->A+X)                0.0000 +-    0.00000 mb
 quasi-elastic (A+B-->X+B)                0.0000 +-    0.00000 mb
 quasi-elastic (A+B-->X, excl. 2-4)       0.0000 +-    0.00000 mb
 production                               0.0000 +-    0.00000 mb
 diff-el                                  0.0000 +-    0.00000 mb
 diff-qel                                 0.0000 +-    0.00000 mb

 E_cm =      3.0 GeV  Q^2 =****** GeV^2 :

 total                                    0.0000 +-    0.00000 mb
 elastic                                  0.0000 +-    0.00000 mb
 quasi-elastic (A+B-->A+X)                0.0000 +-    0.00000 mb
 quasi-elastic (A+B-->X+B)                0.0000 +-    0.00000 mb
 quasi-elastic (A+B-->X, excl. 2-4)       0.0000 +-    0.00000 mb
 production                               0.0000 +-    0.00000 mb
 diff-el                                  0.0000 +-    0.00000 mb
 diff-qel                                 0.0000 +-    0.00000 mb

 E_cm =      4.9 GeV  Q^2 =   0.5 GeV^2 :

 total                                   10.6820 +-    0.00000 mb
 elastic                                  0.0000 +-    0.00000 mb
 quasi-elastic (A+B-->A+X)                0.0000 +-    0.00000 mb
 quasi-elastic (A+B-->X+B)                0.0000 +-    0.00000 mb
 quasi-elastic (A+B-->X, excl. 2-4)       0.0000 +-    0.00000 mb
 production                               0.0000 +-    0.00000 mb
 diff-el                                  0.0000 +-    0.00000 mb
 diff-qel                                 0.0000 +-    0.00000 mb

 E_cm =      4.9 GeV  Q^2 =   7.1 GeV^2 :

 total                                    1.3230 +-    0.00000 mb
 elastic                                  0.0000 +-    0.00000 mb
 quasi-elastic (A+B-->A+X)                0.0000 +-    0.00000 mb
 quasi-elastic (A+B-->X+B)                0.0000 +-    0.00000 mb
 quasi-elastic (A+B-->X, excl. 2-4)       0.0000 +-    0.00000 mb
 production                               0.0000 +-    0.00000 mb
 diff-el                                  0.0000 +-    0.00000 mb
 diff-qel                                 0.0000 +-    0.00000 mb

 E_cm =      4.9 GeV  Q^2 = 100.0 GeV^2 :

 total                                    0.0036 +-    0.00000 mb
 elastic                                  0.0000 +-    0.00000 mb
 quasi-elastic (A+B-->A+X)                0.0000 +-    0.00000 mb
 quasi-elastic (A+B-->X+B)                0.0000 +-    0.00000 mb
 quasi-elastic (A+B-->X, excl. 2-4)       0.0000 +-    0.00000 mb
 production                               0.0000 +-    0.00000 mb
 diff-el                                  0.0000 +-    0.00000 mb
 diff-qel                                 0.0000 +-    0.00000 mb

 E_cm =      4.9 GeV  Q^2 =1414.2 GeV^2 :

 total                                    0.0000 +-    0.00000 mb
 elastic                                  0.0000 +-    0.00000 mb
 quasi-elastic (A+B-->A+X)                0.0000 +-    0.00000 mb
 quasi-elastic (A+B-->X+B)                0.0000 +-    0.00000 mb
 quasi-elastic (A+B-->X, excl. 2-4)       0.0000 +-    0.00000 mb
 production                               0.0000 +-    0.00000 mb
 diff-el                                  0.0000 +-    0.00000 mb
 diff-qel                                 0.0000 +-    0.00000 mb

 E_cm =      4.9 GeV  Q^2 =****** GeV^2 :

 total                                    0.0000 +-    0.00000 mb
 elastic                                  0.0000 +-    0.00000 mb
 quasi-elastic (A+B-->A+X)                0.0000 +-    0.00000 mb
 quasi-elastic (A+B-->X+B)                0.0000 +-    0.00000 mb
 quasi-elastic (A+B-->X, excl. 2-4)       0.0000 +-    0.00000 mb
 production                               0.0000 +-    0.00000 mb
 diff-el                                  0.0000 +-    0.00000 mb
 diff-qel                                 0.0000 +-    0.00000 mb

 E_cm =      7.9 GeV  Q^2 =   0.5 GeV^2 :

 total                                   10.1488 +-    0.00000 mb
 elastic                                  0.0000 +-    0.00000 mb
 quasi-elastic (A+B-->A+X)                0.0000 +-    0.00000 mb
 quasi-elastic (A+B-->X+B)                0.0000 +-    0.00000 mb
 quasi-elastic (A+B-->X, excl. 2-4)       0.0000 +-    0.00000 mb
 production                               0.0000 +-    0.00000 mb
 diff-el                                  0.0000 +-    0.00000 mb
 diff-qel                                 0.0000 +-    0.00000 mb

 E_cm =      7.9 GeV  Q^2 =   7.1 GeV^2 :

 total                                    1.3130 +-    0.00000 mb
 elastic                                  0.0000 +-    0.00000 mb
 quasi-elastic (A+B-->A+X)                0.0000 +-    0.00000 mb
 quasi-elastic (A+B-->X+B)                0.0000 +-    0.00000 mb
 quasi-elastic (A+B-->X, excl. 2-4)       0.0000 +-    0.00000 mb
 production                               0.0000 +-    0.00000 mb
 diff-el                                  0.0000 +-    0.00000 mb
 diff-qel                                 0.0000 +-    0.00000 mb

 E_cm =      7.9 GeV  Q^2 = 100.0 GeV^2 :

 total                                    0.0221 +-    0.00000 mb
 elastic                                  0.0000 +-    0.00000 mb
 quasi-elastic (A+B-->A+X)                0.0000 +-    0.00000 mb
 quasi-elastic (A+B-->X+B)                0.0000 +-    0.00000 mb
 quasi-elastic (A+B-->X, excl. 2-4)       0.0000 +-    0.00000 mb
 production                               0.0000 +-    0.00000 mb
 diff-el                                  0.0000 +-    0.00000 mb
 diff-qel                                 0.0000 +-    0.00000 mb

 E_cm =      7.9 GeV  Q^2 =1414.2 GeV^2 :

 total                                    0.0000 +-    0.00000 mb
 elastic                                  0.0000 +-    0.00000 mb
 quasi-elastic (A+B-->A+X)                0.0000 +-    0.00000 mb
 quasi-elastic (A+B-->X+B)                0.0000 +-    0.00000 mb
 quasi-elastic (A+B-->X, excl. 2-4)       0.0000 +-    0.00000 mb
 production                               0.0000 +-    0.00000 mb
 diff-el                                  0.0000 +-    0.00000 mb
 diff-qel                                 0.0000 +-    0.00000 mb

 E_cm =      7.9 GeV  Q^2 =****** GeV^2 :

 total                                    0.0000 +-    0.00000 mb
 elastic                                  0.0000 +-    0.00000 mb
 quasi-elastic (A+B-->A+X)                0.0000 +-    0.00000 mb
 quasi-elastic (A+B-->X+B)                0.0000 +-    0.00000 mb
 quasi-elastic (A+B-->X, excl. 2-4)       0.0000 +-    0.00000 mb
 production                               0.0000 +-    0.00000 mb
 diff-el                                  0.0000 +-    0.00000 mb
 diff-qel                                 0.0000 +-    0.00000 mb

 E_cm =     12.8 GeV  Q^2 =   0.5 GeV^2 :

 total                                   10.4072 +-    0.00000 mb
 elastic                                  0.0000 +-    0.00000 mb
 quasi-elastic (A+B-->A+X)                0.0000 +-    0.00000 mb
 quasi-elastic (A+B-->X+B)                0.0000 +-    0.00000 mb
 quasi-elastic (A+B-->X, excl. 2-4)       0.0000 +-    0.00000 mb
 production                               0.0000 +-    0.00000 mb
 diff-el                                  0.0000 +-    0.00000 mb
 diff-qel                                 0.0000 +-    0.00000 mb

 E_cm =     12.8 GeV  Q^2 =   7.1 GeV^2 :

 total                                    1.3270 +-    0.00000 mb
 elastic                                  0.0000 +-    0.00000 mb
 quasi-elastic (A+B-->A+X)                0.0000 +-    0.00000 mb
 quasi-elastic (A+B-->X+B)                0.0000 +-    0.00000 mb
 quasi-elastic (A+B-->X, excl. 2-4)       0.0000 +-    0.00000 mb
 production                               0.0000 +-    0.00000 mb
 diff-el                                  0.0000 +-    0.00000 mb
 diff-qel                                 0.0000 +-    0.00000 mb

 E_cm =     12.8 GeV  Q^2 = 100.0 GeV^2 :

 total                                    0.0626 +-    0.00000 mb
 elastic                                  0.0000 +-    0.00000 mb
 quasi-elastic (A+B-->A+X)                0.0000 +-    0.00000 mb
 quasi-elastic (A+B-->X+B)                0.0000 +-    0.00000 mb
 quasi-elastic (A+B-->X, excl. 2-4)       0.0000 +-    0.00000 mb
 production                               0.0000 +-    0.00000 mb
 diff-el                                  0.0000 +-    0.00000 mb
 diff-qel                                 0.0000 +-    0.00000 mb

 E_cm =     12.8 GeV  Q^2 =1414.2 GeV^2 :

 total                                    0.0000 +-    0.00000 mb
 elastic                                  0.0000 +-    0.00000 mb
 quasi-elastic (A+B-->A+X)                0.0000 +-    0.00000 mb
 quasi-elastic (A+B-->X+B)                0.0000 +-    0.00000 mb
 quasi-elastic (A+B-->X, excl. 2-4)       0.0000 +-    0.00000 mb
 production                               0.0000 +-    0.00000 mb
 diff-el                                  0.0000 +-    0.00000 mb
 diff-qel                                 0.0000 +-    0.00000 mb

 E_cm =     12.8 GeV  Q^2 =****** GeV^2 :

 total                                    0.0000 +-    0.00000 mb
 elastic                                  0.0000 +-    0.00000 mb
 quasi-elastic (A+B-->A+X)                0.0000 +-    0.00000 mb
 quasi-elastic (A+B-->X+B)                0.0000 +-    0.00000 mb
 quasi-elastic (A+B-->X, excl. 2-4)       0.0000 +-    0.00000 mb
 production                               0.0000 +-    0.00000 mb
 diff-el                                  0.0000 +-    0.00000 mb
 diff-qel                                 0.0000 +-    0.00000 mb

 E_cm =     20.9 GeV  Q^2 =   0.5 GeV^2 :

 total                                   11.2260 +-    0.00000 mb
 elastic                                  0.0000 +-    0.00000 mb
 quasi-elastic (A+B-->A+X)                0.0000 +-    0.00000 mb
 quasi-elastic (A+B-->X+B)                0.0000 +-    0.00000 mb
 quasi-elastic (A+B-->X, excl. 2-4)       0.0000 +-    0.00000 mb
 production                               0.0000 +-    0.00000 mb
 diff-el                                  0.0000 +-    0.00000 mb
 diff-qel                                 0.0000 +-    0.00000 mb

 E_cm =     20.9 GeV  Q^2 =   7.1 GeV^2 :

 total                                    1.4818 +-    0.00000 mb
 elastic                                  0.0000 +-    0.00000 mb
 quasi-elastic (A+B-->A+X)                0.0000 +-    0.00000 mb
 quasi-elastic (A+B-->X+B)                0.0000 +-    0.00000 mb
 quasi-elastic (A+B-->X, excl. 2-4)       0.0000 +-    0.00000 mb
 production                               0.0000 +-    0.00000 mb
 diff-el                                  0.0000 +-    0.00000 mb
 diff-qel                                 0.0000 +-    0.00000 mb

 E_cm =     20.9 GeV  Q^2 = 100.0 GeV^2 :

 total                                    0.0892 +-    0.00000 mb
 elastic                                  0.0000 +-    0.00000 mb
 quasi-elastic (A+B-->A+X)                0.0000 +-    0.00000 mb
 quasi-elastic (A+B-->X+B)                0.0000 +-    0.00000 mb
 quasi-elastic (A+B-->X, excl. 2-4)       0.0000 +-    0.00000 mb
 production                               0.0000 +-    0.00000 mb
 diff-el                                  0.0000 +-    0.00000 mb
 diff-qel                                 0.0000 +-    0.00000 mb

 E_cm =     20.9 GeV  Q^2 =1414.2 GeV^2 :

 total                                    0.0002 +-    0.00000 mb
 elastic                                  0.0000 +-    0.00000 mb
 quasi-elastic (A+B-->A+X)                0.0000 +-    0.00000 mb
 quasi-elastic (A+B-->X+B)                0.0000 +-    0.00000 mb
 quasi-elastic (A+B-->X, excl. 2-4)       0.0000 +-    0.00000 mb
 production                               0.0000 +-    0.00000 mb
 diff-el                                  0.0000 +-    0.00000 mb
 diff-qel                                 0.0000 +-    0.00000 mb

 E_cm =     20.9 GeV  Q^2 =****** GeV^2 :

 total                                    0.0000 +-    0.00000 mb
 elastic                                  0.0000 +-    0.00000 mb
 quasi-elastic (A+B-->A+X)                0.0000 +-    0.00000 mb
 quasi-elastic (A+B-->X+B)                0.0000 +-    0.00000 mb
 quasi-elastic (A+B-->X, excl. 2-4)       0.0000 +-    0.00000 mb
 production                               0.0000 +-    0.00000 mb
 diff-el                                  0.0000 +-    0.00000 mb
 diff-qel                                 0.0000 +-    0.00000 mb

 E_cm =     33.9 GeV  Q^2 =   0.5 GeV^2 :

 total                                   12.4530 +-    0.00000 mb
 elastic                                  0.0000 +-    0.00000 mb
 quasi-elastic (A+B-->A+X)                0.0000 +-    0.00000 mb
 quasi-elastic (A+B-->X+B)                0.0000 +-    0.00000 mb
 quasi-elastic (A+B-->X, excl. 2-4)       0.0000 +-    0.00000 mb
 production                               0.0001 +-    0.00000 mb
 diff-el                                  0.0000 +-    0.00000 mb
 diff-qel                                 0.0000 +-    0.00000 mb

 E_cm =     33.9 GeV  Q^2 =   7.1 GeV^2 :

 total                                    1.7589 +-    0.00000 mb
 elastic                                  0.0000 +-    0.00000 mb
 quasi-elastic (A+B-->A+X)                0.0000 +-    0.00000 mb
 quasi-elastic (A+B-->X+B)                0.0000 +-    0.00000 mb
 quasi-elastic (A+B-->X, excl. 2-4)       0.0000 +-    0.00000 mb
 production                               0.0000 +-    0.00000 mb
 diff-el                                  0.0000 +-    0.00000 mb
 diff-qel                                 0.0000 +-    0.00000 mb

 E_cm =     33.9 GeV  Q^2 = 100.0 GeV^2 :

 total                                    0.1047 +-    0.00000 mb
 elastic                                  0.0000 +-    0.00000 mb
 quasi-elastic (A+B-->A+X)                0.0000 +-    0.00000 mb
 quasi-elastic (A+B-->X+B)                0.0000 +-    0.00000 mb
 quasi-elastic (A+B-->X, excl. 2-4)       0.0000 +-    0.00000 mb
 production                               0.0000 +-    0.00000 mb
 diff-el                                  0.0000 +-    0.00000 mb
 diff-qel                                 0.0000 +-    0.00000 mb

 E_cm =     33.9 GeV  Q^2 =1414.2 GeV^2 :

 total                                    0.0017 +-    0.00000 mb
 elastic                                  0.0000 +-    0.00000 mb
 quasi-elastic (A+B-->A+X)                0.0000 +-    0.00000 mb
 quasi-elastic (A+B-->X+B)                0.0000 +-    0.00000 mb
 quasi-elastic (A+B-->X, excl. 2-4)       0.0000 +-    0.00000 mb
 production                               0.0000 +-    0.00000 mb
 diff-el                                  0.0000 +-    0.00000 mb
 diff-qel                                 0.0000 +-    0.00000 mb

 E_cm =     33.9 GeV  Q^2 =****** GeV^2 :

 total                                    0.0000 +-    0.00000 mb
 elastic                                  0.0000 +-    0.00000 mb
 quasi-elastic (A+B-->A+X)                0.0000 +-    0.00000 mb
 quasi-elastic (A+B-->X+B)                0.0000 +-    0.00000 mb
 quasi-elastic (A+B-->X, excl. 2-4)       0.0000 +-    0.00000 mb
 production                               0.0000 +-    0.00000 mb
 diff-el                                  0.0000 +-    0.00000 mb
 diff-qel                                 0.0000 +-    0.00000 mb

 E_cm =     55.0 GeV  Q^2 =   0.5 GeV^2 :

 total                                   14.0096 +-    0.00000 mb
 elastic                                  0.0000 +-    0.00000 mb
 quasi-elastic (A+B-->A+X)                0.0000 +-    0.00000 mb
 quasi-elastic (A+B-->X+B)                0.0000 +-    0.00000 mb
 quasi-elastic (A+B-->X, excl. 2-4)       0.0000 +-    0.00000 mb
 production                               0.0001 +-    0.00000 mb
 diff-el                                  0.0000 +-    0.00000 mb
 diff-qel                                 0.0000 +-    0.00000 mb

 E_cm =     55.0 GeV  Q^2 =   7.1 GeV^2 :

 total                                    2.1395 +-    0.00000 mb
 elastic                                  0.0000 +-    0.00000 mb
 quasi-elastic (A+B-->A+X)                0.0000 +-    0.00000 mb
 quasi-elastic (A+B-->X+B)                0.0000 +-    0.00000 mb
 quasi-elastic (A+B-->X, excl. 2-4)       0.0000 +-    0.00000 mb
 production                               0.0000 +-    0.00000 mb
 diff-el                                  0.0000 +-    0.00000 mb
 diff-qel                                 0.0000 +-    0.00000 mb

 E_cm =     55.0 GeV  Q^2 = 100.0 GeV^2 :

 total                                    0.1317 +-    0.00000 mb
 elastic                                  0.0000 +-    0.00000 mb
 quasi-elastic (A+B-->A+X)                0.0000 +-    0.00000 mb
 quasi-elastic (A+B-->X+B)                0.0000 +-    0.00000 mb
 quasi-elastic (A+B-->X, excl. 2-4)       0.0000 +-    0.00000 mb
 production                               0.0000 +-    0.00000 mb
 diff-el                                  0.0000 +-    0.00000 mb
 diff-qel                                 0.0000 +-    0.00000 mb

 E_cm =     55.0 GeV  Q^2 =1414.2 GeV^2 :

 total                                    0.0043 +-    0.00000 mb
 elastic                                  0.0000 +-    0.00000 mb
 quasi-elastic (A+B-->A+X)                0.0000 +-    0.00000 mb
 quasi-elastic (A+B-->X+B)                0.0000 +-    0.00000 mb
 quasi-elastic (A+B-->X, excl. 2-4)       0.0000 +-    0.00000 mb
 production                               0.0000 +-    0.00000 mb
 diff-el                                  0.0000 +-    0.00000 mb
 diff-qel                                 0.0000 +-    0.00000 mb

 E_cm =     55.0 GeV  Q^2 =****** GeV^2 :

 total                                    0.0000 +-    0.00000 mb
 elastic                                  0.0000 +-    0.00000 mb
 quasi-elastic (A+B-->A+X)                0.0000 +-    0.00000 mb
 quasi-elastic (A+B-->X+B)                0.0000 +-    0.00000 mb
 quasi-elastic (A+B-->X, excl. 2-4)       0.0000 +-    0.00000 mb
 production                               0.0000 +-    0.00000 mb
 diff-el                                  0.0000 +-    0.00000 mb
 diff-qel                                 0.0000 +-    0.00000 mb

 E_cm =     89.4 GeV  Q^2 =   0.5 GeV^2 :

 total                                   15.8680 +-    0.00000 mb
 elastic                                  0.0000 +-    0.00000 mb
 quasi-elastic (A+B-->A+X)                0.0000 +-    0.00000 mb
 quasi-elastic (A+B-->X+B)                0.0000 +-    0.00000 mb
 quasi-elastic (A+B-->X, excl. 2-4)       0.0000 +-    0.00000 mb
 production                               0.0001 +-    0.00001 mb
 diff-el                                  0.0000 +-    0.00000 mb
 diff-qel                                 0.0000 +-    0.00000 mb

 E_cm =     89.4 GeV  Q^2 =   7.1 GeV^2 :

 total                                    2.6244 +-    0.00000 mb
 elastic                                  0.0000 +-    0.00000 mb
 quasi-elastic (A+B-->A+X)                0.0000 +-    0.00000 mb
 quasi-elastic (A+B-->X+B)                0.0000 +-    0.00000 mb
 quasi-elastic (A+B-->X, excl. 2-4)       0.0000 +-    0.00000 mb
 production                               0.0000 +-    0.00000 mb
 diff-el                                  0.0000 +-    0.00000 mb
 diff-qel                                 0.0000 +-    0.00000 mb

 E_cm =     89.4 GeV  Q^2 = 100.0 GeV^2 :

 total                                    0.1732 +-    0.00000 mb
 elastic                                  0.0000 +-    0.00000 mb
 quasi-elastic (A+B-->A+X)                0.0000 +-    0.00000 mb
 quasi-elastic (A+B-->X+B)                0.0000 +-    0.00000 mb
 quasi-elastic (A+B-->X, excl. 2-4)       0.0000 +-    0.00000 mb
 production                               0.0000 +-    0.00000 mb
 diff-el                                  0.0000 +-    0.00000 mb
 diff-qel                                 0.0000 +-    0.00000 mb

 E_cm =     89.4 GeV  Q^2 =1414.2 GeV^2 :

 total                                    0.0059 +-    0.00000 mb
 elastic                                  0.0000 +-    0.00000 mb
 quasi-elastic (A+B-->A+X)                0.0000 +-    0.00000 mb
 quasi-elastic (A+B-->X+B)                0.0000 +-    0.00000 mb
 quasi-elastic (A+B-->X, excl. 2-4)       0.0000 +-    0.00000 mb
 production                               0.0000 +-    0.00000 mb
 diff-el                                  0.0000 +-    0.00000 mb
 diff-qel                                 0.0000 +-    0.00000 mb

 E_cm =     89.4 GeV  Q^2 =****** GeV^2 :

 total                                    0.0000 +-    0.00000 mb
 elastic                                  0.0000 +-    0.00000 mb
 quasi-elastic (A+B-->A+X)                0.0000 +-    0.00000 mb
 quasi-elastic (A+B-->X+B)                0.0000 +-    0.00000 mb
 quasi-elastic (A+B-->X, excl. 2-4)       0.0000 +-    0.00000 mb
 production                               0.0000 +-    0.00000 mb
 diff-el                                  0.0000 +-    0.00000 mb
 diff-qel                                 0.0000 +-    0.00000 mb
         Sigma_tot (max) =  15.868 mb
  
 DT_LAEVT: Initializing event loop
 Determining Pythia/Rapgap subevent type (ep vs en)
  
 DT_LAEVT: ITMODE=0 (Default) selected.
 Sequential Mode:          603  en sub-collisions.
     followed by:          397  ep sub-collisions.
  for a total of:         1000  sub-collisions.


 NCLPOT:    quantities for inclusion of nuclear effects
            -------------------------------------------

                                      projectile      target

 Mass number / charge                   1 /  1      197 / 79
 Binding energy  - proton   (GeV)     0.0000E+00    0.5768E-02
                 - neutron  (GeV)     0.0000E+00    0.8071E-02
 Fermi-potential - proton   (GeV)     0.0000E+00    0.1766E-01
                 - neutron  (GeV)     0.0000E+00    0.2298E-01

 Scale factor for Fermi-momentum    0.62

 Coulomb-energy     0.0000E+00 GeV      0.1295E-01 GeV  



 FER4M:   sampling of Fermi-momenta activated
 SCLFAC: 3A/(4piR^3)=  0.18109879986016778      nucleons/fm^3
 SCLFAC: A=         197  Nuclear density at origin:   0.16934487909490828      nucleons/fm^3

 FOZOCA:  intranuclear cascade treated for a maximum of  25 generations
          formation time parameter:  9.0  fm/c         modus: 1
          p_t dependent formation zone

 KKINC: Event          22 rejected in DT_FICONF.
 KKEVNT: Old Q2,y:   1.2561452647895275       0.49357119014943485      Rerolling.
  
 KKINC: Event          34 rejected in DT_FICONF.
 KKEVNT: Old Q2,y:   1.3950489332559479        7.8659946092743481E-004 Rerolling.
  
 KKINC: Event          35 rejected in DT_FICONF.
 KKEVNT: Old Q2,y:  0.85718454753498441        7.3545662273518373E-004 Rerolling.
  
 KKINC: Event          38 rejected in DT_FICONF.
 KKEVNT: Old Q2,y:   7.6811015901473008       0.28182778415670823      Rerolling.
  
 KKINC: Event          46 rejected in DT_FICONF.
 KKEVNT: Old Q2,y:   3.4637150658850806        1.3043251258282611E-002 Rerolling.
  
 KKINC: Event          53 rejected in DT_FICONF.
 KKEVNT: Old Q2,y:  0.61665736090907730        1.8172140226023273E-003 Rerolling.
  
 KKINC: Event          56 rejected in DT_FICONF.
 KKEVNT: Old Q2,y:   1.2663306495802624        2.0314660495049275E-003 Rerolling.
  
 KKINC: Event          64 rejected in DT_FICONF.
 KKEVNT: Old Q2,y:   5.1562995396171507       0.33638792984261101      Rerolling.
  
 KKINC: Event          75 rejected in DT_FICONF.
 KKEVNT: Old Q2,y:  0.92963222618138863        4.1474144991764918E-002 Rerolling.
  
 KKINC: Event          80 rejected in DT_FICONF.
 KKEVNT: Old Q2,y:  0.75406198851887574       0.25608283037974966      Rerolling.
  
       99 events sampled
         100  events output done
 KKINC: Event         102 rejected in DT_FICONF.
 KKEVNT: Old Q2,y:  0.68611979621035923        1.7832721719587458E-002 Rerolling.
  
 KKINC: Event         126 rejected in DT_FICONF.
 KKEVNT: Old Q2,y:  0.62835372519220900        6.4387980095087172E-002 Rerolling.
  
 KKINC: Event         140 rejected in DT_FICONF.
 KKEVNT: Old Q2,y:   2.2540568432748405       0.15664612357694657      Rerolling.
  
 KKINC: Event         148 rejected in DT_FICONF.
 KKEVNT: Old Q2,y:  0.80504068115528271        8.2871007139706312E-002 Rerolling.
  
 KKINC: Event         160 rejected in DT_FICONF.
 KKEVNT: Old Q2,y:  0.59714780280258428       0.10319988202667230      Rerolling.
  
 KKINC: Event         178 rejected in DT_FICONF.
 KKEVNT: Old Q2,y:  0.66605672989129161        8.0026306863452093E-002 Rerolling.
  
 KKINC: Event         194 rejected in DT_FICONF.
 KKEVNT: Old Q2,y:   2.6853837929909776        3.5910923802852613E-003 Rerolling.
  
      199 events sampled
         200  events output done
 KKINC: Event         209 rejected in DT_FICONF.
 KKEVNT: Old Q2,y:  0.83402828558016473        4.1606936890651019E-003 Rerolling.
  
 KKINC: Event         218 rejected in DT_FICONF.
 KKEVNT: Old Q2,y:   3.5612974573055376        1.8986671831976666E-003 Rerolling.
  
 KKINC: Event         243 rejected in DT_FICONF.
 KKEVNT: Old Q2,y:   4.3537426495201510       0.48932639791979743      Rerolling.
  
 KKINC: Event         259 rejected in DT_FICONF.
 KKEVNT: Old Q2,y:   1.8230734037143623        7.5290979720463794E-002 Rerolling.
  
 KKINC: Event         264 rejected in DT_FICONF.
 KKEVNT: Old Q2,y:   1.5155985484322501        9.8782131477742987E-004 Rerolling.
  
 KKINC: Event         267 rejected in DT_FICONF.
 KKEVNT: Old Q2,y:   2.4843288041842317        8.1116501456812623E-002 Rerolling.
  
      299 events sampled
         300  events output done
 KKINC: Event         302 rejected in DT_FICONF.
 KKEVNT: Old Q2,y:   4.2473896155322794       0.31809186674249862      Rerolling.
  
 KKINC: Event         319 rejected in DT_FICONF.
 KKEVNT: Old Q2,y:   13.934547558201572       0.16224869825262594      Rerolling.
  
 KKINC: Event         326 rejected in DT_FICONF.
 KKEVNT: Old Q2,y:  0.61506136824071367        1.2122208829266345E-002 Rerolling.
  
 KKINC: Event         329 rejected in DT_FICONF.
 KKEVNT: Old Q2,y:   1.0005399018989558        2.8459023796063147E-003 Rerolling.
  
 KKINC: Event         342 rejected in DT_FICONF.
 KKEVNT: Old Q2,y:   1.2335808270331963        3.4067972921836263E-003 Rerolling.
  
 KKINC: Event         350 rejected in DT_FICONF.
 KKEVNT: Old Q2,y:   1.3527990759382542        2.2565785614804573E-002 Rerolling.
  
 KKINC: Event         378 rejected in DT_FICONF.
 KKEVNT: Old Q2,y:   2.8758241684134775        1.6796350531674414E-003 Rerolling.
  
 KKINC: Event         396 rejected in DT_FICONF.
 KKEVNT: Old Q2,y:   9.7301227715946670       0.81615162354922866      Rerolling.
  
 KKINC: Event         396 rejected in DT_FICONF.
 KKEVNT: Old Q2,y:  0.70067648983142172       0.13723340944684698      Rerolling.
  
 KKINC: Event         396 rejected in DT_FICONF.
 KKEVNT: Old Q2,y:   6.2915064166153742       0.33329110400067219      Rerolling.
  
 KKINC: Event         397 rejected in DT_FICONF.
 KKEVNT: Old Q2,y:  0.85179508964612838        5.1170321849489163E-004 Rerolling.
  
      399 events sampled
         400  events output done
 KKINC: Event         417 rejected in DT_FICONF.
 KKEVNT: Old Q2,y:  0.59307069018083480       0.12789089422472685      Rerolling.
  
 KKINC: Event         425 rejected in DT_FICONF.
 KKEVNT: Old Q2,y:  0.55552819647738594        2.3131027588228640E-003 Rerolling.
  
 KKINC: Event         432 rejected in DT_FICONF.
 KKEVNT: Old Q2,y:   4.0374179237593300       0.94997209207485345      Rerolling.
  
 KKINC: Event         442 rejected in DT_FICONF.
 KKEVNT: Old Q2,y:  0.52172631586775542        9.0409629691993174E-004 Rerolling.
  
 KKINC: Event         444 rejected in DT_FICONF.
 KKEVNT: Old Q2,y:  0.93365947299573049       0.23491760532836217      Rerolling.
  
 KKINC: Event         477 rejected in DT_FICONF.
 KKEVNT: Old Q2,y:  0.90037670129370151        1.9950375563337853E-003 Rerolling.
  
 KKINC: Event         478 rejected in DT_FICONF.
 KKEVNT: Old Q2,y:   1.1564346836434944        2.9430277749371903E-002 Rerolling.
  
 KKINC: Event         485 rejected in DT_FICONF.
 KKEVNT: Old Q2,y:  0.57415865457919302        5.9410947970238853E-003 Rerolling.
  
 KKINC: Event         485 rejected in DT_FICONF.
 KKEVNT: Old Q2,y:   2.5342831823794087       0.82249672360065551      Rerolling.
  
 KKINC: Event         490 rejected in DT_FICONF.
 KKEVNT: Old Q2,y:  0.86601291675865799        6.6889286997506273E-004 Rerolling.
  
 KKINC: Event         493 rejected in DT_FICONF.
 KKEVNT: Old Q2,y:  0.59628396897724545       0.12621320686141077      Rerolling.
  
 KKINC: Event         494 rejected in DT_FICONF.
 KKEVNT: Old Q2,y:  0.98854342634770020        9.0431271820901174E-002 Rerolling.
  
 KKINC: Event         494 rejected in DT_FICONF.
 KKEVNT: Old Q2,y:  0.52723456263278023        6.6134149603048163E-003 Rerolling.
  
      499 events sampled
         500  events output done
 KKINC: Event         509 rejected in DT_FICONF.
 KKEVNT: Old Q2,y:  0.66662574188905699        2.9134466728691663E-003 Rerolling.
  
 KKINC: Event         519 rejected in DT_FICONF.
 KKEVNT: Old Q2,y:   48.556527458446794        5.8852873203717355E-002 Rerolling.
  
 KKINC: Event         531 rejected in DT_FICONF.
 KKEVNT: Old Q2,y:  0.51649903209741554        2.5624995935092081E-003 Rerolling.
  
 KKINC: Event         547 rejected in DT_FICONF.
 KKEVNT: Old Q2,y:  0.97522247009273400        4.8440572856489157E-003 Rerolling.
  
      599 events sampled
         600  events output done
 ===================================================
 FROM PYTHIA (1st half: en collisions):
 Pythia total cross section normalisation:   1.3322401649627242       microbarn
 Total Number of generated events pythia         654
 ===================================================
 Actual totals from BeAGLE so far:
 Total Number of generated events         603
 Total Number of trials         654
 ===================================================

 ===== PDFSTA statistics for PDF under/over-flows ====

 ====== STRUCTM statistics for nucleon/pion PDFs =====

   total # of calls    4348.0000000000000     
   X  below PDF min    0.0000000000000000       or    0.0000000000000000       %
   X  above PDF max    0.0000000000000000       or    0.0000000000000000       %
   Q2 below PDF min    0.0000000000000000       or    0.0000000000000000       %
   Q2 above PDF max    0.0000000000000000       or    0.0000000000000000       %

 ========= STRUCTP statistics for photon PDFs ========

   total # of calls    0.0000000000000000     

1****************** PYINIT: initialization of PYTHIA routines *****************
 ==== PYTHIA WILL USE LHAPDF ====
 Strong coupling at Mz for PDF is:  0.12978

 ==============================================================================
 I                                                                            I
 I      PYTHIA will be initialized for gamma/e- on p+ user configuration      I
 I                                                                            I
 I                  px (GeV/c)   py (GeV/c)   pz (GeV/c)      E (GeV)         I
 I        gamma/e-       0.000        0.000      -18.000       18.000         I
 I        p+             0.000        0.000      110.843      110.847         I
 I                                                                            I
 I           corresponding to     89.340 GeV center-of-mass energy            I
 I                                                                            I
 ==============================================================================

 ******** PYMAXI: summary of differential cross-section maximum search ********

           ==========================================================
           I                                      I                 I
           I  ISUB  Subprocess name               I  Maximum value  I
           I                                      I                 I
           ==========================================================
           I                                      I                 I
           I   91   Elastic scattering            I    6.1192D-03   I
           I   92   Single diffractive (XB)       I    4.5420D-03   I
           I   93   Single diffractive (AX)       I    3.7046D-03   I
           I   94   Double  diffractive           I    3.6291D-03   I
           I   95   Low-pT scattering             I    2.7075D-02   I
           I   96   Semihard QCD 2 -> 2           I    2.6111D-01   I
           I                                      I                 I
           ==========================================================

 ******** PYMAXI: summary of differential cross-section maximum search ********

           ==========================================================
           I                                      I                 I
           I  ISUB  Subprocess name               I  Maximum value  I
           I                                      I                 I
           ==========================================================
           I                                      I                 I
           I  131   f + gamma*_T -> f + g         I    1.8460D-03   I
           I  132   f + gamma*_L -> f + g         I    9.9433D-05   I
           I  135   g + gamma*_T -> f + fbar      I    8.3818D-03   I
           I  136   g + gamma*_L -> f + fbar      I    1.4680D-03   I
           I                                      I                 I
           ==========================================================

 ******** PYMAXI: summary of differential cross-section maximum search ********

           ==========================================================
           I                                      I                 I
           I  ISUB  Subprocess name               I  Maximum value  I
           I                                      I                 I
           ==========================================================
           I                                      I                 I
           I   91   Elastic scattering            I    1.5809D-03   I
           I   92   Single diffractive (XB)       I    1.1962D-03   I
           I   93   Single diffractive (AX)       I    9.4763D-04   I
           I   94   Double  diffractive           I    9.4926D-04   I
           I   95   Low-pT scattering             I    7.5318D-03   I
           I   96   Semihard QCD 2 -> 2           I    1.8078D-01   I
           I                                      I                 I
           ==========================================================

 ******** PYMAXI: summary of differential cross-section maximum search ********

           ==========================================================
           I                                      I                 I
           I  ISUB  Subprocess name               I  Maximum value  I
           I                                      I                 I
           ==========================================================
           I                                      I                 I
           I   99   q + gamma* -> q               I    2.8659D-02   I
           I                                      I                 I
           ==========================================================

 ********************** PYINIT: initialization completed **********************
 KKINC: Event         623 rejected in DT_FICONF.
 KKEVNT: Old Q2,y:   1.8709947541685263        1.0916516994449732E-003 Rerolling.
  
 KKINC: Event         624 rejected in DT_FICONF.
 KKEVNT: Old Q2,y:   2.8442104795263501        4.5921406685985105E-003 Rerolling.
  
 KKINC: Event         652 rejected in DT_FICONF.
 KKEVNT: Old Q2,y:   12.285498526449340        6.3634290531871937E-003 Rerolling.
  
 KKINC: Event         659 rejected in DT_FICONF.
 KKEVNT: Old Q2,y:   3.8203937699976365        3.5877535107508220E-002 Rerolling.
  
      699 events sampled
         700  events output done
 KKINC: Event         719 rejected in DT_FICONF.
 KKEVNT: Old Q2,y:   7.1368771503148194        3.5949528697077023E-002 Rerolling.
  
 KKINC: Event         735 rejected in DT_FICONF.
 KKEVNT: Old Q2,y:   1.0604358087518653        2.5263275496933569E-003 Rerolling.
  
 KKINC: Event         738 rejected in DT_FICONF.
 KKEVNT: Old Q2,y:   1.0446822098949005        1.6045453083754916E-003 Rerolling.
  
 KKEVNT: Old Q2,y:  0.58821057358869255        5.1285353421928531E-004 Rerolling.
  
 KKINC: Event         785 rejected in DT_FICONF.
 KKEVNT: Old Q2,y:   2.7526282674885372       0.65068327265668668      Rerolling.
  
      799 events sampled
         800  events output done
 KKINC: Event         818 rejected in DT_FICONF.
 KKEVNT: Old Q2,y:   11.793190558716953        9.1900495225817544E-003 Rerolling.
  
 KKINC: Event         827 rejected in DT_FICONF.
 KKEVNT: Old Q2,y:  0.88018115557808441        6.9589524447423467E-004 Rerolling.
  
 KKINC: Event         848 rejected in DT_FICONF.
 KKEVNT: Old Q2,y:  0.73659817635390967        5.5764386523618776E-003 Rerolling.
  
 KKINC: Event         861 rejected in DT_FICONF.
 KKEVNT: Old Q2,y:  0.50822188238475619        8.1318658531880008E-004 Rerolling.
  
 KKINC: Event         867 rejected in DT_FICONF.
 KKEVNT: Old Q2,y:   3.0992015146856784        1.7265475969667123E-002 Rerolling.
  
 KKINC: Event         881 rejected in DT_FICONF.
 KKEVNT: Old Q2,y:   3.7467089666423319        3.6990468412405283E-003 Rerolling.
  
      899 events sampled
         900  events output done
 KKINC: Event         903 rejected in DT_FICONF.
 KKEVNT: Old Q2,y:   29.160816825415083        5.8059532164895025E-002 Rerolling.
  
 KKINC: Event         973 rejected in DT_FICONF.
 KKEVNT: Old Q2,y:   1.5196867883046619       0.66369066193977722      Rerolling.
  
 KKINC: Event         974 rejected in DT_FICONF.
 KKEVNT: Old Q2,y:   1.7761539485989890        9.6368715399200010E-003 Rerolling.
  
      999 events sampled
        1000  events output done
1********* PYSTAT:  Statistics on Number of Events and Cross-sections *********

 ==============================================================================
 I                                  I                            I            I
 I            Subprocess            I      Number of points      I    Sigma   I
 I                                  I                            I            I
 I----------------------------------I----------------------------I    (mb)    I
 I                                  I                            I            I
 I N:o Type                         I    Generated         Tried I            I
 I                                  I                            I            I
 ==============================================================================
 I                                  I                            I            I
 I   0 All included subprocesses    I          415         19098 I  1.423D-03 I
 I  11 f + f' -> f + f' (QCD)       I            0             0 I  0.000D+00 I
 I  12 f + fbar -> f' + fbar'       I            0             0 I  0.000D+00 I
 I  13 f + fbar -> g + g            I            0             0 I  0.000D+00 I
 I  28 f + g -> f + g               I            0             0 I  0.000D+00 I
 I  53 g + g -> f + fbar            I            0             0 I  0.000D+00 I
 I  68 g + g -> g + g               I            0             0 I  0.000D+00 I
 I  91 Elastic scattering           I           29          2366 I  8.827D-05 I
 I  92 Single diffractive (XB)      I           15          1796 I  4.467D-05 I
 I  93 Single diffractive (AX)      I           12          1255 I  4.948D-05 I
 I  94 Double  diffractive          I           15          1604 I  3.056D-05 I
 I  95 Low-pT scattering            I          100         10350 I  4.017D-04 I
 I  99 q + gamma* -> q              I          222          8534 I  7.400D-04 I
 I 131 f + gamma*_T -> f + g        I            7           660 I  1.481D-05 I
 I 132 f + gamma*_L -> f + g        I            0            31 I  6.906D-09 I
 I 135 g + gamma*_T -> f + fbar     I           12          2379 I  4.340D-05 I
 I 136 g + gamma*_L -> f + fbar     I            3           473 I  9.616D-06 I
 I                                  I                            I            I
 ==============================================================================
 I                                  I                            I            I
 I   1 VMD * hadron                 I           97          5427 I  3.912D-04 I
 I   2 direct * hadron              I           22          3543 I  6.783D-05 I
 I   3 anomalous * hadron           I           74          1594 I  2.235D-04 I
 I   4 DIS * hadron                 I          222          8534 I  7.400D-04 I
 I                                  I                            I            I
 ==============================================================================

 ********* Total number of errors, excluding junctions =        0 *************
 ********* Total number of errors, including junctions =        0 *************
 ********* Total number of warnings =                           0 *************
 ********* Fraction of events that fail fragmentation cuts =  0.02582 *********

1************ PYSTAT: User-Defined Limits on Kinematical Variables ************

 ==============================================================================
 I                                                                            I
 I                 0.000D+00 <  m_hard (GeV/c^2)  <  2.571D+00                I
 I    0.000D+00 ( 1.000D+00) <  p_T_hard (GeV/c)  <  1.285D+00                I
 I                             m_finite (GeV/c^2) =  1.000D+00                I
 I                -1.000D+01 <    y*_subsystem    <  1.000D+01                I
 I                -4.000D+01 <      y*_large      <  4.000D+01                I
 I                -4.000D+01 <      y*_small      <  4.000D+01                I
 I                -4.000D+01 <     eta*_large     <  4.000D+01                I
 I                -4.000D+01 <     eta*_small     <  4.000D+01                I
 I                -1.000D+00 < cos(theta*)_large  <  1.000D+00                I
 I                -1.000D+00 < cos(theta*)_small  <  1.000D+00                I
 I                 0.000D+00 <        x_1         <  1.000D+00                I
 I                 0.000D+00 <        x_2         <  1.000D+00                I
 I                -1.000D+00 <        x_F         <  1.000D+00                I
 I                -1.000D+00 <  cos(theta_hard)   <  1.000D+00                I
 I                 2.000D+00 < m'_hard (GeV/c^2)  <  2.571D+00                I
 I                                                                            I
 ==============================================================================
 The charm mass used is:    1.5000000000000000     
 ===================================================
 FROM PYTHIA (2nd half: ep collisions):
 Pythia total cross section normalisation:   1.4225840953118916       microbarn
 Total Number of generated events pythia         415
 ===================================================
 Actual totals from BeAGLE:
 Total Number of generated events        1000
 Total Number of trials        1069
 ===================================================

 ===== PDFSTA statistics for PDF under/over-flows ====

 ====== STRUCTM statistics for nucleon/pion PDFs =====

   total # of calls    7242.0000000000000     
   X  below PDF min    0.0000000000000000       or    0.0000000000000000       %
   X  above PDF max    0.0000000000000000       or    0.0000000000000000       %
   Q2 below PDF min    0.0000000000000000       or    0.0000000000000000       %
   Q2 above PDF max    0.0000000000000000       or    0.0000000000000000       %

 ========= STRUCTP statistics for photon PDFs ========

   total # of calls    0.0000000000000000     


 HISTAT:              statistics - intranuclear cascade
                      ---------------------------------

 no. of events for normalization: (accepted final events, evt)      1000
                                  (events before evap.-step, evt1)  1000
 no. of rejected events due to intranuclear cascade                    0

 no. of wounded nucl. in proj./ target (mean per evt)       0.00 /  3.16
 no. of particles unable to escape proj./ target (mean per evt)
        baryons:  pos.   0.000 /  1.754   neg.   0.000 /  0.000
        mesons:   pos.   0.000 /  0.000   neg.   0.000 /  0.000
 maximum no. of generations treated (maximum allowed:  25)
                                           (mean per evt)       1.36
 no. of sec. interactions in proj./ target (mean per evt1)  0.000 /  3.029
        out of which by inelastic interactions              0.000 /  0.449
                     by elastic interactions                0.000 /  2.414
                     by absorption (ap, K-, pi- only)       0.000 /  0.166


 HISTAT:              statistics - residual nuclei, evaporation
                      -----------------------------------------

 no. of events for normal.: (events handled by FICONF, evt)         1000
                            (events passing the evap.-step, evt1)   1000
 no. of rejected events     (   0,   0,   0)                           0


                      1) before evaporation-step:

 residual nuclei:  (mean values per evt)            proj. / target

        total number of particles                   0.000  194.592
        out of which: protons                       0.000   78.038
                      neutrons                      0.000  116.548
                      baryons                       0.000    0.006
                      pos. baryons                  0.000    0.000
        total charge                                0.000   78.038

        excitation energy (bef. evap.-step)     0.000E+00  0.680E-01
        excitation energy per nucleon           0.000E+00  0.353E-03


                      2) after  evaporation-step:

 Fission:             not requested
 Fermi-Break-up:      requested    
 Gamma-deexcitation:  requested    

 evaporation/deexcitation:  (mean values per evt1)  proj. / target

        total number of evap. particles             0.000    6.029
        out of which: protons                       0.000    0.059
                      neutrons                      0.000    5.711
                      deuterons                     0.000    0.033
                      3-H                           0.000    0.018
                      3-He                          0.000    0.003
                      4-He                          0.000    0.205
        nucl. deexcit. gammas                       0.000    4.384
        heavy fragments                             0.000    1.018


 HIMULT:                     particle - statistics
                             ---------------------

 fast/grey/black: EMU-def.

 particle    |            average multiplicity
             |     total         fast       grey     black    <pt>     f(1.7)
 ------------+---------------------------------------------------------------
 P          1|      1.274000     1.237000  0.03500  0.00200  0.33177266.90337
 AP         2|      0.162000     0.127000  0.03400  0.00100  0.47675  0.90533
 E-         3|      1.052000     1.052000  0.00000  0.00000  1.09763 11.49019
 E+         4|      0.051000     0.051000  0.00000  0.00000  0.11801  0.01818
 NUE        5|      0.005000     0.005000  0.00000  0.00000  0.50639  0.00087
 ANUE       6|      0.006000     0.006000  0.00000  0.00000  0.46163  0.00166
 GAM        7|     11.253000    11.253000  0.00000  0.00000  0.10596 10.80914
 NEU        8|      7.216000     7.192000  0.02300  0.00100  0.10244*********
 ANEU       9|      0.150000     0.124000  0.02500  0.00100  0.46556  1.06075
 MUE+      10|      0.003000     0.003000  0.00000  0.00000  1.24671  0.00236
 MUE-      11|      0.005000     0.005000  0.00000  0.00000  0.55798  0.00622
 K0L       12|      0.270000     0.248000  0.02200  0.00000  0.41927  1.35370
 PI+       13|      2.987000     2.929000  0.04900  0.00900  0.32887 14.57669
 PI-       14|      3.081000     3.008000  0.06500  0.00800  0.31076 17.19013
 K+        15|      0.314000     0.277000  0.03500  0.00200  0.44837  1.82372
 K-        16|      0.308000     0.275000  0.02800  0.00500  0.42545  1.30481
 LAM       17|      0.000000     0.000000  0.00000  0.00000  0.00000  0.00000
 ALAM      18|      0.000000     0.000000  0.00000  0.00000  0.00000  0.00000
 K0S       19|      0.000000     0.000000  0.00000  0.00000  0.00000  0.00000
 SIGM-     20|      0.000000     0.000000  0.00000  0.00000  0.00000  0.00000
 SIGM+     21|      0.000000     0.000000  0.00000  0.00000  0.00000  0.00000
 SIGM0     22|      0.000000     0.000000  0.00000  0.00000  0.00000  0.00000
 PI0       23|      0.000000     0.000000  0.00000  0.00000  0.00000  0.00000
 K0        24|      0.000000     0.000000  0.00000  0.00000  0.00000  0.00000
 AK0       25|      0.000000     0.000000  0.00000  0.00000  0.00000  0.00000
 BLANK     26|      4.608000     4.467000  0.12700  0.01400  0.50417 30.89667
 BLANK     27|      9.237000     8.964000  0.24600  0.02700  0.41992314.22100
 BLANK     28|      0.000000     0.000000  0.00000  0.00000  0.00000  0.00000
 BLANK     29|      0.000000     0.000000  0.00000  0.00000  0.00000  0.00000
 BLANK     30|     28.137000    27.792000  0.31600  0.02900  0.21320*********
 ETA550    31|      0.000000     0.000000  0.00000  0.00000  0.00000  0.00000
 RHO+77    32|      0.000000     0.000000  0.00000  0.00000  0.00000  0.00000
 RHO077    33|      0.000000     0.000000  0.00000  0.00000  0.00000  0.00000
 RHO-77    34|      0.000000     0.000000  0.00000  0.00000  0.00000  0.00000
 OM0783    35|      0.000000     0.000000  0.00000  0.00000  0.00000  0.00000
 K*+892    36|      0.000000     0.000000  0.00000  0.00000  0.00000  0.00000
 K*0892    37|      0.000000     0.000000  0.00000  0.00000  0.00000  0.00000
 K*-892    38|      0.000000     0.000000  0.00000  0.00000  0.00000  0.00000
 AK*089    39|      0.000000     0.000000  0.00000  0.00000  0.00000  0.00000
 KA+125    40|      0.000000     0.000000  0.00000  0.00000  0.00000  0.00000
 KA0125    41|      0.000000     0.000000  0.00000  0.00000  0.00000  0.00000
 KA-125    42|      0.000000     0.000000  0.00000  0.00000  0.00000  0.00000
 AKA012    43|      0.000000     0.000000  0.00000  0.00000  0.00000  0.00000
 K*+142    44|      0.000000     0.000000  0.00000  0.00000  0.00000  0.00000
 K*0142    45|      0.000000     0.000000  0.00000  0.00000  0.00000  0.00000
 K*-142    46|      0.000000     0.000000  0.00000  0.00000  0.00000  0.00000
 AK*014    47|      0.000000     0.000000  0.00000  0.00000  0.00000  0.00000
 S+1385    48|      0.000000     0.000000  0.00000  0.00000  0.00000  0.00000
 S01385    49|      0.000000     0.000000  0.00000  0.00000  0.00000  0.00000
 S-1385    50|      0.000000     0.000000  0.00000  0.00000  0.00000  0.00000
 L01820    51|      0.000000     0.000000  0.00000  0.00000  0.00000  0.00000
 L02030    52|      0.000000     0.000000  0.00000  0.00000  0.00000  0.00000
 N*++12    53|      0.000000     0.000000  0.00000  0.00000  0.00000  0.00000
 N*+ 12    54|      0.000000     0.000000  0.00000  0.00000  0.00000  0.00000
 N*012     55|      0.000000     0.000000  0.00000  0.00000  0.00000  0.00000
 N*-12     56|      0.000000     0.000000  0.00000  0.00000  0.00000  0.00000
 N*++16    57|      0.000000     0.000000  0.00000  0.00000  0.00000  0.00000
 N*+16     58|      0.000000     0.000000  0.00000  0.00000  0.00000  0.00000
 N*016     59|      0.000000     0.000000  0.00000  0.00000  0.00000  0.00000
 N*-16     60|      0.000000     0.000000  0.00000  0.00000  0.00000  0.00000
 N*+14     61|      0.000000     0.000000  0.00000  0.00000  0.00000  0.00000
 N*014     62|      0.000000     0.000000  0.00000  0.00000  0.00000  0.00000
 N*+15     63|      0.000000     0.000000  0.00000  0.00000  0.00000  0.00000
 N*015     64|      0.000000     0.000000  0.00000  0.00000  0.00000  0.00000
 N*+18     65|      0.000000     0.000000  0.00000  0.00000  0.00000  0.00000
 N*018     66|      0.000000     0.000000  0.00000  0.00000  0.00000  0.00000
 AN--12    67|      0.000000     0.000000  0.00000  0.00000  0.00000  0.00000
 AN*-12    68|      0.000000     0.000000  0.00000  0.00000  0.00000  0.00000
 AN*012    69|      0.000000     0.000000  0.00000  0.00000  0.00000  0.00000
 AN*+12    70|      0.000000     0.000000  0.00000  0.00000  0.00000  0.00000
 AN--16    71|      0.000000     0.000000  0.00000  0.00000  0.00000  0.00000
 AN*-16    72|      0.000000     0.000000  0.00000  0.00000  0.00000  0.00000
 AN*016    73|      0.000000     0.000000  0.00000  0.00000  0.00000  0.00000
 AN*+16    74|      0.000000     0.000000  0.00000  0.00000  0.00000  0.00000
 AN*-15    75|      0.000000     0.000000  0.00000  0.00000  0.00000  0.00000
 AN*015    76|      0.000000     0.000000  0.00000  0.00000  0.00000  0.00000
 DE*=24    77|      0.000000     0.000000  0.00000  0.00000  0.00000  0.00000
 RPI+49    78|      0.000000     0.000000  0.00000  0.00000  0.00000  0.00000
 RPI049    79|      0.000000     0.000000  0.00000  0.00000  0.00000  0.00000
 RPI-49    80|      0.000000     0.000000  0.00000  0.00000  0.00000  0.00000
 PIN++     81|      0.000000     0.000000  0.00000  0.00000  0.00000  0.00000
 PIN+0     82|      0.000000     0.000000  0.00000  0.00000  0.00000  0.00000
 PIN+-     83|      0.000000     0.000000  0.00000  0.00000  0.00000  0.00000
 PIN-0     84|      0.000000     0.000000  0.00000  0.00000  0.00000  0.00000
 PPPI      85|      0.000000     0.000000  0.00000  0.00000  0.00000  0.00000
 PNPI      86|      0.000000     0.000000  0.00000  0.00000  0.00000  0.00000
 APPPI     87|      0.000000     0.000000  0.00000  0.00000  0.00000  0.00000
 APNPI     88|      0.000000     0.000000  0.00000  0.00000  0.00000  0.00000
 K+PPI     89|      0.000000     0.000000  0.00000  0.00000  0.00000  0.00000
 K-PPI     90|      0.000000     0.000000  0.00000  0.00000  0.00000  0.00000
 K+NPI     91|      0.000000     0.000000  0.00000  0.00000  0.00000  0.00000
 K-NPI     92|      0.000000     0.000000  0.00000  0.00000  0.00000  0.00000
 S+1820    93|      0.000000     0.000000  0.00000  0.00000  0.00000  0.00000
 S-2030    94|      0.000000     0.000000  0.00000  0.00000  0.00000  0.00000
 ETA*      95|      0.000000     0.000000  0.00000  0.00000  0.00000  0.00000
 PHI       96|      0.000000     0.000000  0.00000  0.00000  0.00000  0.00000
 TETA0     97|      0.000000     0.000000  0.00000  0.00000  0.00000  0.00000
 TETA-     98|      0.000000     0.000000  0.00000  0.00000  0.00000  0.00000
 ASIG-     99|      0.000000     0.000000  0.00000  0.00000  0.00000  0.00000
 ASIG0    100|      0.000000     0.000000  0.00000  0.00000  0.00000  0.00000
 ASIG+    101|      0.000000     0.000000  0.00000  0.00000  0.00000  0.00000
 ATETA0   102|      0.000000     0.000000  0.00000  0.00000  0.00000  0.00000
 ATETA+   103|      0.000000     0.000000  0.00000  0.00000  0.00000  0.00000
 SIG*+    104|      0.000000     0.000000  0.00000  0.00000  0.00000  0.00000
 SIG*0    105|      0.000000     0.000000  0.00000  0.00000  0.00000  0.00000
 SIG*-    106|      0.000000     0.000000  0.00000  0.00000  0.00000  0.00000
 TETA*0   107|      0.000000     0.000000  0.00000  0.00000  0.00000  0.00000
 TETA*    108|      0.000000     0.000000  0.00000  0.00000  0.00000  0.00000
 OMEGA-   109|      0.000000     0.000000  0.00000  0.00000  0.00000  0.00000
 ASIG*-   110|      0.000000     0.000000  0.00000  0.00000  0.00000  0.00000
 ASIG*0   111|      0.000000     0.000000  0.00000  0.00000  0.00000  0.00000
 ASIG*+   112|      0.000000     0.000000  0.00000  0.00000  0.00000  0.00000
 ATET*0   113|      0.000000     0.000000  0.00000  0.00000  0.00000  0.00000
 ATET*+   114|      0.000000     0.000000  0.00000  0.00000  0.00000  0.00000
 OMEGA+   115|      0.000000     0.000000  0.00000  0.00000  0.00000  0.00000
 DEUTERON 116|      0.033000     0.033000  0.00000  0.00000  0.18551 35.19836
 3-H      117|      0.018000     0.018000  0.00000  0.00000  0.23928 36.83571
 3-HE     118|      0.003000     0.003000  0.00000  0.00000  0.22154  6.90578
 4-HE     119|      0.205000     0.205000  0.00000  0.00000  0.28875687.69428
STOP        0.00      0.00      0.00      0.00      0.00      0.00            
