 +-----------------------------------------------------------------------+
 | Welcome to BeAGLE - Benchmark eA Generator for LEptoproduction        |
 |                                                                       |
 |         BBBBBB  EEEEEEE     A     GGGGGG  LL       EEEEEEE            |
 |         BB   B  EE         A A    GG      LL       EE                 |
 |         BB  B   EE        A   A   GG      LL       EE                 |
 |         BBBBB   EEEEE     AAAAA   GG  GG  LL       EEEEE              |
 |         BB  B   EE       A     A  GG   G  LL       EE                 |
 |         BB   B  EE       A     A  GG   G  LL       EE                 |
 |         BBBBBB  EEEEEEE  A     A  GGGGGG  LLLLLLL  EEEEEEE            |
 |                                                                       |
 | BeAGLE Version 1.01.03                                                |
 |                                                                       |
 | Authors: Elke Aschenauer, Mark D. Baker, J.H. Lee, Zhoudunming Tu,    |
 |          Liang Zheng                                                  |
 | Contact: mdbaker@mdbpads.com or zhoudunming@bnl.gov                   |
 |                                                                       |
 | This program (previously called DPMJetHybrid) links to:               |
 | DPMJET, PHOJET, & PYTHIA (see version #s below) including also        |
 | LHAPDF for pdfs, and FLUKA & PyQM for conventional nuclear effects    |
 +-----------------------------------------------------------------------+

                            _______.
                         ,=~       '~\c.
                        i`             '\.
                       ,!                'c
                      ,/                 . t
                   ,_v`              ,,md@m.\
               ,v=~`    m.           [d@@@@@/i
             ,/`        '*          ],@@@@@@[[
            ,!                      ]]@@@@@@[[
            /                       ]]@@@@@@[[
           i`                       ]]@@@@@@[[
          g4.                       'i@@@@@A\|
         ]W@b                        \/M@Af,|
         'M@@W                      v/~===/`
              \=c_______==~~~~\.   /
                             ,mWmmWs
                             '*A**Mf
                             ,v`   \c.
                           _=`       'c.              v==c.
                         v/            'c           _K., i'i
                      ,v~                \c_  __==~~  ]'i] ]
                    ,=`                     ~~      'P`,!/ /
                  _/`      .           -.           .!.' _/
       ,.     ,_=~    ,_=/~[            N=__  __==~~'\/~~
     ,/`'i  ,/`    _=~`    [            ]   ~~
      t_.]~~~~~TXXXXG.     [            |.
      ] 'Y~~~~~`     [     [             [
      ]v`d           [     ]    __.       [
      ] /]   ,/    .,!     ]  v~, /\c   ,v/~~=.
      ][!d  -`    i` ]     ] / i! !i'i  [, [] /c
      ][/]    v   [  ]     ]i` `   ' [ ] !    !'i
      ]P,4  ,/   / / ]     ]]        [ ]        [
      ][/] -`   ,|,-'i     ]]        [ ]        [
      iV,]   v  / /  [     ]]        [ ]        [
      ] \] ,/    '   [     |/i       [ ]       ,|
~~~~~~Vg|] ` ____====f~~~~~~~~c    ,/~~~c     ,/~~~~~~~~~~~~~~~~~~~
        '~~~~                 ~==/`     \c__=`

 Art credit: asciiworld.com


 +-----------------------------------------------------------------------+
 |                                                                       |
 |                          DPMJET version 3.0-5                         |
 |                                                                       |
 |                      (Last change: 06 Jan 2010)                       |
 |                                                                       |
 |            Authors: Stefan Roesler   (CERN)                           |
 |                     Ralph Engel      (FZ Karlsruhe)                   |
 |                     Johannes Ranft   (Siegen Univ.)                   |
 |                                                                       |
 +-----------------------------------------------------------------------+
 | Please send suggestions, bug reports, etc. to: Stefan.Roesler@cern.ch |
 +-----------------------------------------------------------------------+

 Will use BEAGLESYS for .dat files: /cvmfs/eic.opensciencegrid.org/x8664_sl7/MCEG/releases/env/dev/PACKAGES/BeAGLE.
  
**********************************************************************        
* Example for a DTUNUC input file.                                            
* Uncomment the input-cards according to your requirements.                   
*                                                                             
* Format: A10,6E10.0,A8                                                       
*        (except for the section enclosed by "PHOINPUT" and "ENDINPUT"        
*         which is format-free)                                               
*         lines starting with "*" are comment lines                           
**********************************************************************        
*                                                                             
* projectile / target                                                         
* -------------------                                                         
PROJPAR     0.00      0.00      0.00      0.00      0.00      0.00    ELECTRON
TARPAR      197.      79.0      0.00      0.00      0.00      0.00            
TAUFOR      9.00      25.0      1.00      0.00      0.00      0.00            
FERMI       2.00     0.620      1.00      0.00      0.00      0.00            
* random number                                                               
FSEED       13.0     -1.00      3.00      3.00      0.00      0.00            
* output file with the name of fort.xx (xx=21-99)                             
OUTPUT      92.0      0.00      0.00      0.00      0.00      0.00            
* energy of interaction                                                       
* ---------------------                                                       
*	     momentum of beam1||momentum of beam2                                   
MOMENTUM    18.0      110.      0.00      0.00      0.00      0.00            
 BEAM1, BEAM2, MAscl, gamma, beta, EPN
   18.000000000000000          110.00000000000000         0.93113373676781663          118.13978652085351         0.99996417506424962          4252.9561333029233     
*	decay of pi0  2/0  decay/not decayed                                        
PARDECAY    2.00      0.00      0.00      0.00      0.00      0.00            
*	treatment of diffractive events                                             
*DIFFRACT         -3         0         0         0                            
* lepton tagger to sample events with certain kinematics cuts                 
*		yMin      yMax    Q2Min    Q2Max   theta_Min theta_Max                     
L-TAG      0.100E-08  1.00      10.0     0.200E+05  0.00      6.29            
*VDM-PAR2           1        1         0                                      
* model selection                                                             
USERSET     15.0      9.00      0.00      0.00      0.00      0.00            
 USERSET 15 selected. Fermi debug.
            USER1 = pxmiss
            USER2 = pxspec
            USER3 = P00
MODEL       0.00      0.00      0.00      0.00      0.00      0.00    PYTHIA  
* if PYTHIA model specify pythia input cards                                  
PY-INPUT    0.00      0.00      0.00      0.00      0.00      0.00    eAS1noq 
* PHOJET-specific input                                                       
* ---------------------                                                       
* The following lines control the event-generation with PHOJET for            
* individual photon/nucleon-nucleon collisions.                               
* For details see the PHOJET-manual available at                              
*        http://lepton.bartol.udel.edu/~eng/phojet.html                       
* Any options explained in the PHOJET-manual can be used in between           
* the "PHOINPUT" and "ENDINPUT" cards.                                        
PHOINPUT    0.00      0.00      0.00      0.00      0.00      0.00            

  ===================================================
                                                     
       ----      PHOJET version 1.12      ----      
                                                     
  ===================================================
      Authors: Ralph Engel      (FZ Karlsruhe)
               Johannes Ranft   (Siegen Univ.)
               Stefan Roesler   (CERN)
  ---------------------------------------------------
    Manual, updates, and further information:
     http://www-ik.fzk.de/~engel/phojet.html
  ---------------------------------------------------
     please send suggestions / bug reports etc. to:
              ralph.engel@fzk.de
  ===================================================
    $Date: 2000/06/25 21:59:19 $
    $Revision: 1.12.1.35 $
    (code version with interface to PYTHIA 6.x)
    (code version for usage in DPMJET 3.x)
  ===================================================

 PROCESS              1           1           1           1           1           1           1           1
  RETURN
*                                                                             
* Output                                                                      
* ------                                                                      
*   some default output (particle multiplicities etc.)                        
HISTOGRAM   101.      102.      0.00      0.00      0.00      0.00            
*                                                                             
* Start of event generation                                                   
* -------------------------                                                   
*		number of events                                                           
START       100.      0.00      0.00      0.00      0.00      0.00            
 %%%%%%%%%% FLUKA RANDOM SEED INIT %%%%%%%%%%%
          13          -1           3           3
 %%%%%%%%%%%%%%%%%%%%%%%%%%%%%%%%%%%%%%%%%%%%%
 DT_JSPARA: new value (default value)
 Momentum read by BeAGLE: P(e)=   18.000000000000000       P(p)=   110.00000000000000     
 the input file is: eAS1noq                                                                                                                                                                                                                                                         
  
 WARNING: Pythia control file A,Z unused
 Beagle will use DPMJET A,Z:          197 ,           79
 Using fixed PYR seed:      1234567
1                                                                              
 ******************************************************************************
 ******************************************************************************
 **                                                                          **
 **                                                                          **
 **              *......*                  Welcome to the Lund Monte Carlo!  **
 **         *:::!!:::::::::::*                                               **
 **      *::::::!!::::::::::::::*          PPP  Y   Y TTTTT H   H III   A    **
 **    *::::::::!!::::::::::::::::*        P  P  Y Y    T   H   H  I   A A   **
 **   *:::::::::!!:::::::::::::::::*       PPP    Y     T   HHHHH  I  AAAAA  **
 **   *:::::::::!!:::::::::::::::::*       P      Y     T   H   H  I  A   A  **
 **    *::::::::!!::::::::::::::::*!       P      Y     T   H   H III A   A  **
 **      *::::::!!::::::::::::::* !!                                         **
 **      !! *:::!!:::::::::::*    !!       This is PYTHIA version 6.428      **
 **      !!     !* -><- *         !!       Last date of change:  5 Sep 2013  **
 **      !!     !!                !!                                         **
 **      !!     !!                !!       Now is  0 Jan 2000 at  0:00:00    **
 **      !!                       !!                                         **
 **      !!        lh             !!       Disclaimer: this program comes    **
 **      !!                       !!       without any guarantees. Beware    **
 **      !!                 hh    !!       of errors and use common sense    **
 **      !!    ll                 !!       when interpreting results.        **
 **      !!                       !!                                         **
 **      !!                                Copyright T. Sjostrand (2011)     **
 **                                                                          **
 ** An archive of program versions and documentation is found on the web:    **
 ** http://www.thep.lu.se/~torbjorn/Pythia.html                              **
 **                                                                          **
 ** When you cite this program, the official reference is to the 6.4 manual: **
 ** T. Sjostrand, S. Mrenna and P. Skands, JHEP05 (2006) 026                 **
 ** (LU TP 06-13, FERMILAB-PUB-06-052-CD-T) [hep-ph/0603175].                **
 **                                                                          **
 ** Also remember that the program, to a large extent, represents original   **
 ** physics research. Other publications of special relevance to your        **
 ** studies may therefore deserve separate mention.                          **
 **                                                                          **
 ** Main author: Torbjorn Sjostrand; Department of Theoretical Physics,      **
 **   Lund University, Solvegatan 14A, S-223 62 Lund, Sweden;                **
 **   phone: + 46 - 46 - 222 48 16; e-mail: torbjorn@thep.lu.se              **
 ** Author: Stephen Mrenna; Computing Division, GDS Group,                   **
 **   Fermi National Accelerator Laboratory, MS 234, Batavia, IL 60510, USA; **
 **   phone: + 1 - 630 - 840 - 2556; e-mail: mrenna@fnal.gov                 **
 ** Author: Peter Skands; CERN/PH-TH, CH-1211 Geneva, Switzerland            **
 **   phone: + 41 - 22 - 767 24 47; e-mail: peter.skands@cern.ch             **
 **                                                                          **
 **                                                                          **
 ******************************************************************************
 ******************************************************************************
     MSEL           changed from              1 to              2
     mstp(14)       changed from             30 to             30
     MSTP(15)       changed from              0 to              0
     MSTP(16)       changed from              1 to              1
     MSTP(17)       changed from              4 to              4
     MSTP(18)       changed from              3 to              3
     MSTP(19)       changed from              4 to              1
     MSTP(20)       changed from              3 to              0
     MSTP(32)       changed from              8 to              8
     MSTP(38)       changed from              5 to              4
     MSTP(51)       changed from              7 to          10042
     MSTP(52)       changed from              1 to              2
     MSTP(53)       changed from              3 to              3
     MSTP(54)       changed from              1 to              1
     MSTP(55)       changed from              5 to              5
     MSTP(56)       changed from              1 to              1
     MSTP(57)       changed from              1 to              1
     MSTP(58)       changed from              5 to              5
     MSTP(59)       changed from              1 to              1
     MSTP(60)       changed from              7 to              7
     MSTP(61)       changed from              2 to              2
     MSTP(71)       changed from              1 to              1
     MSTP(81)       changed from              1 to              0
     MSTP(82)       changed from              4 to              0
     MSTP(91)       changed from              1 to              1
     MSTP(92)       changed from              3 to              3
     MSTP(93)       changed from              1 to              1
     MSTP(94)       changed from              3 to              2
     MSTP(101)      changed from              3 to              3
     MSTP(102)      changed from              1 to              1
     MSTP(111)      changed from              1 to              1
     MSTP(121)      changed from              0 to              0
     PARP(2)        changed from       10.00000 to        2.00000
     PARP(13)       changed from        1.00000 to        1.00000
     PARP(18)       changed from        0.40000 to        0.40000
     PARP(81)       changed from        1.90000 to        1.90000
     PARP(89)       changed from     1800.00000 to     1800.00000
     PARP(90)       changed from        0.25000 to        0.16000
     PARP(91)       changed from        2.00000 to        0.32000
     PARP(93)       changed from        5.00000 to        5.00000
     PARP(97)       changed from        1.00000 to        6.00000
     PARP(99)       changed from        1.00000 to        0.40000
     PARP(100)      changed from        5.00000 to        5.00000
     PARP(102)      changed from        0.28000 to        0.28000
     PARP(103)      changed from        1.00000 to        1.00000
     PARP(104)      changed from        0.80000 to        0.80000
     PARP(111)      changed from        2.00000 to        2.00000
     PARP(161)      changed from        2.20000 to        3.00000
     PARP(162)      changed from       23.60000 to       24.60000
     PARP(163)      changed from       18.40000 to       18.80000
     PARP(164)      changed from       11.50000 to       11.50000
     PARP(165)      changed from        0.50000 to        0.47679
     PARP(166)      changed from        0.00000 to        0.67597
     PARJ(1)        changed from        0.10000 to        0.10000
     PARJ(2)        changed from        0.30000 to        0.30000
     PARJ(11)       changed from        0.50000 to        0.50000
     PARJ(12)       changed from        0.60000 to        0.60000
     PARJ(21)       changed from        0.36000 to        0.32000
     PARJ(32)       changed from        1.00000 to        1.00000
     PARJ(33)       changed from        0.80000 to        0.80000
     PARJ(41)       changed from        0.30000 to        0.30000
     PARJ(42)       changed from        0.58000 to        0.58000
     PARJ(45)       changed from        0.50000 to        0.50000
     MSTJ(1)        changed from              1 to              1
     MSTJ(12)       changed from              2 to              1
     MSTJ(45)       changed from              5 to              5
     MSTU(112)      changed from              5 to              5
     MSTU(113)      changed from              3 to              5
     MSTU(114)      changed from              5 to              5
     CKIN(1)        changed from        2.00000 to        1.00000
     CKIN(2)        changed from       -1.00000 to       -1.00000
     CKIN(3)        changed from        0.00000 to        0.00000
     CKIN(4)        changed from       -1.00000 to       -1.00000
     CKIN(5)        changed from        1.00000 to        1.00000
     CKIN(6)        changed from        1.00000 to        1.00000
     CKIN(7)        changed from      -10.00000 to      -10.00000
     CKIN(8)        changed from       10.00000 to       10.00000
     CKIN(9)        changed from      -40.00000 to      -40.00000
     CKIN(10)       changed from       40.00000 to       40.00000
     CKIN(11)       changed from      -40.00000 to      -40.00000
     CKIN(12)       changed from       40.00000 to       40.00000
     CKIN(13)       changed from      -40.00000 to      -40.00000
     CKIN(14)       changed from       40.00000 to       40.00000
     CKIN(15)       changed from      -40.00000 to      -40.00000
     CKIN(16)       changed from       40.00000 to       40.00000
     CKIN(17)       changed from       -1.00000 to       -1.00000
     CKIN(18)       changed from        1.00000 to        1.00000
     CKIN(19)       changed from       -1.00000 to       -1.00000
     CKIN(20)       changed from        1.00000 to        1.00000
     CKIN(21)       changed from        0.00000 to        0.00000
     CKIN(22)       changed from        1.00000 to        1.00000
     CKIN(23)       changed from        0.00000 to        0.00000
     CKIN(24)       changed from        1.00000 to        1.00000
     CKIN(25)       changed from       -1.00000 to       -1.00000
     CKIN(26)       changed from        1.00000 to        1.00000
     CKIN(27)       changed from       -1.00000 to       -1.00000
     CKIN(28)       changed from        1.00000 to        1.00000
     CKIN(31)       changed from        2.00000 to        2.00000
     CKIN(32)       changed from       -1.00000 to       -1.00000
     CKIN(35)       changed from        0.00000 to        0.00000
     CKIN(36)       changed from       -1.00000 to       -1.00000
     CKIN(37)       changed from        0.00000 to        0.00000
     CKIN(38)       changed from       -1.00000 to       -1.00000
     CKIN(39)       changed from        4.00000 to        4.00000
     CKIN(40)       changed from       -1.00000 to       -1.00000
     CKIN(65)       changed from        0.00000 to        0.00000
     CKIN(66)       changed from       -1.00000 to       -1.00000
     CKIN(67)       changed from        0.00000 to        0.00000
     CKIN(68)       changed from       -1.00000 to       -1.00000
     CKIN(77)       changed from        2.00000 to        2.00000
     CKIN(78)       changed from       -1.00000 to       -1.00000
 *********************************************
 NOW all parameters are read by PYTHIA
 *********************************************
 the output file is: outForPythiaMode/eAu.txt                                                                                                                                                                                                                                        
 kinematics cut read by PYTHIA:
   1.0000000000000001E-009  < y <   0.99900000000000000      ,    10.000000000000000       < Q2 <    20000.000000000000     
 SEED =      1234567
 RANLUX LUXURY LEVEL SET BY RLUXGO : 4     P= 389
 RANLUX INITIALIZED BY RLUXGO FROM SEEDS     1234567           0           0
   4252.9561332995763        18.000000007225001       -4252.9561332995454       -18.000000000000000     
 *********************************************
 Nucleus: Z, A:           79           197
 Per nucleon beam momentum:   110.00000000000000      GeV
 sqrts for momentum matched ep:    89.000137118951287      GeV
 Rapidity-matched neutron beam momentum:    110.99662263206297      GeV
 Rapidity-matched proton beam momentum:    110.84304641164121      GeV
 lepton beam momentum:    18.000000000000000      GeV
 sqrts for eN system:    89.402364512207185      GeV
 lepton beam energy in TRF:    4252.9561332995763      GeV
 *********************************************
 Density profile of the target: DONE
 Charge number=          79  Mass number=         197
 Quenching requested, qhat=   0.0000000000000000     
 Using recoil factor:   0.0000000000000000     
       Ptmodel iPtF:            3
       EmitGluon iEg:           0
       SupFactor:       1.0000000000000000     
       Heavy Quarks:            0
       Energy Thres:    0.0000000000000000     

 WEAK DECAY TABLE
 Particle, PID, MDCY value
 K_S0                     310           1
 pi0                      111           1
 Lambda0                 3122           1
 Lambdabar0             -3122           1
 Sigma+                  3222           1
 Sigmabar-              -3222           1
 Sigma-                  3112           1
 Sigmabar+              -3112           1
 Xi0                     3322           1
 Xibar0                 -3322           1
 Xi-                     3312           1
 Xibar+                 -3312           1
 Omega-                  3334           1
 Omegabar+              -3334           1
 D+                       411           1
 D-                      -411           1
 D0                       421           1
 Dbar0                   -421           1
 D_s+                     431           1
 D_s-                    -431           1
 eta_c                    441           1
 Lambda_c+               4122           1
 Lambda_cbar-           -4122           1
 Sigma_c++               4222           1
 Sigma_c+                4212           1
 Sigma_c0                4112           1
 Sigma_cbar--           -4222           1
 Sigma_cbar-            -4212           1
 Sigma_cbar0            -4112           1
 Xi_c+                   4232           1
 Xi_c0                   4132           1
 Xi_cbar-               -4232           1
 Xi_cbar0               -4132           1
 Sigma0                  3212           1
 Sigmabar0              -3212           1
 J/psi                    443           1
 phi                      333           1

1****************** PYINIT: initialization of PYTHIA routines *****************
 ==== PYTHIA WILL USE LHAPDF ====
 *************************************
 *       LHAPDF Version 5.9.1        *
 *   Configured for the following:   *
 *             All PDFs              *
 *         FULL MEMORY option        *
 *    Maximum  3 concurrent set(s)   *
 *************************************

 >>>>>> PDF description: <<<<<<
 CTEQ6L1 - LO with LO alpha_s                                    
 Reference:                                                      
 J. Pumplin, D.R. Stump, J. Huston, H.L. Lai, P. Nadolsky,       
 W.K. Tung                                                       
 hep-ph/0201195                                                  
 >>>>>>                   <<<<<<

 Parametrization: CTEQ6           

 ==============================================
 PDFset name /cvmfs/sft.cern.ch/lcg/external/lhapdfsets/5.9.1/share/PDFsets/cteq6ll.LHpdf    
 with          1 members
 ====  initialized. ===========================
 Strong coupling at Mz for PDF is:  0.12978

 ==============================================================================
 I                                                                            I
 I      PYTHIA will be initialized for gamma/e- on n0 user configuration      I
 I                                                                            I
 I                  px (GeV/c)   py (GeV/c)   pz (GeV/c)      E (GeV)         I
 I        gamma/e-       0.000        0.000      -18.000       18.000         I
 I        n0             0.000        0.000      110.997      111.001         I
 I                                                                            I
 I           corresponding to     89.402 GeV center-of-mass energy            I
 I                                                                            I
 ==============================================================================
 /cvmfs/sft.cern.ch/lcg/external/lhapdfsets/5.9.1/share/PDFsets/EPS09LOR_197.LHgrid

 ******** PYMAXI: summary of differential cross-section maximum search ********

           ==========================================================
           I                                      I                 I
           I  ISUB  Subprocess name               I  Maximum value  I
           I                                      I                 I
           ==========================================================
           I                                      I                 I
           I   91   Elastic scattering            I    4.3902D-03   I
           I   92   Single diffractive (XB)       I    3.2582D-03   I
           I   93   Single diffractive (AX)       I    2.6575D-03   I
           I   94   Double  diffractive           I    2.6037D-03   I
           I   95   Low-pT scattering             I    1.9422D-02   I
           I   96   Semihard QCD 2 -> 2           I    1.8713D-01   I
           I                                      I                 I
           ==========================================================

 ******** PYMAXI: summary of differential cross-section maximum search ********

           ==========================================================
           I                                      I                 I
           I  ISUB  Subprocess name               I  Maximum value  I
           I                                      I                 I
           ==========================================================
           I                                      I                 I
           I  131   f + gamma*_T -> f + g         I    1.2866D-03   I
           I  132   f + gamma*_L -> f + g         I    6.9927D-05   I
           I  135   g + gamma*_T -> f + fbar      I    6.0135D-03   I
           I  136   g + gamma*_L -> f + fbar      I    1.0533D-03   I
           I                                      I                 I
           ==========================================================

 ******** PYMAXI: summary of differential cross-section maximum search ********

           ==========================================================
           I                                      I                 I
           I  ISUB  Subprocess name               I  Maximum value  I
           I                                      I                 I
           ==========================================================
           I                                      I                 I
           I   91   Elastic scattering            I    1.1343D-03   I
           I   92   Single diffractive (XB)       I    8.5814D-04   I
           I   93   Single diffractive (AX)       I    6.7982D-04   I
           I   94   Double  diffractive           I    6.8109D-04   I
           I   95   Low-pT scattering             I    5.4032D-03   I
           I   96   Semihard QCD 2 -> 2           I    1.2981D-01   I
           I                                      I                 I
           ==========================================================

 ******** PYMAXI: summary of differential cross-section maximum search ********

           ==========================================================
           I                                      I                 I
           I  ISUB  Subprocess name               I  Maximum value  I
           I                                      I                 I
           ==========================================================
           I                                      I                 I
           I   99   q + gamma* -> q               I    2.0497D-02   I
           I                                      I                 I
           ==========================================================

 ********************** PYINIT: initialization completed **********************
 LAEVT:                kinematical cuts
                      ------------------
         W (min)   =    0.5 GeV    (max) =   89.4 GeV
         y (min)   =  0.000        (max) =  0.999
         Q^2 (min) =   10.0 GeV^2  (max) =20000.0 GeV^2
 (Lab)   E_g (min) =    0.0 GeV
 (Lab) theta (min) = 0.0000        (max) = 6.2900   for E_lpt >    0.0 GeV

 resulting limits:
         W (min)   =    0.9 GeV    (max) =   89.4 GeV

 limits for Glauber-initialization:
         W (min)   =    3.0 GeV    (max) =   89.4 GeV
         Q^2 (min) =   10.0 GeV^2  (max) =20000.0 GeV^2



 SHMAKI:    Glauber formalism (Shmakov et. al) - initialization
            ---------------------------------------------------

 variable energy run:     projectile-id:  7    target A/Z: 197 / 79

        E_cm (GeV)    Q^2 (GeV^2)    Sigma_tot (mb)     Sigma_in (mb)
       --------------------------------------------------------------
            3.0          10.00           0.526              0.000
            3.0          66.87           0.002              0.000
            3.0         447.21           0.000              0.000
            3.0         ******           0.000              0.000
            3.0         ******           0.000              0.000
            4.9          10.00           0.871              0.000
            4.9          66.87           0.014              0.000
            4.9         447.21           0.000              0.000
            4.9         ******           0.000              0.000
            4.9         ******           0.000              0.000
            7.9          10.00           0.942              0.000
            7.9          66.87           0.060              0.000
            7.9         447.21           0.000              0.000
            7.9         ******           0.000              0.000
            7.9         ******           0.000              0.000
           12.8          10.00           0.954              0.000
           12.8          66.87           0.118              0.000
           12.8         447.21           0.001              0.000
           12.8         ******           0.000              0.000
           12.8         ******           0.000              0.000
           20.9          10.00           1.061              0.000
           20.9          66.87           0.143              0.000
           20.9         447.21           0.007              0.000
           20.9         ******           0.000              0.000
           20.9         ******           0.000              0.000
           33.9          10.00           1.268              0.000
           33.9          66.87           0.167              0.000
           33.9         447.21           0.016              0.000
           33.9         ******           0.000              0.000
           33.9         ******           0.000              0.000
           55.0          10.00           1.558              0.000
           55.0          66.87           0.212              0.000
           55.0         447.21           0.021              0.000
           55.0         ******           0.001              0.000
           55.0         ******           0.000              0.000
           89.4          10.00           1.934              0.000
           89.4          66.87           0.277              0.000
           89.4         447.21           0.026              0.000
           89.4         ******           0.002              0.000
           89.4         ******           0.000              0.000
 DT_SIGEMU:    Combined cross sections
               -----------------------

 E_cm =      3.0 GeV  Q^2 =  10.0 GeV^2 :

 total                                    0.5256 +-    0.00000 mb
 elastic                                  0.0000 +-    0.00000 mb
 quasi-elastic (A+B-->A+X)                0.0000 +-    0.00000 mb
 quasi-elastic (A+B-->X+B)                0.0000 +-    0.00000 mb
 quasi-elastic (A+B-->X, excl. 2-4)       0.0000 +-    0.00000 mb
 production                               0.0000 +-    0.00000 mb
 diff-el                                  0.0000 +-    0.00000 mb
 diff-qel                                 0.0000 +-    0.00000 mb

 E_cm =      3.0 GeV  Q^2 =  66.9 GeV^2 :

 total                                    0.0019 +-    0.00000 mb
 elastic                                  0.0000 +-    0.00000 mb
 quasi-elastic (A+B-->A+X)                0.0000 +-    0.00000 mb
 quasi-elastic (A+B-->X+B)                0.0000 +-    0.00000 mb
 quasi-elastic (A+B-->X, excl. 2-4)       0.0000 +-    0.00000 mb
 production                               0.0000 +-    0.00000 mb
 diff-el                                  0.0000 +-    0.00000 mb
 diff-qel                                 0.0000 +-    0.00000 mb

 E_cm =      3.0 GeV  Q^2 = 447.2 GeV^2 :

 total                                    0.0000 +-    0.00000 mb
 elastic                                  0.0000 +-    0.00000 mb
 quasi-elastic (A+B-->A+X)                0.0000 +-    0.00000 mb
 quasi-elastic (A+B-->X+B)                0.0000 +-    0.00000 mb
 quasi-elastic (A+B-->X, excl. 2-4)       0.0000 +-    0.00000 mb
 production                               0.0000 +-    0.00000 mb
 diff-el                                  0.0000 +-    0.00000 mb
 diff-qel                                 0.0000 +-    0.00000 mb

 E_cm =      3.0 GeV  Q^2 =2990.7 GeV^2 :

 total                                    0.0000 +-    0.00000 mb
 elastic                                  0.0000 +-    0.00000 mb
 quasi-elastic (A+B-->A+X)                0.0000 +-    0.00000 mb
 quasi-elastic (A+B-->X+B)                0.0000 +-    0.00000 mb
 quasi-elastic (A+B-->X, excl. 2-4)       0.0000 +-    0.00000 mb
 production                               0.0000 +-    0.00000 mb
 diff-el                                  0.0000 +-    0.00000 mb
 diff-qel                                 0.0000 +-    0.00000 mb

 E_cm =      3.0 GeV  Q^2 =****** GeV^2 :

 total                                    0.0000 +-    0.00000 mb
 elastic                                  0.0000 +-    0.00000 mb
 quasi-elastic (A+B-->A+X)                0.0000 +-    0.00000 mb
 quasi-elastic (A+B-->X+B)                0.0000 +-    0.00000 mb
 quasi-elastic (A+B-->X, excl. 2-4)       0.0000 +-    0.00000 mb
 production                               0.0000 +-    0.00000 mb
 diff-el                                  0.0000 +-    0.00000 mb
 diff-qel                                 0.0000 +-    0.00000 mb

 E_cm =      4.9 GeV  Q^2 =  10.0 GeV^2 :

 total                                    0.8712 +-    0.00000 mb
 elastic                                  0.0000 +-    0.00000 mb
 quasi-elastic (A+B-->A+X)                0.0000 +-    0.00000 mb
 quasi-elastic (A+B-->X+B)                0.0000 +-    0.00000 mb
 quasi-elastic (A+B-->X, excl. 2-4)       0.0000 +-    0.00000 mb
 production                               0.0000 +-    0.00000 mb
 diff-el                                  0.0000 +-    0.00000 mb
 diff-qel                                 0.0000 +-    0.00000 mb

 E_cm =      4.9 GeV  Q^2 =  66.9 GeV^2 :

 total                                    0.0140 +-    0.00000 mb
 elastic                                  0.0000 +-    0.00000 mb
 quasi-elastic (A+B-->A+X)                0.0000 +-    0.00000 mb
 quasi-elastic (A+B-->X+B)                0.0000 +-    0.00000 mb
 quasi-elastic (A+B-->X, excl. 2-4)       0.0000 +-    0.00000 mb
 production                               0.0000 +-    0.00000 mb
 diff-el                                  0.0000 +-    0.00000 mb
 diff-qel                                 0.0000 +-    0.00000 mb

 E_cm =      4.9 GeV  Q^2 = 447.2 GeV^2 :

 total                                    0.0000 +-    0.00000 mb
 elastic                                  0.0000 +-    0.00000 mb
 quasi-elastic (A+B-->A+X)                0.0000 +-    0.00000 mb
 quasi-elastic (A+B-->X+B)                0.0000 +-    0.00000 mb
 quasi-elastic (A+B-->X, excl. 2-4)       0.0000 +-    0.00000 mb
 production                               0.0000 +-    0.00000 mb
 diff-el                                  0.0000 +-    0.00000 mb
 diff-qel                                 0.0000 +-    0.00000 mb

 E_cm =      4.9 GeV  Q^2 =2990.7 GeV^2 :

 total                                    0.0000 +-    0.00000 mb
 elastic                                  0.0000 +-    0.00000 mb
 quasi-elastic (A+B-->A+X)                0.0000 +-    0.00000 mb
 quasi-elastic (A+B-->X+B)                0.0000 +-    0.00000 mb
 quasi-elastic (A+B-->X, excl. 2-4)       0.0000 +-    0.00000 mb
 production                               0.0000 +-    0.00000 mb
 diff-el                                  0.0000 +-    0.00000 mb
 diff-qel                                 0.0000 +-    0.00000 mb

 E_cm =      4.9 GeV  Q^2 =****** GeV^2 :

 total                                    0.0000 +-    0.00000 mb
 elastic                                  0.0000 +-    0.00000 mb
 quasi-elastic (A+B-->A+X)                0.0000 +-    0.00000 mb
 quasi-elastic (A+B-->X+B)                0.0000 +-    0.00000 mb
 quasi-elastic (A+B-->X, excl. 2-4)       0.0000 +-    0.00000 mb
 production                               0.0000 +-    0.00000 mb
 diff-el                                  0.0000 +-    0.00000 mb
 diff-qel                                 0.0000 +-    0.00000 mb

 E_cm =      7.9 GeV  Q^2 =  10.0 GeV^2 :

 total                                    0.9419 +-    0.00000 mb
 elastic                                  0.0000 +-    0.00000 mb
 quasi-elastic (A+B-->A+X)                0.0000 +-    0.00000 mb
 quasi-elastic (A+B-->X+B)                0.0000 +-    0.00000 mb
 quasi-elastic (A+B-->X, excl. 2-4)       0.0000 +-    0.00000 mb
 production                               0.0000 +-    0.00000 mb
 diff-el                                  0.0000 +-    0.00000 mb
 diff-qel                                 0.0000 +-    0.00000 mb

 E_cm =      7.9 GeV  Q^2 =  66.9 GeV^2 :

 total                                    0.0597 +-    0.00000 mb
 elastic                                  0.0000 +-    0.00000 mb
 quasi-elastic (A+B-->A+X)                0.0000 +-    0.00000 mb
 quasi-elastic (A+B-->X+B)                0.0000 +-    0.00000 mb
 quasi-elastic (A+B-->X, excl. 2-4)       0.0000 +-    0.00000 mb
 production                               0.0000 +-    0.00000 mb
 diff-el                                  0.0000 +-    0.00000 mb
 diff-qel                                 0.0000 +-    0.00000 mb

 E_cm =      7.9 GeV  Q^2 = 447.2 GeV^2 :

 total                                    0.0001 +-    0.00000 mb
 elastic                                  0.0000 +-    0.00000 mb
 quasi-elastic (A+B-->A+X)                0.0000 +-    0.00000 mb
 quasi-elastic (A+B-->X+B)                0.0000 +-    0.00000 mb
 quasi-elastic (A+B-->X, excl. 2-4)       0.0000 +-    0.00000 mb
 production                               0.0000 +-    0.00000 mb
 diff-el                                  0.0000 +-    0.00000 mb
 diff-qel                                 0.0000 +-    0.00000 mb

 E_cm =      7.9 GeV  Q^2 =2990.7 GeV^2 :

 total                                    0.0000 +-    0.00000 mb
 elastic                                  0.0000 +-    0.00000 mb
 quasi-elastic (A+B-->A+X)                0.0000 +-    0.00000 mb
 quasi-elastic (A+B-->X+B)                0.0000 +-    0.00000 mb
 quasi-elastic (A+B-->X, excl. 2-4)       0.0000 +-    0.00000 mb
 production                               0.0000 +-    0.00000 mb
 diff-el                                  0.0000 +-    0.00000 mb
 diff-qel                                 0.0000 +-    0.00000 mb

 E_cm =      7.9 GeV  Q^2 =****** GeV^2 :

 total                                    0.0000 +-    0.00000 mb
 elastic                                  0.0000 +-    0.00000 mb
 quasi-elastic (A+B-->A+X)                0.0000 +-    0.00000 mb
 quasi-elastic (A+B-->X+B)                0.0000 +-    0.00000 mb
 quasi-elastic (A+B-->X, excl. 2-4)       0.0000 +-    0.00000 mb
 production                               0.0000 +-    0.00000 mb
 diff-el                                  0.0000 +-    0.00000 mb
 diff-qel                                 0.0000 +-    0.00000 mb

 E_cm =     12.8 GeV  Q^2 =  10.0 GeV^2 :

 total                                    0.9538 +-    0.00000 mb
 elastic                                  0.0000 +-    0.00000 mb
 quasi-elastic (A+B-->A+X)                0.0000 +-    0.00000 mb
 quasi-elastic (A+B-->X+B)                0.0000 +-    0.00000 mb
 quasi-elastic (A+B-->X, excl. 2-4)       0.0000 +-    0.00000 mb
 production                               0.0000 +-    0.00000 mb
 diff-el                                  0.0000 +-    0.00000 mb
 diff-qel                                 0.0000 +-    0.00000 mb

 E_cm =     12.8 GeV  Q^2 =  66.9 GeV^2 :

 total                                    0.1175 +-    0.00000 mb
 elastic                                  0.0000 +-    0.00000 mb
 quasi-elastic (A+B-->A+X)                0.0000 +-    0.00000 mb
 quasi-elastic (A+B-->X+B)                0.0000 +-    0.00000 mb
 quasi-elastic (A+B-->X, excl. 2-4)       0.0000 +-    0.00000 mb
 production                               0.0000 +-    0.00000 mb
 diff-el                                  0.0000 +-    0.00000 mb
 diff-qel                                 0.0000 +-    0.00000 mb

 E_cm =     12.8 GeV  Q^2 = 447.2 GeV^2 :

 total                                    0.0014 +-    0.00000 mb
 elastic                                  0.0000 +-    0.00000 mb
 quasi-elastic (A+B-->A+X)                0.0000 +-    0.00000 mb
 quasi-elastic (A+B-->X+B)                0.0000 +-    0.00000 mb
 quasi-elastic (A+B-->X, excl. 2-4)       0.0000 +-    0.00000 mb
 production                               0.0000 +-    0.00000 mb
 diff-el                                  0.0000 +-    0.00000 mb
 diff-qel                                 0.0000 +-    0.00000 mb

 E_cm =     12.8 GeV  Q^2 =2990.7 GeV^2 :

 total                                    0.0000 +-    0.00000 mb
 elastic                                  0.0000 +-    0.00000 mb
 quasi-elastic (A+B-->A+X)                0.0000 +-    0.00000 mb
 quasi-elastic (A+B-->X+B)                0.0000 +-    0.00000 mb
 quasi-elastic (A+B-->X, excl. 2-4)       0.0000 +-    0.00000 mb
 production                               0.0000 +-    0.00000 mb
 diff-el                                  0.0000 +-    0.00000 mb
 diff-qel                                 0.0000 +-    0.00000 mb

 E_cm =     12.8 GeV  Q^2 =****** GeV^2 :

 total                                    0.0000 +-    0.00000 mb
 elastic                                  0.0000 +-    0.00000 mb
 quasi-elastic (A+B-->A+X)                0.0000 +-    0.00000 mb
 quasi-elastic (A+B-->X+B)                0.0000 +-    0.00000 mb
 quasi-elastic (A+B-->X, excl. 2-4)       0.0000 +-    0.00000 mb
 production                               0.0000 +-    0.00000 mb
 diff-el                                  0.0000 +-    0.00000 mb
 diff-qel                                 0.0000 +-    0.00000 mb

 E_cm =     20.9 GeV  Q^2 =  10.0 GeV^2 :

 total                                    1.0613 +-    0.00000 mb
 elastic                                  0.0000 +-    0.00000 mb
 quasi-elastic (A+B-->A+X)                0.0000 +-    0.00000 mb
 quasi-elastic (A+B-->X+B)                0.0000 +-    0.00000 mb
 quasi-elastic (A+B-->X, excl. 2-4)       0.0000 +-    0.00000 mb
 production                               0.0000 +-    0.00000 mb
 diff-el                                  0.0000 +-    0.00000 mb
 diff-qel                                 0.0000 +-    0.00000 mb

 E_cm =     20.9 GeV  Q^2 =  66.9 GeV^2 :

 total                                    0.1430 +-    0.00000 mb
 elastic                                  0.0000 +-    0.00000 mb
 quasi-elastic (A+B-->A+X)                0.0000 +-    0.00000 mb
 quasi-elastic (A+B-->X+B)                0.0000 +-    0.00000 mb
 quasi-elastic (A+B-->X, excl. 2-4)       0.0000 +-    0.00000 mb
 production                               0.0000 +-    0.00000 mb
 diff-el                                  0.0000 +-    0.00000 mb
 diff-qel                                 0.0000 +-    0.00000 mb

 E_cm =     20.9 GeV  Q^2 = 447.2 GeV^2 :

 total                                    0.0075 +-    0.00000 mb
 elastic                                  0.0000 +-    0.00000 mb
 quasi-elastic (A+B-->A+X)                0.0000 +-    0.00000 mb
 quasi-elastic (A+B-->X+B)                0.0000 +-    0.00000 mb
 quasi-elastic (A+B-->X, excl. 2-4)       0.0000 +-    0.00000 mb
 production                               0.0000 +-    0.00000 mb
 diff-el                                  0.0000 +-    0.00000 mb
 diff-qel                                 0.0000 +-    0.00000 mb

 E_cm =     20.9 GeV  Q^2 =2990.7 GeV^2 :

 total                                    0.0000 +-    0.00000 mb
 elastic                                  0.0000 +-    0.00000 mb
 quasi-elastic (A+B-->A+X)                0.0000 +-    0.00000 mb
 quasi-elastic (A+B-->X+B)                0.0000 +-    0.00000 mb
 quasi-elastic (A+B-->X, excl. 2-4)       0.0000 +-    0.00000 mb
 production                               0.0000 +-    0.00000 mb
 diff-el                                  0.0000 +-    0.00000 mb
 diff-qel                                 0.0000 +-    0.00000 mb

 E_cm =     20.9 GeV  Q^2 =****** GeV^2 :

 total                                    0.0000 +-    0.00000 mb
 elastic                                  0.0000 +-    0.00000 mb
 quasi-elastic (A+B-->A+X)                0.0000 +-    0.00000 mb
 quasi-elastic (A+B-->X+B)                0.0000 +-    0.00000 mb
 quasi-elastic (A+B-->X, excl. 2-4)       0.0000 +-    0.00000 mb
 production                               0.0000 +-    0.00000 mb
 diff-el                                  0.0000 +-    0.00000 mb
 diff-qel                                 0.0000 +-    0.00000 mb

 E_cm =     33.9 GeV  Q^2 =  10.0 GeV^2 :

 total                                    1.2677 +-    0.00000 mb
 elastic                                  0.0000 +-    0.00000 mb
 quasi-elastic (A+B-->A+X)                0.0000 +-    0.00000 mb
 quasi-elastic (A+B-->X+B)                0.0000 +-    0.00000 mb
 quasi-elastic (A+B-->X, excl. 2-4)       0.0000 +-    0.00000 mb
 production                               0.0000 +-    0.00000 mb
 diff-el                                  0.0000 +-    0.00000 mb
 diff-qel                                 0.0000 +-    0.00000 mb

 E_cm =     33.9 GeV  Q^2 =  66.9 GeV^2 :

 total                                    0.1675 +-    0.00000 mb
 elastic                                  0.0000 +-    0.00000 mb
 quasi-elastic (A+B-->A+X)                0.0000 +-    0.00000 mb
 quasi-elastic (A+B-->X+B)                0.0000 +-    0.00000 mb
 quasi-elastic (A+B-->X, excl. 2-4)       0.0000 +-    0.00000 mb
 production                               0.0000 +-    0.00000 mb
 diff-el                                  0.0000 +-    0.00000 mb
 diff-qel                                 0.0000 +-    0.00000 mb

 E_cm =     33.9 GeV  Q^2 = 447.2 GeV^2 :

 total                                    0.0160 +-    0.00000 mb
 elastic                                  0.0000 +-    0.00000 mb
 quasi-elastic (A+B-->A+X)                0.0000 +-    0.00000 mb
 quasi-elastic (A+B-->X+B)                0.0000 +-    0.00000 mb
 quasi-elastic (A+B-->X, excl. 2-4)       0.0000 +-    0.00000 mb
 production                               0.0000 +-    0.00000 mb
 diff-el                                  0.0000 +-    0.00000 mb
 diff-qel                                 0.0000 +-    0.00000 mb

 E_cm =     33.9 GeV  Q^2 =2990.7 GeV^2 :

 total                                    0.0002 +-    0.00000 mb
 elastic                                  0.0000 +-    0.00000 mb
 quasi-elastic (A+B-->A+X)                0.0000 +-    0.00000 mb
 quasi-elastic (A+B-->X+B)                0.0000 +-    0.00000 mb
 quasi-elastic (A+B-->X, excl. 2-4)       0.0000 +-    0.00000 mb
 production                               0.0000 +-    0.00000 mb
 diff-el                                  0.0000 +-    0.00000 mb
 diff-qel                                 0.0000 +-    0.00000 mb

 E_cm =     33.9 GeV  Q^2 =****** GeV^2 :

 total                                    0.0000 +-    0.00000 mb
 elastic                                  0.0000 +-    0.00000 mb
 quasi-elastic (A+B-->A+X)                0.0000 +-    0.00000 mb
 quasi-elastic (A+B-->X+B)                0.0000 +-    0.00000 mb
 quasi-elastic (A+B-->X, excl. 2-4)       0.0000 +-    0.00000 mb
 production                               0.0000 +-    0.00000 mb
 diff-el                                  0.0000 +-    0.00000 mb
 diff-qel                                 0.0000 +-    0.00000 mb

 E_cm =     55.0 GeV  Q^2 =  10.0 GeV^2 :

 total                                    1.5584 +-    0.00000 mb
 elastic                                  0.0000 +-    0.00000 mb
 quasi-elastic (A+B-->A+X)                0.0000 +-    0.00000 mb
 quasi-elastic (A+B-->X+B)                0.0000 +-    0.00000 mb
 quasi-elastic (A+B-->X, excl. 2-4)       0.0000 +-    0.00000 mb
 production                               0.0000 +-    0.00000 mb
 diff-el                                  0.0000 +-    0.00000 mb
 diff-qel                                 0.0000 +-    0.00000 mb

 E_cm =     55.0 GeV  Q^2 =  66.9 GeV^2 :

 total                                    0.2121 +-    0.00000 mb
 elastic                                  0.0000 +-    0.00000 mb
 quasi-elastic (A+B-->A+X)                0.0000 +-    0.00000 mb
 quasi-elastic (A+B-->X+B)                0.0000 +-    0.00000 mb
 quasi-elastic (A+B-->X, excl. 2-4)       0.0000 +-    0.00000 mb
 production                               0.0000 +-    0.00000 mb
 diff-el                                  0.0000 +-    0.00000 mb
 diff-qel                                 0.0000 +-    0.00000 mb

 E_cm =     55.0 GeV  Q^2 = 447.2 GeV^2 :

 total                                    0.0205 +-    0.00000 mb
 elastic                                  0.0000 +-    0.00000 mb
 quasi-elastic (A+B-->A+X)                0.0000 +-    0.00000 mb
 quasi-elastic (A+B-->X+B)                0.0000 +-    0.00000 mb
 quasi-elastic (A+B-->X, excl. 2-4)       0.0000 +-    0.00000 mb
 production                               0.0000 +-    0.00000 mb
 diff-el                                  0.0000 +-    0.00000 mb
 diff-qel                                 0.0000 +-    0.00000 mb

 E_cm =     55.0 GeV  Q^2 =2990.7 GeV^2 :

 total                                    0.0010 +-    0.00000 mb
 elastic                                  0.0000 +-    0.00000 mb
 quasi-elastic (A+B-->A+X)                0.0000 +-    0.00000 mb
 quasi-elastic (A+B-->X+B)                0.0000 +-    0.00000 mb
 quasi-elastic (A+B-->X, excl. 2-4)       0.0000 +-    0.00000 mb
 production                               0.0000 +-    0.00000 mb
 diff-el                                  0.0000 +-    0.00000 mb
 diff-qel                                 0.0000 +-    0.00000 mb

 E_cm =     55.0 GeV  Q^2 =****** GeV^2 :

 total                                    0.0000 +-    0.00000 mb
 elastic                                  0.0000 +-    0.00000 mb
 quasi-elastic (A+B-->A+X)                0.0000 +-    0.00000 mb
 quasi-elastic (A+B-->X+B)                0.0000 +-    0.00000 mb
 quasi-elastic (A+B-->X, excl. 2-4)       0.0000 +-    0.00000 mb
 production                               0.0000 +-    0.00000 mb
 diff-el                                  0.0000 +-    0.00000 mb
 diff-qel                                 0.0000 +-    0.00000 mb

 E_cm =     89.4 GeV  Q^2 =  10.0 GeV^2 :

 total                                    1.9336 +-    0.00000 mb
 elastic                                  0.0000 +-    0.00000 mb
 quasi-elastic (A+B-->A+X)                0.0000 +-    0.00000 mb
 quasi-elastic (A+B-->X+B)                0.0000 +-    0.00000 mb
 quasi-elastic (A+B-->X, excl. 2-4)       0.0000 +-    0.00000 mb
 production                               0.0000 +-    0.00000 mb
 diff-el                                  0.0000 +-    0.00000 mb
 diff-qel                                 0.0000 +-    0.00000 mb

 E_cm =     89.4 GeV  Q^2 =  66.9 GeV^2 :

 total                                    0.2770 +-    0.00000 mb
 elastic                                  0.0000 +-    0.00000 mb
 quasi-elastic (A+B-->A+X)                0.0000 +-    0.00000 mb
 quasi-elastic (A+B-->X+B)                0.0000 +-    0.00000 mb
 quasi-elastic (A+B-->X, excl. 2-4)       0.0000 +-    0.00000 mb
 production                               0.0000 +-    0.00000 mb
 diff-el                                  0.0000 +-    0.00000 mb
 diff-qel                                 0.0000 +-    0.00000 mb

 E_cm =     89.4 GeV  Q^2 = 447.2 GeV^2 :

 total                                    0.0264 +-    0.00000 mb
 elastic                                  0.0000 +-    0.00000 mb
 quasi-elastic (A+B-->A+X)                0.0000 +-    0.00000 mb
 quasi-elastic (A+B-->X+B)                0.0000 +-    0.00000 mb
 quasi-elastic (A+B-->X, excl. 2-4)       0.0000 +-    0.00000 mb
 production                               0.0000 +-    0.00000 mb
 diff-el                                  0.0000 +-    0.00000 mb
 diff-qel                                 0.0000 +-    0.00000 mb

 E_cm =     89.4 GeV  Q^2 =2990.7 GeV^2 :

 total                                    0.0022 +-    0.00000 mb
 elastic                                  0.0000 +-    0.00000 mb
 quasi-elastic (A+B-->A+X)                0.0000 +-    0.00000 mb
 quasi-elastic (A+B-->X+B)                0.0000 +-    0.00000 mb
 quasi-elastic (A+B-->X, excl. 2-4)       0.0000 +-    0.00000 mb
 production                               0.0000 +-    0.00000 mb
 diff-el                                  0.0000 +-    0.00000 mb
 diff-qel                                 0.0000 +-    0.00000 mb

 E_cm =     89.4 GeV  Q^2 =****** GeV^2 :

 total                                    0.0000 +-    0.00000 mb
 elastic                                  0.0000 +-    0.00000 mb
 quasi-elastic (A+B-->A+X)                0.0000 +-    0.00000 mb
 quasi-elastic (A+B-->X+B)                0.0000 +-    0.00000 mb
 quasi-elastic (A+B-->X, excl. 2-4)       0.0000 +-    0.00000 mb
 production                               0.0000 +-    0.00000 mb
 diff-el                                  0.0000 +-    0.00000 mb
 diff-qel                                 0.0000 +-    0.00000 mb
         Sigma_tot (max) =   1.934 mb
  
 DT_LAEVT: Initializing event loop
 Determining Pythia/Rapgap subevent type (ep vs en)
  
 DT_LAEVT: ITMODE=0 (Default) selected.
 Sequential Mode:           61  en sub-collisions.
     followed by:           39  ep sub-collisions.
  for a total of:          100  sub-collisions.


 NCLPOT:    quantities for inclusion of nuclear effects
            -------------------------------------------

                                      projectile      target

 Mass number / charge                   1 /  1      197 / 79
 Binding energy  - proton   (GeV)     0.0000E+00    0.5768E-02
                 - neutron  (GeV)     0.0000E+00    0.8071E-02
 Fermi-potential - proton   (GeV)     0.0000E+00    0.1766E-01
                 - neutron  (GeV)     0.0000E+00    0.2298E-01

 Scale factor for Fermi-momentum    0.62

 Coulomb-energy     0.0000E+00 GeV      0.1295E-01 GeV  



 FER4M:   sampling of Fermi-momenta activated
 SCLFAC: 3A/(4piR^3)=  0.18109879986016778      nucleons/fm^3
 SCLFAC: A=         197  Nuclear density at origin:   0.16934487909490828      nucleons/fm^3

 FOZOCA:  intranuclear cascade treated for a maximum of  25 generations
          formation time parameter:  9.0  fm/c         modus: 1
          p_t dependent formation zone

 KKINC: Event           8 rejected in DT_FICONF.
 KKEVNT: Old Q2,y:   10.304171917671681        6.4590139822904930E-002 Rerolling.
  
        9 events sampled
          10  events output done
       19 events sampled
          20  events output done
 KKINC: Event          25 rejected in DT_FICONF.
 KKEVNT: Old Q2,y:   88.774391738580476       0.32198108603659437      Rerolling.
  
       29 events sampled
          30  events output done
 KKINC: Event          32 rejected in DT_FICONF.
 KKEVNT: Old Q2,y:   10.807579291939609        9.5852195767563847E-002 Rerolling.
  
 KKINC: Event          33 rejected in DT_FICONF.
 KKEVNT: Old Q2,y:   10.602425456913656       0.60165862322856245      Rerolling.
  
       39 events sampled
          40  events output done
       49 events sampled
          50  events output done
       59 events sampled
          60  events output done
 ===================================================
 FROM PYTHIA (1st half: en collisions):
 Pythia total cross section normalisation:   4.4438004193617819E-002  microbarn
 Total Number of generated events pythia          65
 ===================================================
 Actual totals from BeAGLE so far:
 Total Number of generated events          61
 Total Number of trials          65
 ===================================================

 ===== PDFSTA statistics for PDF under/over-flows ====

 ====== STRUCTM statistics for nucleon/pion PDFs =====

   total # of calls    5497.0000000000000     
   X  below PDF min    0.0000000000000000       or    0.0000000000000000       %
   X  above PDF max    0.0000000000000000       or    0.0000000000000000       %
   Q2 below PDF min    0.0000000000000000       or    0.0000000000000000       %
   Q2 above PDF max    0.0000000000000000       or    0.0000000000000000       %

 ========= STRUCTP statistics for photon PDFs ========

   total # of calls    0.0000000000000000     

1****************** PYINIT: initialization of PYTHIA routines *****************
 ==== PYTHIA WILL USE LHAPDF ====
 Strong coupling at Mz for PDF is:  0.12978

 ==============================================================================
 I                                                                            I
 I      PYTHIA will be initialized for gamma/e- on p+ user configuration      I
 I                                                                            I
 I                  px (GeV/c)   py (GeV/c)   pz (GeV/c)      E (GeV)         I
 I        gamma/e-       0.000        0.000      -18.000       18.000         I
 I        p+             0.000        0.000      110.843      110.847         I
 I                                                                            I
 I           corresponding to     89.340 GeV center-of-mass energy            I
 I                                                                            I
 ==============================================================================

 ******** PYMAXI: summary of differential cross-section maximum search ********

           ==========================================================
           I                                      I                 I
           I  ISUB  Subprocess name               I  Maximum value  I
           I                                      I                 I
           ==========================================================
           I                                      I                 I
           I   91   Elastic scattering            I    4.3893D-03   I
           I   92   Single diffractive (XB)       I    3.2579D-03   I
           I   93   Single diffractive (AX)       I    2.6573D-03   I
           I   94   Double  diffractive           I    2.6032D-03   I
           I   95   Low-pT scattering             I    1.9421D-02   I
           I   96   Semihard QCD 2 -> 2           I    1.8729D-01   I
           I                                      I                 I
           ==========================================================

 ******** PYMAXI: summary of differential cross-section maximum search ********

           ==========================================================
           I                                      I                 I
           I  ISUB  Subprocess name               I  Maximum value  I
           I                                      I                 I
           ==========================================================
           I                                      I                 I
           I  131   f + gamma*_T -> f + g         I    1.3241D-03   I
           I  132   f + gamma*_L -> f + g         I    7.1323D-05   I
           I  135   g + gamma*_T -> f + fbar      I    6.0122D-03   I
           I  136   g + gamma*_L -> f + fbar      I    1.0530D-03   I
           I                                      I                 I
           ==========================================================

 ******** PYMAXI: summary of differential cross-section maximum search ********

           ==========================================================
           I                                      I                 I
           I  ISUB  Subprocess name               I  Maximum value  I
           I                                      I                 I
           ==========================================================
           I                                      I                 I
           I   91   Elastic scattering            I    1.1340D-03   I
           I   92   Single diffractive (XB)       I    8.5802D-04   I
           I   93   Single diffractive (AX)       I    6.7973D-04   I
           I   94   Double  diffractive           I    6.8090D-04   I
           I   95   Low-pT scattering             I    5.4025D-03   I
           I   96   Semihard QCD 2 -> 2           I    1.2967D-01   I
           I                                      I                 I
           ==========================================================

 ******** PYMAXI: summary of differential cross-section maximum search ********

           ==========================================================
           I                                      I                 I
           I  ISUB  Subprocess name               I  Maximum value  I
           I                                      I                 I
           ==========================================================
           I                                      I                 I
           I   99   q + gamma* -> q               I    2.0557D-02   I
           I                                      I                 I
           ==========================================================

 ********************** PYINIT: initialization completed **********************
       69 events sampled
          70  events output done
 KKINC: Event          77 rejected in DT_FICONF.
 KKEVNT: Old Q2,y:   19.308651727471432        9.6202086848037952E-002 Rerolling.
  
 KKINC: Event          78 rejected in DT_FICONF.
 KKEVNT: Old Q2,y:   19.934764021704442        2.3037134125730840E-002 Rerolling.
  
       79 events sampled
          80  events output done
       89 events sampled
          90  events output done
       99 events sampled
         100  events output done
1********* PYSTAT:  Statistics on Number of Events and Cross-sections *********

 ==============================================================================
 I                                  I                            I            I
 I            Subprocess            I      Number of points      I    Sigma   I
 I                                  I                            I            I
 I----------------------------------I----------------------------I    (mb)    I
 I                                  I                            I            I
 I N:o Type                         I    Generated         Tried I            I
 I                                  I                            I            I
 ==============================================================================
 I                                  I                            I            I
 I   0 All included subprocesses    I           41         29668 I  4.724D-05 I
 I  11 f + f' -> f + f' (QCD)       I            0             0 I  0.000D+00 I
 I  12 f + fbar -> f' + fbar'       I            0             0 I  0.000D+00 I
 I  13 f + fbar -> g + g            I            0             0 I  0.000D+00 I
 I  28 f + g -> f + g               I            0             0 I  0.000D+00 I
 I  53 g + g -> f + fbar            I            0             0 I  0.000D+00 I
 I  68 g + g -> g + g               I            0             0 I  0.000D+00 I
 I  91 Elastic scattering           I            0          3557 I  5.895D-07 I
 I  92 Single diffractive (XB)      I            1          2769 I  2.380D-07 I
 I  93 Single diffractive (AX)      I            2          2156 I  2.465D-07 I
 I  94 Double  diffractive          I            0          2649 I  2.086D-07 I
 I  95 Low-pT scattering            I            2         14826 I  1.648D-06 I
 I  99 q + gamma* -> q              I           36         13410 I  4.431D-05 I
 I 131 f + gamma*_T -> f + g        I            0          1096 I  0.000D+00 I
 I 132 f + gamma*_L -> f + g        I            0            13 I  0.000D+00 I
 I 135 g + gamma*_T -> f + fbar     I            0          3478 I  0.000D+00 I
 I 136 g + gamma*_L -> f + fbar     I            0           540 I  0.000D+00 I
 I                                  I                            I            I
 ==============================================================================
 I                                  I                            I            I
 I   1 VMD * hadron                 I            0          8850 I  0.000D+00 I
 I   2 direct * hadron              I            0          5127 I  0.000D+00 I
 I   3 anomalous * hadron           I            5          2281 I  2.931D-06 I
 I   4 DIS * hadron                 I           36         13410 I  4.431D-05 I
 I                                  I                            I            I
 ==============================================================================

 ********* Total number of errors, excluding junctions =        0 *************
 ********* Total number of errors, including junctions =        0 *************
 ********* Total number of warnings =                           0 *************
 ********* Fraction of events that fail fragmentation cuts =  0.00000 *********

1************ PYSTAT: User-Defined Limits on Kinematical Variables ************

 ==============================================================================
 I                                                                            I
 I                 0.000D+00 <  m_hard (GeV/c^2)  <  1.723D+01                I
 I    0.000D+00 ( 1.000D+00) <  p_T_hard (GeV/c)  <  8.616D+00                I
 I                             m_finite (GeV/c^2) =  1.000D+00                I
 I                -1.000D+01 <    y*_subsystem    <  1.000D+01                I
 I                -4.000D+01 <      y*_large      <  4.000D+01                I
 I                -4.000D+01 <      y*_small      <  4.000D+01                I
 I                -4.000D+01 <     eta*_large     <  4.000D+01                I
 I                -4.000D+01 <     eta*_small     <  4.000D+01                I
 I                -1.000D+00 < cos(theta*)_large  <  1.000D+00                I
 I                -1.000D+00 < cos(theta*)_small  <  1.000D+00                I
 I                 0.000D+00 <        x_1         <  1.000D+00                I
 I                 0.000D+00 <        x_2         <  1.000D+00                I
 I                -1.000D+00 <        x_F         <  1.000D+00                I
 I                -1.000D+00 <  cos(theta_hard)   <  1.000D+00                I
 I                 2.000D+00 < m'_hard (GeV/c^2)  <  1.723D+01                I
 I                                                                            I
 ==============================================================================
 The charm mass used is:    1.5000000000000000     
 ===================================================
 FROM PYTHIA (2nd half: ep collisions):
 Pythia total cross section normalisation:   4.7244021082202360E-002  microbarn
 Total Number of generated events pythia          41
 ===================================================
 Actual totals from BeAGLE:
 Total Number of generated events         100
 Total Number of trials         106
 ===================================================

 ===== PDFSTA statistics for PDF under/over-flows ====

 ====== STRUCTM statistics for nucleon/pion PDFs =====

   total # of calls    8322.0000000000000     
   X  below PDF min    0.0000000000000000       or    0.0000000000000000       %
   X  above PDF max    0.0000000000000000       or    0.0000000000000000       %
   Q2 below PDF min    0.0000000000000000       or    0.0000000000000000       %
   Q2 above PDF max    0.0000000000000000       or    0.0000000000000000       %

 ========= STRUCTP statistics for photon PDFs ========

   total # of calls    0.0000000000000000     


 HISTAT:              statistics - intranuclear cascade
                      ---------------------------------

 no. of events for normalization: (accepted final events, evt)       100
                                  (events before evap.-step, evt1)   100
 no. of rejected events due to intranuclear cascade                    0

 no. of wounded nucl. in proj./ target (mean per evt)       0.00 /  3.17
 no. of particles unable to escape proj./ target (mean per evt)
        baryons:  pos.   0.000 /  1.670   neg.   0.000 /  0.000
        mesons:   pos.   0.000 /  0.000   neg.   0.000 /  0.000
 maximum no. of generations treated (maximum allowed:  25)
                                           (mean per evt)       1.40
 no. of sec. interactions in proj./ target (mean per evt1)  0.000 /  2.980
        out of which by inelastic interactions              0.000 /  0.530
                     by elastic interactions                0.000 /  2.240
                     by absorption (ap, K-, pi- only)       0.000 /  0.210


 HISTAT:              statistics - residual nuclei, evaporation
                      -----------------------------------------

 no. of events for normal.: (events handled by FICONF, evt)          100
                            (events passing the evap.-step, evt1)    100
 no. of rejected events     (   0,   0,   0)                           0


                      1) before evaporation-step:

 residual nuclei:  (mean values per evt)            proj. / target

        total number of particles                   0.000  194.500
        out of which: protons                       0.000   77.960
                      neutrons                      0.000  116.520
                      baryons                       0.000    0.020
                      pos. baryons                  0.000    0.000
        total charge                                0.000   77.960

        excitation energy (bef. evap.-step)     0.000E+00  0.709E-01
        excitation energy per nucleon           0.000E+00  0.368E-03


                      2) after  evaporation-step:

 Fission:             not requested
 Fermi-Break-up:      requested    
 Gamma-deexcitation:  requested    

 evaporation/deexcitation:  (mean values per evt1)  proj. / target

        total number of evap. particles             0.000    6.340
        out of which: protons                       0.000    0.060
                      neutrons                      0.000    6.000
                      deuterons                     0.000    0.050
                      3-H                           0.000    0.000
                      3-He                          0.000    0.000
                      4-He                          0.000    0.230
        nucl. deexcit. gammas                       0.000    4.530
        heavy fragments                             0.000    1.010


 HIMULT:                     particle - statistics
                             ---------------------

 fast/grey/black: EMU-def.

 particle    |            average multiplicity
             |     total         fast       grey     black    <pt>     f(1.7)
 ------------+---------------------------------------------------------------
 P          1|      1.510000     1.440000  0.06000  0.01000  0.39310  0.48687
 AP         2|      0.240000     0.170000  0.07000  0.00000  0.81853  0.00137
 E-         3|      1.040000     1.040000  0.00000  0.00000  4.02523  0.01663
 E+         4|      0.040000     0.040000  0.00000  0.00000  0.06177  0.00000
 NUE        5|      0.000000     0.000000  0.00000  0.00000  0.00000  0.00000
 ANUE       6|      0.000000     0.000000  0.00000  0.00000  0.00000  0.00000
 GAM        7|     13.840000    13.840000  0.00000  0.00000  0.16123  0.01980
 NEU        8|      7.440000     7.400000  0.04000  0.00000  0.10125  3.59707
 ANEU       9|      0.150000     0.120000  0.03000  0.00000  0.50356  0.00029
 MUE+      10|      0.000000     0.000000  0.00000  0.00000  0.00000  0.00000
 MUE-      11|      0.020000     0.020000  0.00000  0.00000  0.80917  0.00000
 K0L       12|      0.370000     0.340000  0.03000  0.00000  0.67036  0.00277
 PI+       13|      3.680000     3.600000  0.07000  0.01000  0.48148  0.01872
 PI-       14|      3.910000     3.810000  0.09000  0.01000  0.43070  0.02808
 K+        15|      0.450000     0.420000  0.03000  0.00000  0.66031  0.00117
 K-        16|      0.370000     0.340000  0.03000  0.00000  0.72743  0.00160
 LAM       17|      0.000000     0.000000  0.00000  0.00000  0.00000  0.00000
 ALAM      18|      0.000000     0.000000  0.00000  0.00000  0.00000  0.00000
 K0S       19|      0.000000     0.000000  0.00000  0.00000  0.00000  0.00000
 SIGM-     20|      0.000000     0.000000  0.00000  0.00000  0.00000  0.00000
 SIGM+     21|      0.000000     0.000000  0.00000  0.00000  0.00000  0.00000
 SIGM0     22|      0.000000     0.000000  0.00000  0.00000  0.00000  0.00000
 PI0       23|      0.000000     0.000000  0.00000  0.00000  0.00000  0.00000
 K0        24|      0.000000     0.000000  0.00000  0.00000  0.00000  0.00000
 AK0       25|      0.000000     0.000000  0.00000  0.00000  0.00000  0.00000
 BLANK     26|      5.580000     5.380000  0.19000  0.01000  1.13836  0.04769
 BLANK     27|     11.260000    10.880000  0.35000  0.03000  0.80081  0.55445
 BLANK     28|      0.000000     0.000000  0.00000  0.00000  0.00000  0.00000
 BLANK     29|      0.000000     0.000000  0.00000  0.00000  0.00000  0.00000
 BLANK     30|     33.060000    32.580000  0.45000  0.03000  0.37282  4.17438
 ETA550    31|      0.000000     0.000000  0.00000  0.00000  0.00000  0.00000
 RHO+77    32|      0.000000     0.000000  0.00000  0.00000  0.00000  0.00000
 RHO077    33|      0.000000     0.000000  0.00000  0.00000  0.00000  0.00000
 RHO-77    34|      0.000000     0.000000  0.00000  0.00000  0.00000  0.00000
 OM0783    35|      0.000000     0.000000  0.00000  0.00000  0.00000  0.00000
 K*+892    36|      0.000000     0.000000  0.00000  0.00000  0.00000  0.00000
 K*0892    37|      0.000000     0.000000  0.00000  0.00000  0.00000  0.00000
 K*-892    38|      0.000000     0.000000  0.00000  0.00000  0.00000  0.00000
 AK*089    39|      0.000000     0.000000  0.00000  0.00000  0.00000  0.00000
 KA+125    40|      0.000000     0.000000  0.00000  0.00000  0.00000  0.00000
 KA0125    41|      0.000000     0.000000  0.00000  0.00000  0.00000  0.00000
 KA-125    42|      0.000000     0.000000  0.00000  0.00000  0.00000  0.00000
 AKA012    43|      0.000000     0.000000  0.00000  0.00000  0.00000  0.00000
 K*+142    44|      0.000000     0.000000  0.00000  0.00000  0.00000  0.00000
 K*0142    45|      0.000000     0.000000  0.00000  0.00000  0.00000  0.00000
 K*-142    46|      0.000000     0.000000  0.00000  0.00000  0.00000  0.00000
 AK*014    47|      0.000000     0.000000  0.00000  0.00000  0.00000  0.00000
 S+1385    48|      0.000000     0.000000  0.00000  0.00000  0.00000  0.00000
 S01385    49|      0.000000     0.000000  0.00000  0.00000  0.00000  0.00000
 S-1385    50|      0.000000     0.000000  0.00000  0.00000  0.00000  0.00000
 L01820    51|      0.000000     0.000000  0.00000  0.00000  0.00000  0.00000
 L02030    52|      0.000000     0.000000  0.00000  0.00000  0.00000  0.00000
 N*++12    53|      0.000000     0.000000  0.00000  0.00000  0.00000  0.00000
 N*+ 12    54|      0.000000     0.000000  0.00000  0.00000  0.00000  0.00000
 N*012     55|      0.000000     0.000000  0.00000  0.00000  0.00000  0.00000
 N*-12     56|      0.000000     0.000000  0.00000  0.00000  0.00000  0.00000
 N*++16    57|      0.000000     0.000000  0.00000  0.00000  0.00000  0.00000
 N*+16     58|      0.000000     0.000000  0.00000  0.00000  0.00000  0.00000
 N*016     59|      0.000000     0.000000  0.00000  0.00000  0.00000  0.00000
 N*-16     60|      0.000000     0.000000  0.00000  0.00000  0.00000  0.00000
 N*+14     61|      0.000000     0.000000  0.00000  0.00000  0.00000  0.00000
 N*014     62|      0.000000     0.000000  0.00000  0.00000  0.00000  0.00000
 N*+15     63|      0.000000     0.000000  0.00000  0.00000  0.00000  0.00000
 N*015     64|      0.000000     0.000000  0.00000  0.00000  0.00000  0.00000
 N*+18     65|      0.000000     0.000000  0.00000  0.00000  0.00000  0.00000
 N*018     66|      0.000000     0.000000  0.00000  0.00000  0.00000  0.00000
 AN--12    67|      0.000000     0.000000  0.00000  0.00000  0.00000  0.00000
 AN*-12    68|      0.000000     0.000000  0.00000  0.00000  0.00000  0.00000
 AN*012    69|      0.000000     0.000000  0.00000  0.00000  0.00000  0.00000
 AN*+12    70|      0.000000     0.000000  0.00000  0.00000  0.00000  0.00000
 AN--16    71|      0.000000     0.000000  0.00000  0.00000  0.00000  0.00000
 AN*-16    72|      0.000000     0.000000  0.00000  0.00000  0.00000  0.00000
 AN*016    73|      0.000000     0.000000  0.00000  0.00000  0.00000  0.00000
 AN*+16    74|      0.000000     0.000000  0.00000  0.00000  0.00000  0.00000
 AN*-15    75|      0.000000     0.000000  0.00000  0.00000  0.00000  0.00000
 AN*015    76|      0.000000     0.000000  0.00000  0.00000  0.00000  0.00000
 DE*=24    77|      0.000000     0.000000  0.00000  0.00000  0.00000  0.00000
 RPI+49    78|      0.000000     0.000000  0.00000  0.00000  0.00000  0.00000
 RPI049    79|      0.000000     0.000000  0.00000  0.00000  0.00000  0.00000
 RPI-49    80|      0.000000     0.000000  0.00000  0.00000  0.00000  0.00000
 PIN++     81|      0.000000     0.000000  0.00000  0.00000  0.00000  0.00000
 PIN+0     82|      0.000000     0.000000  0.00000  0.00000  0.00000  0.00000
 PIN+-     83|      0.000000     0.000000  0.00000  0.00000  0.00000  0.00000
 PIN-0     84|      0.000000     0.000000  0.00000  0.00000  0.00000  0.00000
 PPPI      85|      0.000000     0.000000  0.00000  0.00000  0.00000  0.00000
 PNPI      86|      0.000000     0.000000  0.00000  0.00000  0.00000  0.00000
 APPPI     87|      0.000000     0.000000  0.00000  0.00000  0.00000  0.00000
 APNPI     88|      0.000000     0.000000  0.00000  0.00000  0.00000  0.00000
 K+PPI     89|      0.000000     0.000000  0.00000  0.00000  0.00000  0.00000
 K-PPI     90|      0.000000     0.000000  0.00000  0.00000  0.00000  0.00000
 K+NPI     91|      0.000000     0.000000  0.00000  0.00000  0.00000  0.00000
 K-NPI     92|      0.000000     0.000000  0.00000  0.00000  0.00000  0.00000
 S+1820    93|      0.000000     0.000000  0.00000  0.00000  0.00000  0.00000
 S-2030    94|      0.000000     0.000000  0.00000  0.00000  0.00000  0.00000
 ETA*      95|      0.000000     0.000000  0.00000  0.00000  0.00000  0.00000
 PHI       96|      0.000000     0.000000  0.00000  0.00000  0.00000  0.00000
 TETA0     97|      0.000000     0.000000  0.00000  0.00000  0.00000  0.00000
 TETA-     98|      0.000000     0.000000  0.00000  0.00000  0.00000  0.00000
 ASIG-     99|      0.000000     0.000000  0.00000  0.00000  0.00000  0.00000
 ASIG0    100|      0.000000     0.000000  0.00000  0.00000  0.00000  0.00000
 ASIG+    101|      0.000000     0.000000  0.00000  0.00000  0.00000  0.00000
 ATETA0   102|      0.000000     0.000000  0.00000  0.00000  0.00000  0.00000
 ATETA+   103|      0.000000     0.000000  0.00000  0.00000  0.00000  0.00000
 SIG*+    104|      0.000000     0.000000  0.00000  0.00000  0.00000  0.00000
 SIG*0    105|      0.000000     0.000000  0.00000  0.00000  0.00000  0.00000
 SIG*-    106|      0.000000     0.000000  0.00000  0.00000  0.00000  0.00000
 TETA*0   107|      0.000000     0.000000  0.00000  0.00000  0.00000  0.00000
 TETA*    108|      0.000000     0.000000  0.00000  0.00000  0.00000  0.00000
 OMEGA-   109|      0.000000     0.000000  0.00000  0.00000  0.00000  0.00000
 ASIG*-   110|      0.000000     0.000000  0.00000  0.00000  0.00000  0.00000
 ASIG*0   111|      0.000000     0.000000  0.00000  0.00000  0.00000  0.00000
 ASIG*+   112|      0.000000     0.000000  0.00000  0.00000  0.00000  0.00000
 ATET*0   113|      0.000000     0.000000  0.00000  0.00000  0.00000  0.00000
 ATET*+   114|      0.000000     0.000000  0.00000  0.00000  0.00000  0.00000
 OMEGA+   115|      0.000000     0.000000  0.00000  0.00000  0.00000  0.00000
 DEUTERON 116|      0.050000     0.050000  0.00000  0.00000  0.17002  0.08626
 3-H      117|      0.000000     0.000000  0.00000  0.00000  0.00000  0.00000
 3-HE     118|      0.000000     0.000000  0.00000  0.00000  0.00000  0.00000
 4-HE     119|      0.230000     0.230000  0.00000  0.00000  0.26568  1.18651
STOP        0.00      0.00      0.00      0.00      0.00      0.00            
